<?xml version="1.0" encoding="UTF-8"?>
<coverage generated="1563472163710" clover="3.2.0">
  <project timestamp="1563472163710" name="All files">
    <metrics statements="1960" coveredstatements="176" conditionals="823" coveredconditionals="2" methods="244" coveredmethods="5" elements="3027" coveredelements="183" complexity="0" loc="1960" ncloc="1960" packages="1" files="1" classes="1"/>
    <file name="BookReader.js" path="/home/shubham/Github/bookreader/BookReader/BookReader.js">
      <metrics statements="1960" coveredstatements="176" conditionals="823" coveredconditionals="2" methods="244" coveredmethods="5"/>
      <line num="23" count="1" type="stmt"/>
      <line num="32" count="0" type="cond" truecount="0" falsecount="2"/>
      <line num="33" count="0" type="stmt"/>
      <line num="34" count="0" type="stmt"/>
      <line num="37" count="1" type="stmt"/>
      <line num="40" count="1" type="stmt"/>
      <line num="41" count="1" type="stmt"/>
      <line num="42" count="1" type="stmt"/>
      <line num="45" count="1" type="stmt"/>
      <line num="53" count="1" type="stmt"/>
      <line num="188" count="1" type="stmt"/>
      <line num="195" count="1" type="stmt"/>
      <line num="197" count="0" type="stmt"/>
      <line num="200" count="0" type="stmt"/>
      <line num="201" count="0" type="stmt"/>
      <line num="202" count="0" type="stmt"/>
      <line num="205" count="0" type="stmt"/>
      <line num="206" count="0" type="stmt"/>
      <line num="207" count="0" type="stmt"/>
      <line num="208" count="0" type="stmt"/>
      <line num="209" count="0" type="stmt"/>
      <line num="210" count="0" type="stmt"/>
      <line num="211" count="0" type="stmt"/>
      <line num="213" count="0" type="stmt"/>
      <line num="214" count="0" type="stmt"/>
      <line num="215" count="0" type="stmt"/>
      <line num="216" count="0" type="stmt"/>
      <line num="217" count="0" type="stmt"/>
      <line num="218" count="0" type="stmt"/>
      <line num="220" count="0" type="stmt"/>
      <line num="221" count="0" type="stmt"/>
      <line num="222" count="0" type="stmt"/>
      <line num="224" count="0" type="stmt"/>
      <line num="225" count="0" type="stmt"/>
      <line num="226" count="0" type="stmt"/>
      <line num="227" count="0" type="stmt"/>
      <line num="228" count="0" type="stmt"/>
      <line num="236" count="0" type="stmt"/>
      <line num="237" count="0" type="stmt"/>
      <line num="238" count="0" type="stmt"/>
      <line num="239" count="0" type="stmt"/>
      <line num="241" count="0" type="stmt"/>
      <line num="242" count="0" type="stmt"/>
      <line num="243" count="0" type="stmt"/>
      <line num="245" count="0" type="stmt"/>
      <line num="246" count="0" type="stmt"/>
      <line num="247" count="0" type="stmt"/>
      <line num="248" count="0" type="stmt"/>
      <line num="250" count="0" type="stmt"/>
      <line num="251" count="0" type="stmt"/>
      <line num="252" count="0" type="stmt"/>
      <line num="253" count="0" type="stmt"/>
      <line num="254" count="0" type="stmt"/>
      <line num="256" count="0" type="stmt"/>
      <line num="257" count="0" type="stmt"/>
      <line num="258" count="0" type="stmt"/>
      <line num="260" count="0" type="stmt"/>
      <line num="261" count="0" type="stmt"/>
      <line num="263" count="0" type="stmt"/>
      <line num="264" count="0" type="stmt"/>
      <line num="265" count="0" type="stmt"/>
      <line num="266" count="0" type="stmt"/>
      <line num="269" count="0" type="stmt"/>
      <line num="270" count="0" type="cond" truecount="0" falsecount="2"/>
      <line num="271" count="0" type="cond" truecount="0" falsecount="2"/>
      <line num="272" count="0" type="cond" truecount="0" falsecount="2"/>
      <line num="273" count="0" type="cond" truecount="0" falsecount="2"/>
      <line num="274" count="0" type="cond" truecount="0" falsecount="2"/>
      <line num="275" count="0" type="cond" truecount="0" falsecount="2"/>
      <line num="276" count="0" type="cond" truecount="0" falsecount="2"/>
      <line num="277" count="0" type="cond" truecount="0" falsecount="2"/>
      <line num="278" count="0" type="cond" truecount="0" falsecount="2"/>
      <line num="279" count="0" type="stmt"/>
      <line num="286" count="1" type="stmt"/>
      <line num="290" count="0" type="stmt"/>
      <line num="293" count="0" type="stmt"/>
      <line num="296" count="0" type="stmt"/>
      <line num="300" count="1" type="stmt"/>
      <line num="305" count="1" type="stmt"/>
      <line num="310" count="0" type="stmt"/>
      <line num="315" count="0" type="cond" truecount="0" falsecount="2"/>
      <line num="316" count="0" type="cond" truecount="0" falsecount="2"/>
      <line num="320" count="0" type="stmt"/>
      <line num="330" count="0" type="stmt"/>
      <line num="335" count="0" type="stmt"/>
      <line num="347" count="1" type="stmt"/>
      <line num="348" count="0" type="stmt"/>
      <line num="349" count="0" type="stmt"/>
      <line num="350" count="0" type="stmt"/>
      <line num="351" count="0" type="cond" truecount="0" falsecount="2"/>
      <line num="353" count="0" type="cond" truecount="0" falsecount="2"/>
      <line num="354" count="0" type="stmt"/>
      <line num="355" count="0" type="stmt"/>
      <line num="356" count="0" type="cond" truecount="0" falsecount="2"/>
      <line num="365" count="2" type="cond" truecount="1" falsecount="1"/>
      <line num="368" count="2" type="cond" truecount="1" falsecount="1"/>
      <line num="369" count="2" type="stmt"/>
      <line num="370" count="0" type="stmt"/>
      <line num="371" count="0" type="stmt"/>
      <line num="372" count="0" type="stmt"/>
      <line num="373" count="0" type="cond" truecount="0" falsecount="4"/>
      <line num="375" count="0" type="stmt"/>
      <line num="376" count="0" type="stmt"/>
      <line num="377" count="0" type="stmt"/>
      <line num="378" count="0" type="stmt"/>
      <line num="381" count="0" type="stmt"/>
      <line num="382" count="0" type="stmt"/>
      <line num="393" count="1" type="stmt"/>
      <line num="394" count="0" type="stmt"/>
      <line num="395" count="0" type="cond" truecount="0" falsecount="2"/>
      <line num="396" count="0" type="stmt"/>
      <line num="397" count="0" type="cond" truecount="0" falsecount="2"/>
      <line num="398" count="0" type="stmt"/>
      <line num="399" count="0" type="stmt"/>
      <line num="401" count="0" type="stmt"/>
      <line num="409" count="1" type="stmt"/>
      <line num="410" count="0" type="stmt"/>
      <line num="416" count="0" type="cond" truecount="0" falsecount="4"/>
      <line num="417" count="0" type="stmt"/>
      <line num="419" count="0" type="stmt"/>
      <line num="423" count="0" type="cond" truecount="0" falsecount="2"/>
      <line num="424" count="0" type="stmt"/>
      <line num="428" count="0" type="cond" truecount="0" falsecount="2"/>
      <line num="430" count="0" type="stmt"/>
      <line num="431" count="0" type="cond" truecount="0" falsecount="2"/>
      <line num="432" count="0" type="stmt"/>
      <line num="436" count="0" type="cond" truecount="0" falsecount="2"/>
      <line num="438" count="0" type="stmt"/>
      <line num="439" count="0" type="cond" truecount="0" falsecount="2"/>
      <line num="440" count="0" type="stmt"/>
      <line num="442" count="0" type="stmt"/>
      <line num="445" count="0" type="stmt"/>
      <line num="454" count="1" type="stmt"/>
      <line num="456" count="0" type="stmt"/>
      <line num="458" count="0" type="cond" truecount="0" falsecount="2"/>
      <line num="459" count="0" type="stmt"/>
      <line num="460" count="0" type="cond" truecount="0" falsecount="6"/>
      <line num="466" count="0" type="stmt"/>
      <line num="468" count="0" type="stmt"/>
      <line num="471" count="0" type="cond" truecount="0" falsecount="2"/>
      <line num="472" count="0" type="stmt"/>
      <line num="474" count="0" type="stmt"/>
      <line num="481" count="1" type="stmt"/>
      <line num="482" count="0" type="stmt"/>
      <line num="484" count="0" type="stmt"/>
      <line num="486" count="0" type="cond" truecount="0" falsecount="2"/>
      <line num="489" count="0" type="cond" truecount="0" falsecount="2"/>
      <line num="491" count="0" type="stmt"/>
      <line num="499" count="0" type="cond" truecount="0" falsecount="2"/>
      <line num="500" count="0" type="stmt"/>
      <line num="502" count="0" type="stmt"/>
      <line num="505" count="0" type="stmt"/>
      <line num="506" count="0" type="stmt"/>
      <line num="508" count="0" type="stmt"/>
      <line num="509" count="0" type="stmt"/>
      <line num="511" count="0" type="cond" truecount="0" falsecount="4"/>
      <line num="512" count="0" type="stmt"/>
      <line num="514" count="0" type="cond" truecount="0" falsecount="2"/>
      <line num="515" count="0" type="stmt"/>
      <line num="517" count="0" type="cond" truecount="0" falsecount="2"/>
      <line num="518" count="0" type="stmt"/>
      <line num="522" count="0" type="stmt"/>
      <line num="523" count="0" type="stmt"/>
      <line num="524" count="0" type="stmt"/>
      <line num="525" count="0" type="stmt"/>
      <line num="526" count="0" type="stmt"/>
      <line num="530" count="0" type="cond" truecount="0" falsecount="2"/>
      <line num="531" count="0" type="stmt"/>
      <line num="532" count="0" type="stmt"/>
      <line num="534" count="0" type="stmt"/>
      <line num="535" count="0" type="stmt"/>
      <line num="538" count="0" type="stmt"/>
      <line num="539" count="0" type="cond" truecount="0" falsecount="2"/>
      <line num="540" count="0" type="stmt"/>
      <line num="544" count="0" type="stmt"/>
      <line num="545" count="0" type="stmt"/>
      <line num="547" count="0" type="stmt"/>
      <line num="548" count="0" type="stmt"/>
      <line num="551" count="0" type="cond" truecount="0" falsecount="2"/>
      <line num="552" count="0" type="stmt"/>
      <line num="553" count="0" type="stmt"/>
      <line num="555" count="0" type="stmt"/>
      <line num="556" count="0" type="stmt"/>
      <line num="558" count="0" type="stmt"/>
      <line num="559" count="0" type="stmt"/>
      <line num="561" count="0" type="stmt"/>
      <line num="564" count="0" type="stmt"/>
      <line num="567" count="0" type="stmt"/>
      <line num="570" count="0" type="stmt"/>
      <line num="572" count="0" type="stmt"/>
      <line num="575" count="1" type="stmt"/>
      <line num="576" count="0" type="stmt"/>
      <line num="579" count="1" type="stmt"/>
      <line num="580" count="0" type="stmt"/>
      <line num="583" count="1" type="stmt"/>
      <line num="584" count="0" type="stmt"/>
      <line num="590" count="1" type="stmt"/>
      <line num="591" count="0" type="cond" truecount="0" falsecount="2"/>
      <line num="593" count="0" type="stmt"/>
      <line num="595" count="0" type="cond" truecount="0" falsecount="2"/>
      <line num="596" count="0" type="cond" truecount="0" falsecount="2"/>
      <line num="597" count="0" type="stmt"/>
      <line num="598" count="0" type="stmt"/>
      <line num="599" count="0" type="cond" truecount="0" falsecount="2"/>
      <line num="601" count="0" type="stmt"/>
      <line num="602" count="0" type="stmt"/>
      <line num="603" count="0" type="cond" truecount="0" falsecount="2"/>
      <line num="604" count="0" type="stmt"/>
      <line num="606" count="0" type="cond" truecount="0" falsecount="2"/>
      <line num="607" count="0" type="stmt"/>
      <line num="610" count="0" type="cond" truecount="0" falsecount="2"/>
      <line num="611" count="0" type="stmt"/>
      <line num="614" count="0" type="stmt"/>
      <line num="615" count="0" type="stmt"/>
      <line num="616" count="0" type="cond" truecount="0" falsecount="2"/>
      <line num="617" count="0" type="stmt"/>
      <line num="618" count="0" type="stmt"/>
      <line num="620" count="0" type="cond" truecount="0" falsecount="2"/>
      <line num="621" count="0" type="stmt"/>
      <line num="622" count="0" type="stmt"/>
      <line num="624" count="0" type="cond" truecount="0" falsecount="2"/>
      <line num="625" count="0" type="stmt"/>
      <line num="634" count="1" type="stmt"/>
      <line num="635" count="0" type="stmt"/>
      <line num="637" count="0" type="stmt"/>
      <line num="638" count="0" type="stmt"/>
      <line num="639" count="0" type="stmt"/>
      <line num="640" count="0" type="stmt"/>
      <line num="642" count="0" type="stmt"/>
      <line num="643" count="0" type="stmt"/>
      <line num="644" count="0" type="stmt"/>
      <line num="645" count="0" type="stmt"/>
      <line num="648" count="0" type="stmt"/>
      <line num="651" count="0" type="cond" truecount="0" falsecount="2"/>
      <line num="652" count="0" type="cond" truecount="0" falsecount="8"/>
      <line num="656" count="0" type="cond" truecount="0" falsecount="2"/>
      <line num="657" count="0" type="stmt"/>
      <line num="658" count="0" type="stmt"/>
      <line num="660" count="0" type="stmt"/>
      <line num="663" count="0" type="cond" truecount="0" falsecount="2"/>
      <line num="664" count="0" type="stmt"/>
      <line num="665" count="0" type="stmt"/>
      <line num="667" count="0" type="stmt"/>
      <line num="669" count="0" type="stmt"/>
      <line num="670" count="0" type="stmt"/>
      <line num="671" count="0" type="stmt"/>
      <line num="673" count="0" type="stmt"/>
      <line num="674" count="0" type="stmt"/>
      <line num="675" count="0" type="stmt"/>
      <line num="677" count="0" type="cond" truecount="0" falsecount="2"/>
      <line num="678" count="0" type="stmt"/>
      <line num="679" count="0" type="stmt"/>
      <line num="681" count="0" type="stmt"/>
      <line num="683" count="0" type="cond" truecount="0" falsecount="2"/>
      <line num="684" count="0" type="stmt"/>
      <line num="685" count="0" type="stmt"/>
      <line num="687" count="0" type="stmt"/>
      <line num="693" count="1" type="stmt"/>
      <line num="694" count="0" type="stmt"/>
      <line num="695" count="0" type="stmt"/>
      <line num="705" count="0" type="stmt"/>
      <line num="706" count="0" type="cond" truecount="0" falsecount="2"/>
      <line num="707" count="0" type="stmt"/>
      <line num="708" count="0" type="stmt"/>
      <line num="709" count="0" type="cond" truecount="0" falsecount="2"/>
      <line num="710" count="0" type="stmt"/>
      <line num="712" count="0" type="stmt"/>
      <line num="716" count="1" type="stmt"/>
      <line num="717" count="0" type="cond" truecount="0" falsecount="2"/>
      <line num="718" count="0" type="stmt"/>
      <line num="719" count="0" type="cond" truecount="0" falsecount="2"/>
      <line num="720" count="0" type="stmt"/>
      <line num="722" count="0" type="stmt"/>
      <line num="726" count="1" type="stmt"/>
      <line num="733" count="0" type="stmt"/>
      <line num="734" count="0" type="stmt"/>
      <line num="736" count="0" type="stmt"/>
      <line num="737" count="0" type="cond" truecount="0" falsecount="2"/>
      <line num="738" count="0" type="stmt"/>
      <line num="741" count="0" type="stmt"/>
      <line num="742" count="0" type="stmt"/>
      <line num="745" count="0" type="cond" truecount="0" falsecount="4"/>
      <line num="746" count="0" type="cond" truecount="0" falsecount="2"/>
      <line num="747" count="0" type="stmt"/>
      <line num="748" count="0" type="cond" truecount="0" falsecount="2"/>
      <line num="749" count="0" type="stmt"/>
      <line num="755" count="1" type="stmt"/>
      <line num="756" count="0" type="stmt"/>
      <line num="757" count="0" type="stmt"/>
      <line num="761" count="1" type="stmt"/>
      <line num="762" count="0" type="stmt"/>
      <line num="763" count="0" type="stmt"/>
      <line num="764" count="0" type="stmt"/>
      <line num="765" count="0" type="stmt"/>
      <line num="767" count="0" type="stmt"/>
      <line num="772" count="0" type="stmt"/>
      <line num="773" count="0" type="stmt"/>
      <line num="775" count="0" type="stmt"/>
      <line num="776" count="0" type="stmt"/>
      <line num="778" count="0" type="stmt"/>
      <line num="779" count="0" type="cond" truecount="0" falsecount="2"/>
      <line num="780" count="0" type="cond" truecount="0" falsecount="2"/>
      <line num="781" count="0" type="cond" truecount="0" falsecount="2"/>
      <line num="782" count="0" type="cond" truecount="0" falsecount="5"/>
      <line num="783" count="0" type="stmt"/>
      <line num="785" count="0" type="stmt"/>
      <line num="786" count="0" type="stmt"/>
      <line num="791" count="0" type="stmt"/>
      <line num="792" count="0" type="stmt"/>
      <line num="794" count="0" type="cond" truecount="0" falsecount="4"/>
      <line num="795" count="0" type="stmt"/>
      <line num="796" count="0" type="stmt"/>
      <line num="799" count="0" type="stmt"/>
      <line num="800" count="0" type="cond" truecount="0" falsecount="4"/>
      <line num="801" count="0" type="stmt"/>
      <line num="804" count="0" type="stmt"/>
      <line num="806" count="0" type="stmt"/>
      <line num="808" count="0" type="stmt"/>
      <line num="809" count="0" type="stmt"/>
      <line num="812" count="0" type="stmt"/>
      <line num="813" count="0" type="stmt"/>
      <line num="814" count="0" type="stmt"/>
      <line num="816" count="0" type="cond" truecount="0" falsecount="2"/>
      <line num="817" count="0" type="stmt"/>
      <line num="818" count="0" type="stmt"/>
      <line num="819" count="0" type="stmt"/>
      <line num="820" count="0" type="stmt"/>
      <line num="821" count="0" type="stmt"/>
      <line num="822" count="0" type="stmt"/>
      <line num="823" count="0" type="cond" truecount="0" falsecount="2"/>
      <line num="824" count="0" type="stmt"/>
      <line num="825" count="0" type="stmt"/>
      <line num="826" count="0" type="stmt"/>
      <line num="828" count="0" type="stmt"/>
      <line num="830" count="0" type="stmt"/>
      <line num="831" count="0" type="stmt"/>
      <line num="832" count="0" type="stmt"/>
      <line num="833" count="0" type="stmt"/>
      <line num="834" count="0" type="stmt"/>
      <line num="835" count="0" type="stmt"/>
      <line num="838" count="0" type="stmt"/>
      <line num="842" count="0" type="stmt"/>
      <line num="843" count="0" type="cond" truecount="0" falsecount="2"/>
      <line num="844" count="0" type="stmt"/>
      <line num="845" count="0" type="stmt"/>
      <line num="849" count="0" type="stmt"/>
      <line num="850" count="0" type="cond" truecount="0" falsecount="2"/>
      <line num="852" count="0" type="stmt"/>
      <line num="855" count="0" type="stmt"/>
      <line num="863" count="1" type="stmt"/>
      <line num="864" count="0" type="stmt"/>
      <line num="869" count="0" type="stmt"/>
      <line num="870" count="0" type="stmt"/>
      <line num="871" count="0" type="stmt"/>
      <line num="872" count="0" type="stmt"/>
      <line num="873" count="0" type="stmt"/>
      <line num="874" count="0" type="stmt"/>
      <line num="876" count="0" type="stmt"/>
      <line num="882" count="0" type="stmt"/>
      <line num="883" count="0" type="stmt"/>
      <line num="884" count="0" type="cond" truecount="0" falsecount="2"/>
      <line num="885" count="0" type="stmt"/>
      <line num="886" count="0" type="stmt"/>
      <line num="887" count="0" type="stmt"/>
      <line num="890" count="0" type="cond" truecount="0" falsecount="2"/>
      <line num="891" count="0" type="cond" truecount="0" falsecount="2"/>
      <line num="892" count="0" type="stmt"/>
      <line num="893" count="0" type="stmt"/>
      <line num="894" count="0" type="stmt"/>
      <line num="896" count="0" type="stmt"/>
      <line num="897" count="0" type="stmt"/>
      <line num="898" count="0" type="stmt"/>
      <line num="900" count="0" type="stmt"/>
      <line num="901" count="0" type="cond" truecount="0" falsecount="2"/>
      <line num="902" count="0" type="stmt"/>
      <line num="904" count="0" type="cond" truecount="0" falsecount="2"/>
      <line num="905" count="0" type="stmt"/>
      <line num="906" count="0" type="cond" truecount="0" falsecount="2"/>
      <line num="907" count="0" type="stmt"/>
      <line num="909" count="0" type="cond" truecount="0" falsecount="2"/>
      <line num="910" count="0" type="stmt"/>
      <line num="915" count="0" type="stmt"/>
      <line num="917" count="0" type="stmt"/>
      <line num="920" count="0" type="cond" truecount="0" falsecount="2"/>
      <line num="921" count="0" type="stmt"/>
      <line num="924" count="0" type="stmt"/>
      <line num="925" count="0" type="stmt"/>
      <line num="927" count="0" type="stmt"/>
      <line num="928" count="0" type="stmt"/>
      <line num="929" count="0" type="stmt"/>
      <line num="932" count="0" type="stmt"/>
      <line num="933" count="0" type="stmt"/>
      <line num="936" count="0" type="stmt"/>
      <line num="937" count="0" type="stmt"/>
      <line num="938" count="0" type="cond" truecount="0" falsecount="2"/>
      <line num="939" count="0" type="cond" truecount="0" falsecount="2"/>
      <line num="940" count="0" type="cond" truecount="0" falsecount="2"/>
      <line num="941" count="0" type="cond" truecount="0" falsecount="5"/>
      <line num="942" count="0" type="stmt"/>
      <line num="943" count="0" type="cond" truecount="0" falsecount="2"/>
      <line num="944" count="0" type="stmt"/>
      <line num="946" count="0" type="cond" truecount="0" falsecount="2"/>
      <line num="947" count="0" type="stmt"/>
      <line num="950" count="0" type="cond" truecount="0" falsecount="2"/>
      <line num="951" count="0" type="stmt"/>
      <line num="955" count="0" type="stmt"/>
      <line num="956" count="0" type="stmt"/>
      <line num="957" count="0" type="stmt"/>
      <line num="958" count="0" type="cond" truecount="0" falsecount="2"/>
      <line num="960" count="0" type="stmt"/>
      <line num="961" count="0" type="cond" truecount="0" falsecount="2"/>
      <line num="974" count="0" type="stmt"/>
      <line num="975" count="0" type="cond" truecount="0" falsecount="2"/>
      <line num="976" count="0" type="stmt"/>
      <line num="978" count="0" type="stmt"/>
      <line num="979" count="0" type="stmt"/>
      <line num="980" count="0" type="stmt"/>
      <line num="982" count="0" type="stmt"/>
      <line num="983" count="0" type="stmt"/>
      <line num="984" count="0" type="stmt"/>
      <line num="985" count="0" type="stmt"/>
      <line num="986" count="0" type="cond" truecount="0" falsecount="2"/>
      <line num="987" count="0" type="stmt"/>
      <line num="990" count="0" type="stmt"/>
      <line num="991" count="0" type="stmt"/>
      <line num="992" count="0" type="stmt"/>
      <line num="994" count="0" type="stmt"/>
      <line num="995" count="0" type="stmt"/>
      <line num="996" count="0" type="stmt"/>
      <line num="997" count="0" type="stmt"/>
      <line num="998" count="0" type="stmt"/>
      <line num="1001" count="0" type="stmt"/>
      <line num="1002" count="0" type="stmt"/>
      <line num="1003" count="0" type="stmt"/>
      <line num="1007" count="0" type="stmt"/>
      <line num="1008" count="0" type="cond" truecount="0" falsecount="4"/>
      <line num="1010" count="0" type="stmt"/>
      <line num="1012" count="0" type="stmt"/>
      <line num="1014" count="0" type="stmt"/>
      <line num="1015" count="0" type="stmt"/>
      <line num="1016" count="0" type="stmt"/>
      <line num="1018" count="0" type="stmt"/>
      <line num="1020" count="0" type="stmt"/>
      <line num="1022" count="0" type="stmt"/>
      <line num="1023" count="0" type="stmt"/>
      <line num="1025" count="0" type="stmt"/>
      <line num="1030" count="0" type="stmt"/>
      <line num="1037" count="0" type="stmt"/>
      <line num="1038" count="0" type="cond" truecount="0" falsecount="2"/>
      <line num="1039" count="0" type="stmt"/>
      <line num="1040" count="0" type="stmt"/>
      <line num="1041" count="0" type="stmt"/>
      <line num="1042" count="0" type="stmt"/>
      <line num="1048" count="0" type="stmt"/>
      <line num="1049" count="0" type="cond" truecount="0" falsecount="2"/>
      <line num="1050" count="0" type="stmt"/>
      <line num="1051" count="0" type="cond" truecount="0" falsecount="2"/>
      <line num="1052" count="0" type="stmt"/>
      <line num="1055" count="0" type="stmt"/>
      <line num="1058" count="0" type="stmt"/>
      <line num="1061" count="0" type="stmt"/>
      <line num="1063" count="0" type="stmt"/>
      <line num="1065" count="0" type="stmt"/>
      <line num="1068" count="1" type="stmt"/>
      <line num="1070" count="0" type="stmt"/>
      <line num="1072" count="0" type="stmt"/>
      <line num="1073" count="0" type="stmt"/>
      <line num="1075" count="0" type="stmt"/>
      <line num="1077" count="0" type="cond" truecount="0" falsecount="2"/>
      <line num="1079" count="0" type="stmt"/>
      <line num="1080" count="0" type="stmt"/>
      <line num="1085" count="1" type="stmt"/>
      <line num="1086" count="0" type="stmt"/>
      <line num="1087" count="0" type="stmt"/>
      <line num="1089" count="0" type="stmt"/>
      <line num="1092" count="0" type="stmt"/>
      <line num="1097" count="0" type="stmt"/>
      <line num="1101" count="0" type="stmt"/>
      <line num="1117" count="0" type="stmt"/>
      <line num="1119" count="0" type="stmt"/>
      <line num="1122" count="1" type="stmt"/>
      <line num="1123" count="0" type="stmt"/>
      <line num="1126" count="0" type="stmt"/>
      <line num="1127" count="0" type="stmt"/>
      <line num="1129" count="0" type="stmt"/>
      <line num="1130" count="0" type="stmt"/>
      <line num="1132" count="0" type="stmt"/>
      <line num="1133" count="0" type="stmt"/>
      <line num="1143" count="0" type="stmt"/>
      <line num="1146" count="0" type="stmt"/>
      <line num="1147" count="0" type="stmt"/>
      <line num="1148" count="0" type="stmt"/>
      <line num="1159" count="0" type="stmt"/>
      <line num="1160" count="0" type="stmt"/>
      <line num="1161" count="0" type="stmt"/>
      <line num="1162" count="0" type="stmt"/>
      <line num="1168" count="1" type="stmt"/>
      <line num="1176" count="1" type="stmt"/>
      <line num="1177" count="0" type="cond" truecount="0" falsecount="3"/>
      <line num="1179" count="0" type="cond" truecount="0" falsecount="2"/>
      <line num="1181" count="0" type="stmt"/>
      <line num="1183" count="0" type="stmt"/>
      <line num="1185" count="0" type="stmt"/>
      <line num="1187" count="0" type="cond" truecount="0" falsecount="2"/>
      <line num="1189" count="0" type="stmt"/>
      <line num="1191" count="0" type="stmt"/>
      <line num="1193" count="0" type="stmt"/>
      <line num="1196" count="0" type="stmt"/>
      <line num="1197" count="0" type="stmt"/>
      <line num="1199" count="0" type="stmt"/>
      <line num="1202" count="1" type="stmt"/>
      <line num="1203" count="0" type="cond" truecount="0" falsecount="2"/>
      <line num="1204" count="0" type="stmt"/>
      <line num="1205" count="0" type="stmt"/>
      <line num="1208" count="0" type="stmt"/>
      <line num="1210" count="0" type="cond" truecount="0" falsecount="2"/>
      <line num="1212" count="0" type="stmt"/>
      <line num="1215" count="0" type="stmt"/>
      <line num="1216" count="0" type="stmt"/>
      <line num="1218" count="0" type="stmt"/>
      <line num="1220" count="0" type="stmt"/>
      <line num="1221" count="0" type="stmt"/>
      <line num="1224" count="0" type="cond" truecount="0" falsecount="2"/>
      <line num="1225" count="0" type="cond" truecount="0" falsecount="2"/>
      <line num="1232" count="1" type="stmt"/>
      <line num="1233" count="0" type="stmt"/>
      <line num="1243" count="1" type="stmt"/>
      <line num="1244" count="0" type="stmt"/>
      <line num="1245" count="0" type="stmt"/>
      <line num="1246" count="0" type="stmt"/>
      <line num="1247" count="0" type="stmt"/>
      <line num="1251" count="0" type="stmt"/>
      <line num="1252" count="0" type="cond" truecount="0" falsecount="2"/>
      <line num="1254" count="0" type="stmt"/>
      <line num="1255" count="0" type="stmt"/>
      <line num="1256" count="0" type="stmt"/>
      <line num="1264" count="0" type="stmt"/>
      <line num="1265" count="0" type="stmt"/>
      <line num="1266" count="0" type="stmt"/>
      <line num="1267" count="0" type="stmt"/>
      <line num="1271" count="0" type="stmt"/>
      <line num="1273" count="0" type="cond" truecount="0" falsecount="2"/>
      <line num="1274" count="0" type="stmt"/>
      <line num="1275" count="0" type="stmt"/>
      <line num="1278" count="0" type="stmt"/>
      <line num="1280" count="0" type="stmt"/>
      <line num="1281" count="0" type="stmt"/>
      <line num="1284" count="0" type="stmt"/>
      <line num="1285" count="0" type="stmt"/>
      <line num="1286" count="0" type="stmt"/>
      <line num="1289" count="0" type="stmt"/>
      <line num="1290" count="0" type="stmt"/>
      <line num="1291" count="0" type="stmt"/>
      <line num="1292" count="0" type="stmt"/>
      <line num="1294" count="0" type="stmt"/>
      <line num="1295" count="0" type="stmt"/>
      <line num="1296" count="0" type="stmt"/>
      <line num="1298" count="0" type="cond" truecount="0" falsecount="2"/>
      <line num="1299" count="0" type="stmt"/>
      <line num="1300" count="0" type="stmt"/>
      <line num="1307" count="1" type="stmt"/>
      <line num="1308" count="0" type="stmt"/>
      <line num="1309" count="0" type="stmt"/>
      <line num="1310" count="0" type="stmt"/>
      <line num="1311" count="0" type="stmt"/>
      <line num="1312" count="0" type="stmt"/>
      <line num="1313" count="0" type="cond" truecount="0" falsecount="2"/>
      <line num="1315" count="0" type="stmt"/>
      <line num="1322" count="1" type="stmt"/>
      <line num="1324" count="0" type="cond" truecount="0" falsecount="2"/>
      <line num="1325" count="0" type="stmt"/>
      <line num="1327" count="0" type="stmt"/>
      <line num="1329" count="0" type="stmt"/>
      <line num="1330" count="0" type="stmt"/>
      <line num="1337" count="1" type="stmt"/>
      <line num="1338" count="0" type="stmt"/>
      <line num="1339" count="0" type="stmt"/>
      <line num="1342" count="1" type="stmt"/>
      <line num="1343" count="0" type="stmt"/>
      <line num="1344" count="0" type="stmt"/>
      <line num="1345" count="0" type="cond" truecount="0" falsecount="2"/>
      <line num="1346" count="0" type="stmt"/>
      <line num="1350" count="1" type="stmt"/>
      <line num="1351" count="0" type="stmt"/>
      <line num="1354" count="0" type="stmt"/>
      <line num="1357" count="0" type="stmt"/>
      <line num="1358" count="0" type="cond" truecount="0" falsecount="4"/>
      <line num="1360" count="0" type="stmt"/>
      <line num="1362" count="0" type="stmt"/>
      <line num="1363" count="0" type="stmt"/>
      <line num="1364" count="0" type="stmt"/>
      <line num="1367" count="0" type="stmt"/>
      <line num="1371" count="0" type="cond" truecount="0" falsecount="2"/>
      <line num="1372" count="0" type="stmt"/>
      <line num="1373" count="0" type="stmt"/>
      <line num="1378" count="0" type="stmt"/>
      <line num="1381" count="1" type="stmt"/>
      <line num="1382" count="0" type="stmt"/>
      <line num="1383" count="0" type="cond" truecount="0" falsecount="2"/>
      <line num="1385" count="0" type="stmt"/>
      <line num="1386" count="0" type="stmt"/>
      <line num="1388" count="0" type="stmt"/>
      <line num="1389" count="0" type="stmt"/>
      <line num="1393" count="0" type="cond" truecount="0" falsecount="2"/>
      <line num="1394" count="0" type="stmt"/>
      <line num="1395" count="0" type="cond" truecount="0" falsecount="2"/>
      <line num="1396" count="0" type="stmt"/>
      <line num="1399" count="0" type="cond" truecount="0" falsecount="2"/>
      <line num="1400" count="0" type="stmt"/>
      <line num="1411" count="1" type="stmt"/>
      <line num="1412" count="0" type="stmt"/>
      <line num="1413" count="0" type="stmt"/>
      <line num="1414" count="0" type="stmt"/>
      <line num="1423" count="1" type="stmt"/>
      <line num="1424" count="0" type="stmt"/>
      <line num="1425" count="0" type="stmt"/>
      <line num="1428" count="0" type="stmt"/>
      <line num="1429" count="0" type="stmt"/>
      <line num="1430" count="0" type="cond" truecount="0" falsecount="2"/>
      <line num="1431" count="0" type="stmt"/>
      <line num="1432" count="0" type="stmt"/>
      <line num="1435" count="0" type="stmt"/>
      <line num="1444" count="1" type="stmt"/>
      <line num="1449" count="0" type="cond" truecount="0" falsecount="2"/>
      <line num="1450" count="0" type="stmt"/>
      <line num="1451" count="0" type="stmt"/>
      <line num="1452" count="0" type="cond" truecount="0" falsecount="2"/>
      <line num="1453" count="0" type="stmt"/>
      <line num="1456" count="0" type="stmt"/>
      <line num="1457" count="0" type="cond" truecount="0" falsecount="2"/>
      <line num="1458" count="0" type="stmt"/>
      <line num="1459" count="0" type="stmt"/>
      <line num="1461" count="0" type="stmt"/>
      <line num="1462" count="0" type="cond" truecount="0" falsecount="2"/>
      <line num="1463" count="0" type="stmt"/>
      <line num="1466" count="0" type="stmt"/>
      <line num="1467" count="0" type="cond" truecount="0" falsecount="2"/>
      <line num="1469" count="0" type="stmt"/>
      <line num="1470" count="0" type="stmt"/>
      <line num="1471" count="0" type="cond" truecount="0" falsecount="4"/>
      <line num="1472" count="0" type="cond" truecount="0" falsecount="4"/>
      <line num="1473" count="0" type="stmt"/>
      <line num="1477" count="0" type="cond" truecount="0" falsecount="2"/>
      <line num="1478" count="0" type="stmt"/>
      <line num="1480" count="0" type="cond" truecount="0" falsecount="4"/>
      <line num="1482" count="0" type="stmt"/>
      <line num="1483" count="0" type="cond" truecount="0" falsecount="2"/>
      <line num="1484" count="0" type="stmt"/>
      <line num="1489" count="0" type="stmt"/>
      <line num="1490" count="0" type="stmt"/>
      <line num="1494" count="1" type="stmt"/>
      <line num="1495" count="0" type="stmt"/>
      <line num="1503" count="1" type="stmt"/>
      <line num="1504" count="0" type="stmt"/>
      <line num="1506" count="0" type="cond" truecount="0" falsecount="2"/>
      <line num="1507" count="0" type="stmt"/>
      <line num="1508" count="0" type="stmt"/>
      <line num="1512" count="0" type="stmt"/>
      <line num="1522" count="1" type="stmt"/>
      <line num="1523" count="0" type="stmt"/>
      <line num="1524" count="0" type="stmt"/>
      <line num="1525" count="0" type="stmt"/>
      <line num="1526" count="0" type="stmt"/>
      <line num="1527" count="0" type="stmt"/>
      <line num="1529" count="0" type="stmt"/>
      <line num="1531" count="0" type="cond" truecount="0" falsecount="2"/>
      <line num="1534" count="0" type="cond" truecount="0" falsecount="2"/>
      <line num="1535" count="0" type="stmt"/>
      <line num="1536" count="0" type="cond" truecount="0" falsecount="2"/>
      <line num="1537" count="0" type="stmt"/>
      <line num="1540" count="0" type="cond" truecount="0" falsecount="2"/>
      <line num="1541" count="0" type="stmt"/>
      <line num="1543" count="0" type="stmt"/>
      <line num="1544" count="0" type="stmt"/>
      <line num="1545" count="0" type="stmt"/>
      <line num="1546" count="0" type="stmt"/>
      <line num="1547" count="0" type="stmt"/>
      <line num="1548" count="0" type="stmt"/>
      <line num="1550" count="0" type="stmt"/>
      <line num="1551" count="0" type="stmt"/>
      <line num="1552" count="0" type="cond" truecount="0" falsecount="2"/>
      <line num="1553" count="0" type="stmt"/>
      <line num="1554" count="0" type="stmt"/>
      <line num="1555" count="0" type="stmt"/>
      <line num="1558" count="0" type="stmt"/>
      <line num="1559" count="0" type="cond" truecount="0" falsecount="2"/>
      <line num="1560" count="0" type="cond" truecount="0" falsecount="2"/>
      <line num="1561" count="0" type="cond" truecount="0" falsecount="2"/>
      <line num="1562" count="0" type="stmt"/>
      <line num="1563" count="0" type="stmt"/>
      <line num="1565" count="0" type="stmt"/>
      <line num="1566" count="0" type="cond" truecount="0" falsecount="2"/>
      <line num="1567" count="0" type="stmt"/>
      <line num="1569" count="0" type="stmt"/>
      <line num="1570" count="0" type="stmt"/>
      <line num="1573" count="0" type="stmt"/>
      <line num="1578" count="0" type="stmt"/>
      <line num="1580" count="0" type="cond" truecount="0" falsecount="2"/>
      <line num="1581" count="0" type="stmt"/>
      <line num="1582" count="0" type="stmt"/>
      <line num="1583" count="0" type="stmt"/>
      <line num="1586" count="0" type="stmt"/>
      <line num="1589" count="0" type="cond" truecount="0" falsecount="2"/>
      <line num="1590" count="0" type="stmt"/>
      <line num="1591" count="0" type="stmt"/>
      <line num="1592" count="0" type="stmt"/>
      <line num="1595" count="0" type="stmt"/>
      <line num="1599" count="0" type="cond" truecount="0" falsecount="4"/>
      <line num="1600" count="0" type="stmt"/>
      <line num="1601" count="0" type="stmt"/>
      <line num="1605" count="0" type="stmt"/>
      <line num="1608" count="0" type="stmt"/>
      <line num="1617" count="1" type="stmt"/>
      <line num="1618" count="0" type="cond" truecount="0" falsecount="2"/>
      <line num="1619" count="0" type="stmt"/>
      <line num="1622" count="0" type="cond" truecount="0" falsecount="2"/>
      <line num="1623" count="0" type="stmt"/>
      <line num="1626" count="0" type="stmt"/>
      <line num="1627" count="0" type="cond" truecount="0" falsecount="2"/>
      <line num="1629" count="0" type="cond" truecount="0" falsecount="4"/>
      <line num="1630" count="0" type="stmt"/>
      <line num="1633" count="0" type="stmt"/>
      <line num="1636" count="0" type="cond" truecount="0" falsecount="2"/>
      <line num="1637" count="0" type="stmt"/>
      <line num="1644" count="0" type="cond" truecount="0" falsecount="2"/>
      <line num="1645" count="0" type="stmt"/>
      <line num="1646" count="0" type="stmt"/>
      <line num="1647" count="0" type="stmt"/>
      <line num="1648" count="0" type="cond" truecount="0" falsecount="2"/>
      <line num="1649" count="0" type="stmt"/>
      <line num="1650" count="0" type="stmt"/>
      <line num="1654" count="0" type="stmt"/>
      <line num="1655" count="0" type="stmt"/>
      <line num="1656" count="0" type="stmt"/>
      <line num="1657" count="0" type="stmt"/>
      <line num="1660" count="0" type="cond" truecount="0" falsecount="4"/>
      <line num="1661" count="0" type="stmt"/>
      <line num="1665" count="1" type="stmt"/>
      <line num="1666" count="0" type="stmt"/>
      <line num="1667" count="0" type="stmt"/>
      <line num="1668" count="0" type="stmt"/>
      <line num="1669" count="0" type="stmt"/>
      <line num="1671" count="0" type="stmt"/>
      <line num="1675" count="0" type="cond" truecount="0" falsecount="2"/>
      <line num="1676" count="0" type="stmt"/>
      <line num="1677" count="0" type="stmt"/>
      <line num="1679" count="0" type="stmt"/>
      <line num="1680" count="0" type="stmt"/>
      <line num="1684" count="1" type="stmt"/>
      <line num="1685" count="0" type="stmt"/>
      <line num="1688" count="1" type="stmt"/>
      <line num="1689" count="0" type="cond" truecount="0" falsecount="2"/>
      <line num="1690" count="0" type="stmt"/>
      <line num="1692" count="0" type="stmt"/>
      <line num="1696" count="1" type="stmt"/>
      <line num="1697" count="0" type="stmt"/>
      <line num="1699" count="0" type="stmt"/>
      <line num="1700" count="0" type="cond" truecount="0" falsecount="2"/>
      <line num="1701" count="0" type="stmt"/>
      <line num="1704" count="0" type="stmt"/>
      <line num="1705" count="0" type="stmt"/>
      <line num="1707" count="0" type="stmt"/>
      <line num="1708" count="0" type="stmt"/>
      <line num="1710" count="0" type="stmt"/>
      <line num="1712" count="0" type="stmt"/>
      <line num="1713" count="0" type="cond" truecount="0" falsecount="2"/>
      <line num="1715" count="0" type="stmt"/>
      <line num="1718" count="1" type="stmt"/>
      <line num="1719" count="0" type="stmt"/>
      <line num="1721" count="0" type="stmt"/>
      <line num="1723" count="0" type="stmt"/>
      <line num="1724" count="0" type="cond" truecount="0" falsecount="2"/>
      <line num="1725" count="0" type="stmt"/>
      <line num="1728" count="0" type="stmt"/>
      <line num="1729" count="0" type="stmt"/>
      <line num="1731" count="0" type="stmt"/>
      <line num="1732" count="0" type="stmt"/>
      <line num="1738" count="1" type="stmt"/>
      <line num="1739" count="0" type="stmt"/>
      <line num="1741" count="0" type="stmt"/>
      <line num="1742" count="0" type="stmt"/>
      <line num="1747" count="0" type="stmt"/>
      <line num="1748" count="0" type="stmt"/>
      <line num="1751" count="0" type="stmt"/>
      <line num="1752" count="0" type="stmt"/>
      <line num="1758" count="0" type="stmt"/>
      <line num="1759" count="0" type="stmt"/>
      <line num="1760" count="0" type="stmt"/>
      <line num="1763" count="1" type="stmt"/>
      <line num="1764" count="0" type="stmt"/>
      <line num="1765" count="0" type="stmt"/>
      <line num="1770" count="0" type="stmt"/>
      <line num="1771" count="0" type="stmt"/>
      <line num="1772" count="0" type="stmt"/>
      <line num="1774" count="0" type="stmt"/>
      <line num="1780" count="0" type="stmt"/>
      <line num="1781" count="0" type="stmt"/>
      <line num="1783" count="0" type="stmt"/>
      <line num="1786" count="0" type="stmt"/>
      <line num="1787" count="0" type="stmt"/>
      <line num="1794" count="1" type="stmt"/>
      <line num="1805" count="0" type="stmt"/>
      <line num="1806" count="0" type="stmt"/>
      <line num="1812" count="0" type="stmt"/>
      <line num="1814" count="0" type="cond" truecount="0" falsecount="2"/>
      <line num="1815" count="0" type="stmt"/>
      <line num="1818" count="0" type="cond" truecount="0" falsecount="2"/>
      <line num="1819" count="0" type="stmt"/>
      <line num="1822" count="0" type="stmt"/>
      <line num="1823" count="0" type="stmt"/>
      <line num="1824" count="0" type="stmt"/>
      <line num="1826" count="0" type="stmt"/>
      <line num="1828" count="0" type="stmt"/>
      <line num="1829" count="0" type="stmt"/>
      <line num="1833" count="0" type="stmt"/>
      <line num="1834" count="0" type="stmt"/>
      <line num="1835" count="0" type="stmt"/>
      <line num="1838" count="0" type="stmt"/>
      <line num="1839" count="0" type="stmt"/>
      <line num="1842" count="0" type="stmt"/>
      <line num="1850" count="0" type="cond" truecount="0" falsecount="2"/>
      <line num="1851" count="0" type="stmt"/>
      <line num="1853" count="0" type="cond" truecount="0" falsecount="2"/>
      <line num="1854" count="0" type="stmt"/>
      <line num="1857" count="0" type="stmt"/>
      <line num="1859" count="0" type="stmt"/>
      <line num="1860" count="0" type="stmt"/>
      <line num="1866" count="0" type="stmt"/>
      <line num="1867" count="0" type="stmt"/>
      <line num="1869" count="0" type="stmt"/>
      <line num="1877" count="0" type="stmt"/>
      <line num="1878" count="0" type="stmt"/>
      <line num="1879" count="0" type="stmt"/>
      <line num="1887" count="0" type="stmt"/>
      <line num="1888" count="0" type="stmt"/>
      <line num="1895" count="0" type="stmt"/>
      <line num="1897" count="0" type="stmt"/>
      <line num="1899" count="0" type="stmt"/>
      <line num="1900" count="0" type="stmt"/>
      <line num="1902" count="0" type="stmt"/>
      <line num="1904" count="0" type="cond" truecount="0" falsecount="2"/>
      <line num="1905" count="0" type="stmt"/>
      <line num="1906" count="0" type="stmt"/>
      <line num="1909" count="0" type="stmt"/>
      <line num="1917" count="1" type="stmt"/>
      <line num="1919" count="0" type="stmt"/>
      <line num="1920" count="0" type="stmt"/>
      <line num="1921" count="0" type="stmt"/>
      <line num="1924" count="0" type="stmt"/>
      <line num="1926" count="0" type="stmt"/>
      <line num="1927" count="0" type="stmt"/>
      <line num="1930" count="0" type="stmt"/>
      <line num="1931" count="0" type="stmt"/>
      <line num="1934" count="0" type="stmt"/>
      <line num="1935" count="0" type="stmt"/>
      <line num="1936" count="0" type="stmt"/>
      <line num="1937" count="0" type="stmt"/>
      <line num="1940" count="0" type="stmt"/>
      <line num="1941" count="0" type="stmt"/>
      <line num="1942" count="0" type="stmt"/>
      <line num="1943" count="0" type="stmt"/>
      <line num="1946" count="0" type="stmt"/>
      <line num="1947" count="0" type="stmt"/>
      <line num="1948" count="0" type="stmt"/>
      <line num="1952" count="0" type="stmt"/>
      <line num="1958" count="0" type="stmt"/>
      <line num="1959" count="0" type="stmt"/>
      <line num="1960" count="0" type="stmt"/>
      <line num="1964" count="0" type="stmt"/>
      <line num="1976" count="1" type="stmt"/>
      <line num="1978" count="0" type="stmt"/>
      <line num="1979" count="0" type="stmt"/>
      <line num="1983" count="0" type="cond" truecount="0" falsecount="2"/>
      <line num="1984" count="0" type="stmt"/>
      <line num="1987" count="0" type="stmt"/>
      <line num="1991" count="0" type="stmt"/>
      <line num="1992" count="0" type="stmt"/>
      <line num="1995" count="0" type="stmt"/>
      <line num="1996" count="0" type="stmt"/>
      <line num="1999" count="0" type="stmt"/>
      <line num="2000" count="0" type="stmt"/>
      <line num="2001" count="0" type="stmt"/>
      <line num="2007" count="0" type="stmt"/>
      <line num="2009" count="0" type="stmt"/>
      <line num="2014" count="0" type="stmt"/>
      <line num="2015" count="0" type="stmt"/>
      <line num="2016" count="0" type="stmt"/>
      <line num="2017" count="0" type="stmt"/>
      <line num="2018" count="0" type="stmt"/>
      <line num="2019" count="0" type="stmt"/>
      <line num="2026" count="0" type="stmt"/>
      <line num="2027" count="0" type="stmt"/>
      <line num="2031" count="0" type="stmt"/>
      <line num="2033" count="0" type="stmt"/>
      <line num="2036" count="0" type="stmt"/>
      <line num="2037" count="0" type="stmt"/>
      <line num="2038" count="0" type="stmt"/>
      <line num="2041" count="0" type="stmt"/>
      <line num="2044" count="1" type="stmt"/>
      <line num="2045" count="0" type="stmt"/>
      <line num="2050" count="0" type="stmt"/>
      <line num="2052" count="0" type="stmt"/>
      <line num="2057" count="0" type="stmt"/>
      <line num="2062" count="0" type="stmt"/>
      <line num="2063" count="0" type="stmt"/>
      <line num="2066" count="0" type="cond" truecount="0" falsecount="2"/>
      <line num="2067" count="0" type="stmt"/>
      <line num="2069" count="0" type="stmt"/>
      <line num="2072" count="0" type="stmt"/>
      <line num="2073" count="0" type="stmt"/>
      <line num="2074" count="0" type="stmt"/>
      <line num="2076" count="0" type="stmt"/>
      <line num="2077" count="0" type="stmt"/>
      <line num="2079" count="0" type="stmt"/>
      <line num="2080" count="0" type="stmt"/>
      <line num="2081" count="0" type="stmt"/>
      <line num="2083" count="0" type="stmt"/>
      <line num="2085" count="0" type="cond" truecount="0" falsecount="2"/>
      <line num="2087" count="0" type="stmt"/>
      <line num="2090" count="0" type="stmt"/>
      <line num="2094" count="0" type="stmt"/>
      <line num="2096" count="0" type="stmt"/>
      <line num="2105" count="1" type="stmt"/>
      <line num="2106" count="0" type="stmt"/>
      <line num="2108" count="0" type="stmt"/>
      <line num="2109" count="0" type="stmt"/>
      <line num="2110" count="0" type="stmt"/>
      <line num="2113" count="0" type="stmt"/>
      <line num="2114" count="0" type="stmt"/>
      <line num="2115" count="0" type="stmt"/>
      <line num="2116" count="0" type="stmt"/>
      <line num="2117" count="0" type="stmt"/>
      <line num="2119" count="0" type="stmt"/>
      <line num="2126" count="1" type="stmt"/>
      <line num="2127" count="0" type="stmt"/>
      <line num="2128" count="0" type="stmt"/>
      <line num="2135" count="1" type="stmt"/>
      <line num="2136" count="0" type="stmt"/>
      <line num="2137" count="0" type="cond" truecount="0" falsecount="2"/>
      <line num="2138" count="0" type="cond" truecount="0" falsecount="2"/>
      <line num="2139" count="0" type="stmt"/>
      <line num="2142" count="0" type="stmt"/>
      <line num="2145" count="1" type="stmt"/>
      <line num="2146" count="0" type="stmt"/>
      <line num="2147" count="0" type="stmt"/>
      <line num="2150" count="1" type="stmt"/>
      <line num="2151" count="0" type="stmt"/>
      <line num="2152" count="0" type="stmt"/>
      <line num="2160" count="1" type="stmt"/>
      <line num="2162" count="0" type="stmt"/>
      <line num="2164" count="0" type="stmt"/>
      <line num="2165" count="0" type="stmt"/>
      <line num="2166" count="0" type="stmt"/>
      <line num="2168" count="0" type="stmt"/>
      <line num="2171" count="1" type="stmt"/>
      <line num="2172" count="0" type="cond" truecount="0" falsecount="2"/>
      <line num="2173" count="0" type="stmt"/>
      <line num="2177" count="0" type="stmt"/>
      <line num="2178" count="0" type="stmt"/>
      <line num="2179" count="0" type="stmt"/>
      <line num="2180" count="0" type="stmt"/>
      <line num="2181" count="0" type="stmt"/>
      <line num="2184" count="0" type="stmt"/>
      <line num="2185" count="0" type="stmt"/>
      <line num="2187" count="0" type="stmt"/>
      <line num="2188" count="0" type="stmt"/>
      <line num="2195" count="1" type="stmt"/>
      <line num="2196" count="0" type="stmt"/>
      <line num="2201" count="0" type="stmt"/>
      <line num="2204" count="1" type="stmt"/>
      <line num="2205" count="0" type="stmt"/>
      <line num="2210" count="0" type="stmt"/>
      <line num="2216" count="1" type="stmt"/>
      <line num="2217" count="0" type="stmt"/>
      <line num="2218" count="0" type="cond" truecount="0" falsecount="4"/>
      <line num="2220" count="0" type="cond" truecount="0" falsecount="2"/>
      <line num="2221" count="0" type="stmt"/>
      <line num="2222" count="0" type="cond" truecount="0" falsecount="2"/>
      <line num="2223" count="0" type="stmt"/>
      <line num="2225" count="0" type="cond" truecount="0" falsecount="2"/>
      <line num="2226" count="0" type="stmt"/>
      <line num="2227" count="0" type="cond" truecount="0" falsecount="2"/>
      <line num="2228" count="0" type="stmt"/>
      <line num="2237" count="1" type="stmt"/>
      <line num="2239" count="0" type="cond" truecount="0" falsecount="4"/>
      <line num="2240" count="0" type="stmt"/>
      <line num="2241" count="0" type="cond" truecount="0" falsecount="2"/>
      <line num="2243" count="0" type="stmt"/>
      <line num="2245" count="0" type="stmt"/>
      <line num="2254" count="1" type="stmt"/>
      <line num="2255" count="0" type="stmt"/>
      <line num="2256" count="0" type="cond" truecount="0" falsecount="4"/>
      <line num="2257" count="0" type="stmt"/>
      <line num="2259" count="0" type="stmt"/>
      <line num="2265" count="1" type="stmt"/>
      <line num="2266" count="0" type="cond" truecount="0" falsecount="2"/>
      <line num="2267" count="0" type="stmt"/>
      <line num="2269" count="0" type="stmt"/>
      <line num="2276" count="1" type="stmt"/>
      <line num="2277" count="0" type="cond" truecount="0" falsecount="2"/>
      <line num="2278" count="0" type="stmt"/>
      <line num="2280" count="0" type="stmt"/>
      <line num="2287" count="1" type="stmt"/>
      <line num="2288" count="0" type="cond" truecount="0" falsecount="2"/>
      <line num="2289" count="0" type="stmt"/>
      <line num="2291" count="0" type="stmt"/>
      <line num="2298" count="1" type="stmt"/>
      <line num="2299" count="0" type="cond" truecount="0" falsecount="2"/>
      <line num="2300" count="0" type="stmt"/>
      <line num="2302" count="0" type="stmt"/>
      <line num="2306" count="1" type="stmt"/>
      <line num="2307" count="0" type="cond" truecount="0" falsecount="2"/>
      <line num="2308" count="0" type="stmt"/>
      <line num="2309" count="0" type="stmt"/>
      <line num="2311" count="0" type="cond" truecount="0" falsecount="2"/>
      <line num="2312" count="0" type="stmt"/>
      <line num="2317" count="1" type="stmt"/>
      <line num="2318" count="0" type="cond" truecount="0" falsecount="2"/>
      <line num="2319" count="0" type="stmt"/>
      <line num="2320" count="0" type="stmt"/>
      <line num="2322" count="0" type="cond" truecount="0" falsecount="2"/>
      <line num="2323" count="0" type="stmt"/>
      <line num="2328" count="1" type="stmt"/>
      <line num="2329" count="0" type="stmt"/>
      <line num="2332" count="1" type="stmt"/>
      <line num="2333" count="0" type="stmt"/>
      <line num="2339" count="1" type="stmt"/>
      <line num="2340" count="0" type="cond" truecount="0" falsecount="2"/>
      <line num="2341" count="0" type="cond" truecount="0" falsecount="4"/>
      <line num="2343" count="0" type="stmt"/>
      <line num="2346" count="0" type="stmt"/>
      <line num="2350" count="0" type="stmt"/>
      <line num="2352" count="0" type="stmt"/>
      <line num="2359" count="1" type="stmt"/>
      <line num="2360" count="0" type="cond" truecount="0" falsecount="2"/>
      <line num="2361" count="0" type="cond" truecount="0" falsecount="4"/>
      <line num="2363" count="0" type="stmt"/>
      <line num="2366" count="0" type="stmt"/>
      <line num="2370" count="0" type="stmt"/>
      <line num="2372" count="0" type="stmt"/>
      <line num="2379" count="1" type="stmt"/>
      <line num="2380" count="0" type="cond" truecount="0" falsecount="2"/>
      <line num="2382" count="0" type="stmt"/>
      <line num="2385" count="0" type="stmt"/>
      <line num="2391" count="1" type="stmt"/>
      <line num="2392" count="0" type="cond" truecount="0" falsecount="2"/>
      <line num="2394" count="0" type="stmt"/>
      <line num="2396" count="0" type="cond" truecount="0" falsecount="2"/>
      <line num="2398" count="0" type="cond" truecount="0" falsecount="2"/>
      <line num="2399" count="0" type="stmt"/>
      <line num="2400" count="0" type="stmt"/>
      <line num="2403" count="0" type="cond" truecount="0" falsecount="2"/>
      <line num="2404" count="0" type="stmt"/>
      <line num="2407" count="0" type="stmt"/>
      <line num="2409" count="0" type="stmt"/>
      <line num="2411" count="0" type="cond" truecount="0" falsecount="4"/>
      <line num="2412" count="0" type="stmt"/>
      <line num="2415" count="0" type="stmt"/>
      <line num="2417" count="0" type="cond" truecount="0" falsecount="2"/>
      <line num="2419" count="0" type="stmt"/>
      <line num="2420" count="0" type="stmt"/>
      <line num="2423" count="0" type="stmt"/>
      <line num="2424" count="0" type="stmt"/>
      <line num="2433" count="1" type="stmt"/>
      <line num="2434" count="0" type="stmt"/>
      <line num="2436" count="0" type="stmt"/>
      <line num="2437" count="0" type="stmt"/>
      <line num="2438" count="0" type="stmt"/>
      <line num="2440" count="0" type="stmt"/>
      <line num="2441" count="0" type="stmt"/>
      <line num="2442" count="0" type="stmt"/>
      <line num="2444" count="0" type="stmt"/>
      <line num="2445" count="0" type="stmt"/>
      <line num="2473" count="0" type="stmt"/>
      <line num="2474" count="0" type="stmt"/>
      <line num="2476" count="0" type="stmt"/>
      <line num="2477" count="0" type="stmt"/>
      <line num="2478" count="0" type="stmt"/>
      <line num="2486" count="0" type="stmt"/>
      <line num="2492" count="0" type="stmt"/>
      <line num="2494" count="0" type="stmt"/>
      <line num="2498" count="0" type="stmt"/>
      <line num="2503" count="0" type="stmt"/>
      <line num="2505" count="0" type="stmt"/>
      <line num="2507" count="0" type="cond" truecount="0" falsecount="2"/>
      <line num="2509" count="0" type="stmt"/>
      <line num="2511" count="0" type="stmt"/>
      <line num="2513" count="0" type="stmt"/>
      <line num="2515" count="0" type="stmt"/>
      <line num="2516" count="0" type="stmt"/>
      <line num="2519" count="0" type="stmt"/>
      <line num="2520" count="0" type="stmt"/>
      <line num="2522" count="0" type="stmt"/>
      <line num="2528" count="0" type="stmt"/>
      <line num="2535" count="0" type="stmt"/>
      <line num="2540" count="0" type="stmt"/>
      <line num="2541" count="0" type="stmt"/>
      <line num="2545" count="0" type="stmt"/>
      <line num="2546" count="0" type="stmt"/>
      <line num="2547" count="0" type="stmt"/>
      <line num="2548" count="0" type="stmt"/>
      <line num="2549" count="0" type="stmt"/>
      <line num="2551" count="0" type="stmt"/>
      <line num="2552" count="0" type="stmt"/>
      <line num="2553" count="0" type="stmt"/>
      <line num="2554" count="0" type="stmt"/>
      <line num="2555" count="0" type="stmt"/>
      <line num="2557" count="0" type="cond" truecount="0" falsecount="2"/>
      <line num="2559" count="0" type="stmt"/>
      <line num="2560" count="0" type="stmt"/>
      <line num="2562" count="0" type="cond" truecount="0" falsecount="2"/>
      <line num="2563" count="0" type="stmt"/>
      <line num="2564" count="0" type="stmt"/>
      <line num="2576" count="1" type="stmt"/>
      <line num="2577" count="0" type="cond" truecount="0" falsecount="2"/>
      <line num="2579" count="0" type="cond" truecount="0" falsecount="2"/>
      <line num="2580" count="0" type="stmt"/>
      <line num="2581" count="0" type="stmt"/>
      <line num="2584" count="0" type="cond" truecount="0" falsecount="2"/>
      <line num="2585" count="0" type="stmt"/>
      <line num="2587" count="0" type="cond" truecount="0" falsecount="2"/>
      <line num="2589" count="0" type="stmt"/>
      <line num="2591" count="0" type="stmt"/>
      <line num="2593" count="0" type="stmt"/>
      <line num="2596" count="0" type="cond" truecount="0" falsecount="2"/>
      <line num="2598" count="0" type="stmt"/>
      <line num="2599" count="0" type="stmt"/>
      <line num="2602" count="0" type="stmt"/>
      <line num="2603" count="0" type="stmt"/>
      <line num="2613" count="1" type="stmt"/>
      <line num="2614" count="0" type="stmt"/>
      <line num="2615" count="0" type="stmt"/>
      <line num="2616" count="0" type="stmt"/>
      <line num="2617" count="0" type="stmt"/>
      <line num="2619" count="0" type="stmt"/>
      <line num="2621" count="0" type="stmt"/>
      <line num="2622" count="0" type="stmt"/>
      <line num="2624" count="0" type="stmt"/>
      <line num="2625" count="0" type="stmt"/>
      <line num="2627" count="0" type="stmt"/>
      <line num="2629" count="0" type="stmt"/>
      <line num="2630" count="0" type="stmt"/>
      <line num="2631" count="0" type="stmt"/>
      <line num="2639" count="0" type="stmt"/>
      <line num="2640" count="0" type="stmt"/>
      <line num="2642" count="0" type="stmt"/>
      <line num="2644" count="0" type="stmt"/>
      <line num="2646" count="0" type="stmt"/>
      <line num="2648" count="0" type="cond" truecount="0" falsecount="2"/>
      <line num="2650" count="0" type="stmt"/>
      <line num="2651" count="0" type="stmt"/>
      <line num="2652" count="0" type="stmt"/>
      <line num="2653" count="0" type="stmt"/>
      <line num="2654" count="0" type="stmt"/>
      <line num="2655" count="0" type="stmt"/>
      <line num="2658" count="0" type="stmt"/>
      <line num="2659" count="0" type="stmt"/>
      <line num="2661" count="0" type="stmt"/>
      <line num="2667" count="0" type="stmt"/>
      <line num="2672" count="0" type="stmt"/>
      <line num="2673" count="0" type="stmt"/>
      <line num="2675" count="0" type="stmt"/>
      <line num="2676" count="0" type="stmt"/>
      <line num="2677" count="0" type="stmt"/>
      <line num="2678" count="0" type="stmt"/>
      <line num="2679" count="0" type="stmt"/>
      <line num="2681" count="0" type="stmt"/>
      <line num="2682" count="0" type="stmt"/>
      <line num="2683" count="0" type="stmt"/>
      <line num="2684" count="0" type="stmt"/>
      <line num="2685" count="0" type="stmt"/>
      <line num="2688" count="0" type="cond" truecount="0" falsecount="2"/>
      <line num="2690" count="0" type="stmt"/>
      <line num="2691" count="0" type="stmt"/>
      <line num="2693" count="0" type="cond" truecount="0" falsecount="2"/>
      <line num="2694" count="0" type="stmt"/>
      <line num="2695" count="0" type="stmt"/>
      <line num="2701" count="1" type="stmt"/>
      <line num="2702" count="0" type="stmt"/>
      <line num="2705" count="0" type="cond" truecount="0" falsecount="2"/>
      <line num="2707" count="0" type="cond" truecount="0" falsecount="2"/>
      <line num="2708" count="0" type="stmt"/>
      <line num="2710" count="0" type="stmt"/>
      <line num="2713" count="0" type="cond" truecount="0" falsecount="2"/>
      <line num="2714" count="0" type="stmt"/>
      <line num="2715" count="0" type="stmt"/>
      <line num="2717" count="0" type="stmt"/>
      <line num="2721" count="0" type="stmt"/>
      <line num="2724" count="0" type="cond" truecount="0" falsecount="2"/>
      <line num="2726" count="0" type="stmt"/>
      <line num="2729" count="0" type="cond" truecount="0" falsecount="2"/>
      <line num="2730" count="0" type="stmt"/>
      <line num="2731" count="0" type="stmt"/>
      <line num="2733" count="0" type="stmt"/>
      <line num="2738" count="1" type="stmt"/>
      <line num="2739" count="0" type="stmt"/>
      <line num="2742" count="0" type="stmt"/>
      <line num="2743" count="0" type="cond" truecount="0" falsecount="2"/>
      <line num="2744" count="0" type="stmt"/>
      <line num="2745" count="0" type="cond" truecount="0" falsecount="2"/>
      <line num="2746" count="0" type="stmt"/>
      <line num="2749" count="0" type="cond" truecount="0" falsecount="2"/>
      <line num="2750" count="0" type="stmt"/>
      <line num="2751" count="0" type="stmt"/>
      <line num="2752" count="0" type="cond" truecount="0" falsecount="4"/>
      <line num="2754" count="0" type="stmt"/>
      <line num="2756" count="0" type="stmt"/>
      <line num="2757" count="0" type="stmt"/>
      <line num="2758" count="0" type="stmt"/>
      <line num="2768" count="1" type="stmt"/>
      <line num="2769" count="0" type="stmt"/>
      <line num="2770" count="0" type="stmt"/>
      <line num="2772" count="0" type="stmt"/>
      <line num="2773" count="0" type="stmt"/>
      <line num="2774" count="0" type="stmt"/>
      <line num="2775" count="0" type="stmt"/>
      <line num="2776" count="0" type="stmt"/>
      <line num="2780" count="0" type="stmt"/>
      <line num="2782" count="0" type="stmt"/>
      <line num="2792" count="0" type="stmt"/>
      <line num="2794" count="0" type="stmt"/>
      <line num="2795" count="0" type="stmt"/>
      <line num="2797" count="0" type="stmt"/>
      <line num="2807" count="0" type="stmt"/>
      <line num="2809" count="0" type="stmt"/>
      <line num="2813" count="1" type="stmt"/>
      <line num="2815" count="0" type="stmt"/>
      <line num="2816" count="0" type="stmt"/>
      <line num="2818" count="0" type="stmt"/>
      <line num="2819" count="0" type="stmt"/>
      <line num="2820" count="0" type="stmt"/>
      <line num="2821" count="0" type="stmt"/>
      <line num="2822" count="0" type="stmt"/>
      <line num="2824" count="0" type="stmt"/>
      <line num="2826" count="0" type="stmt"/>
      <line num="2835" count="0" type="stmt"/>
      <line num="2836" count="0" type="stmt"/>
      <line num="2838" count="0" type="stmt"/>
      <line num="2839" count="0" type="stmt"/>
      <line num="2840" count="0" type="stmt"/>
      <line num="2842" count="0" type="stmt"/>
      <line num="2851" count="0" type="stmt"/>
      <line num="2854" count="1" type="stmt"/>
      <line num="2855" count="0" type="stmt"/>
      <line num="2856" count="0" type="cond" truecount="0" falsecount="4"/>
      <line num="2857" count="0" type="stmt"/>
      <line num="2859" count="0" type="cond" truecount="0" falsecount="4"/>
      <line num="2860" count="0" type="stmt"/>
      <line num="2865" count="1" type="stmt"/>
      <line num="2871" count="0" type="stmt"/>
      <line num="2872" count="0" type="stmt"/>
      <line num="2874" count="0" type="stmt"/>
      <line num="2876" count="0" type="stmt"/>
      <line num="2877" count="0" type="stmt"/>
      <line num="2879" count="0" type="stmt"/>
      <line num="2880" count="0" type="stmt"/>
      <line num="2883" count="0" type="stmt"/>
      <line num="2884" count="0" type="stmt"/>
      <line num="2885" count="0" type="cond" truecount="0" falsecount="2"/>
      <line num="2886" count="0" type="stmt"/>
      <line num="2888" count="0" type="stmt"/>
      <line num="2889" count="0" type="cond" truecount="0" falsecount="2"/>
      <line num="2890" count="0" type="stmt"/>
      <line num="2895" count="1" type="stmt"/>
      <line num="2897" count="0" type="stmt"/>
      <line num="2898" count="0" type="stmt"/>
      <line num="2899" count="0" type="stmt"/>
      <line num="2905" count="1" type="stmt"/>
      <line num="2906" count="0" type="stmt"/>
      <line num="2912" count="1" type="stmt"/>
      <line num="2913" count="0" type="stmt"/>
      <line num="2921" count="1" type="stmt"/>
      <line num="2922" count="0" type="stmt"/>
      <line num="2929" count="1" type="stmt"/>
      <line num="2930" count="0" type="stmt"/>
      <line num="2932" count="0" type="stmt"/>
      <line num="2933" count="0" type="stmt"/>
      <line num="2934" count="0" type="stmt"/>
      <line num="2935" count="0" type="stmt"/>
      <line num="2937" count="0" type="stmt"/>
      <line num="2945" count="1" type="stmt"/>
      <line num="2946" count="0" type="cond" truecount="0" falsecount="2"/>
      <line num="2947" count="0" type="stmt"/>
      <line num="2949" count="0" type="cond" truecount="0" falsecount="2"/>
      <line num="2950" count="0" type="stmt"/>
      <line num="2953" count="0" type="stmt"/>
      <line num="2954" count="0" type="stmt"/>
      <line num="2955" count="0" type="stmt"/>
      <line num="2957" count="0" type="stmt"/>
      <line num="2958" count="0" type="stmt"/>
      <line num="2959" count="0" type="stmt"/>
      <line num="2961" count="0" type="cond" truecount="0" falsecount="2"/>
      <line num="2963" count="0" type="stmt"/>
      <line num="2966" count="0" type="stmt"/>
      <line num="2967" count="0" type="stmt"/>
      <line num="2970" count="0" type="cond" truecount="0" falsecount="2"/>
      <line num="2972" count="0" type="stmt"/>
      <line num="2974" count="0" type="stmt"/>
      <line num="2975" count="0" type="stmt"/>
      <line num="2983" count="1" type="stmt"/>
      <line num="2984" count="0" type="stmt"/>
      <line num="2991" count="1" type="stmt"/>
      <line num="2992" count="0" type="stmt"/>
      <line num="2993" count="0" type="stmt"/>
      <line num="2995" count="0" type="stmt"/>
      <line num="2996" count="0" type="stmt"/>
      <line num="3003" count="1" type="stmt"/>
      <line num="3004" count="0" type="stmt"/>
      <line num="3011" count="1" type="stmt"/>
      <line num="3012" count="0" type="stmt"/>
      <line num="3019" count="1" type="stmt"/>
      <line num="3020" count="0" type="stmt"/>
      <line num="3026" count="1" type="stmt"/>
      <line num="3029" count="0" type="stmt"/>
      <line num="3030" count="0" type="stmt"/>
      <line num="3031" count="0" type="stmt"/>
      <line num="3032" count="0" type="stmt"/>
      <line num="3034" count="0" type="stmt"/>
      <line num="3036" count="0" type="cond" truecount="0" falsecount="2"/>
      <line num="3037" count="0" type="stmt"/>
      <line num="3039" count="0" type="stmt"/>
      <line num="3041" count="0" type="stmt"/>
      <line num="3043" count="0" type="stmt"/>
      <line num="3054" count="1" type="stmt"/>
      <line num="3055" count="0" type="stmt"/>
      <line num="3058" count="0" type="cond" truecount="0" falsecount="2"/>
      <line num="3059" count="0" type="stmt"/>
      <line num="3061" count="0" type="stmt"/>
      <line num="3062" count="0" type="stmt"/>
      <line num="3066" count="0" type="cond" truecount="0" falsecount="2"/>
      <line num="3067" count="0" type="stmt"/>
      <line num="3069" count="0" type="stmt"/>
      <line num="3070" count="0" type="stmt"/>
      <line num="3079" count="1" type="stmt"/>
      <line num="3080" count="0" type="stmt"/>
      <line num="3089" count="1" type="stmt"/>
      <line num="3092" count="0" type="stmt"/>
      <line num="3095" count="0" type="cond" truecount="0" falsecount="2"/>
      <line num="3096" count="0" type="stmt"/>
      <line num="3099" count="0" type="stmt"/>
      <line num="3107" count="1" type="stmt"/>
      <line num="3109" count="0" type="cond" truecount="0" falsecount="4"/>
      <line num="3110" count="0" type="stmt"/>
      <line num="3112" count="0" type="stmt"/>
      <line num="3121" count="1" type="stmt"/>
      <line num="3123" count="0" type="cond" truecount="0" falsecount="2"/>
      <line num="3125" count="0" type="stmt"/>
      <line num="3128" count="0" type="stmt"/>
      <line num="3129" count="0" type="stmt"/>
      <line num="3132" count="0" type="stmt"/>
      <line num="3133" count="0" type="stmt"/>
      <line num="3134" count="0" type="stmt"/>
      <line num="3141" count="1" type="stmt"/>
      <line num="3143" count="0" type="cond" truecount="0" falsecount="2"/>
      <line num="3145" count="0" type="stmt"/>
      <line num="3146" count="0" type="stmt"/>
      <line num="3147" count="0" type="stmt"/>
      <line num="3149" count="0" type="stmt"/>
      <line num="3150" count="0" type="stmt"/>
      <line num="3151" count="0" type="stmt"/>
      <line num="3158" count="1" type="stmt"/>
      <line num="3160" count="0" type="stmt"/>
      <line num="3161" count="0" type="cond" truecount="0" falsecount="2"/>
      <line num="3162" count="0" type="stmt"/>
      <line num="3165" count="0" type="stmt"/>
      <line num="3192" count="0" type="stmt"/>
      <line num="3194" count="0" type="stmt"/>
      <line num="3195" count="0" type="stmt"/>
      <line num="3203" count="0" type="stmt"/>
      <line num="3204" count="0" type="stmt"/>
      <line num="3207" count="0" type="stmt"/>
      <line num="3209" count="0" type="cond" truecount="0" falsecount="2"/>
      <line num="3210" count="0" type="stmt"/>
      <line num="3212" count="0" type="stmt"/>
      <line num="3214" count="0" type="stmt"/>
      <line num="3217" count="0" type="stmt"/>
      <line num="3219" count="0" type="stmt"/>
      <line num="3225" count="1" type="stmt"/>
      <line num="3227" count="0" type="stmt"/>
      <line num="3233" count="0" type="stmt"/>
      <line num="3234" count="0" type="cond" truecount="0" falsecount="2"/>
      <line num="3235" count="0" type="stmt"/>
      <line num="3238" count="0" type="stmt"/>
      <line num="3250" count="0" type="stmt"/>
      <line num="3258" count="1" type="stmt"/>
      <line num="3260" count="0" type="stmt"/>
      <line num="3261" count="0" type="stmt"/>
      <line num="3262" count="0" type="stmt"/>
      <line num="3264" count="0" type="cond" truecount="0" falsecount="2"/>
      <line num="3266" count="0" type="stmt"/>
      <line num="3268" count="0" type="stmt"/>
      <line num="3269" count="0" type="stmt"/>
      <line num="3270" count="0" type="cond" truecount="0" falsecount="4"/>
      <line num="3271" count="0" type="stmt"/>
      <line num="3274" count="0" type="stmt"/>
      <line num="3277" count="0" type="stmt"/>
      <line num="3287" count="1" type="stmt"/>
      <line num="3289" count="0" type="cond" truecount="0" falsecount="2"/>
      <line num="3290" count="0" type="stmt"/>
      <line num="3291" count="0" type="cond" truecount="0" falsecount="2"/>
      <line num="3292" count="0" type="stmt"/>
      <line num="3295" count="0" type="stmt"/>
      <line num="3297" count="0" type="stmt"/>
      <line num="3304" count="1" type="stmt"/>
      <line num="3305" count="0" type="stmt"/>
      <line num="3312" count="1" type="stmt"/>
      <line num="3315" count="0" type="cond" truecount="0" falsecount="2"/>
      <line num="3316" count="0" type="stmt"/>
      <line num="3319" count="1" type="stmt"/>
      <line num="3320" count="1" type="stmt"/>
      <line num="3327" count="1" type="stmt"/>
      <line num="3328" count="0" type="stmt"/>
      <line num="3329" count="0" type="cond" truecount="0" falsecount="2"/>
      <line num="3330" count="0" type="stmt"/>
      <line num="3336" count="0" type="stmt"/>
      <line num="3361" count="0" type="stmt"/>
      <line num="3363" count="0" type="cond" truecount="0" falsecount="4"/>
      <line num="3364" count="0" type="stmt"/>
      <line num="3370" count="0" type="cond" truecount="0" falsecount="2"/>
      <line num="3371" count="0" type="cond" truecount="0" falsecount="2"/>
      <line num="3375" count="0" type="stmt"/>
      <line num="3384" count="1" type="stmt"/>
      <line num="3385" count="0" type="stmt"/>
      <line num="3387" count="0" type="stmt"/>
      <line num="3389" count="0" type="stmt"/>
      <line num="3390" count="0" type="stmt"/>
      <line num="3392" count="0" type="stmt"/>
      <line num="3395" count="0" type="stmt"/>
      <line num="3399" count="0" type="cond" truecount="0" falsecount="2"/>
      <line num="3400" count="0" type="stmt"/>
      <line num="3402" count="0" type="cond" truecount="0" falsecount="2"/>
      <line num="3403" count="0" type="stmt"/>
      <line num="3407" count="0" type="cond" truecount="0" falsecount="4"/>
      <line num="3408" count="0" type="stmt"/>
      <line num="3411" count="0" type="stmt"/>
      <line num="3417" count="0" type="stmt"/>
      <line num="3423" count="0" type="stmt"/>
      <line num="3424" count="0" type="stmt"/>
      <line num="3427" count="0" type="stmt"/>
      <line num="3432" count="0" type="stmt"/>
      <line num="3433" count="0" type="stmt"/>
      <line num="3436" count="0" type="stmt"/>
      <line num="3441" count="0" type="stmt"/>
      <line num="3446" count="1" type="stmt"/>
      <line num="3447" count="0" type="stmt"/>
      <line num="3468" count="1" type="stmt"/>
      <line num="3469" count="0" type="stmt"/>
      <line num="3483" count="1" type="stmt"/>
      <line num="3485" count="0" type="stmt"/>
      <line num="3488" count="0" type="cond" truecount="0" falsecount="2"/>
      <line num="3489" count="0" type="stmt"/>
      <line num="3491" count="0" type="stmt"/>
      <line num="3494" count="0" type="cond" truecount="0" falsecount="2"/>
      <line num="3495" count="0" type="stmt"/>
      <line num="3497" count="0" type="stmt"/>
      <line num="3499" count="0" type="stmt"/>
      <line num="3500" count="0" type="stmt"/>
      <line num="3501" count="0" type="stmt"/>
      <line num="3503" count="0" type="stmt"/>
      <line num="3509" count="1" type="stmt"/>
      <line num="3510" count="0" type="stmt"/>
      <line num="3513" count="0" type="stmt"/>
      <line num="3515" count="0" type="stmt"/>
      <line num="3516" count="0" type="stmt"/>
      <line num="3519" count="0" type="stmt"/>
      <line num="3520" count="0" type="stmt"/>
      <line num="3523" count="0" type="stmt"/>
      <line num="3524" count="0" type="stmt"/>
      <line num="3527" count="0" type="stmt"/>
      <line num="3531" count="0" type="stmt"/>
      <line num="3532" count="0" type="stmt"/>
      <line num="3533" count="0" type="stmt"/>
      <line num="3534" count="0" type="stmt"/>
      <line num="3537" count="0" type="stmt"/>
      <line num="3538" count="0" type="stmt"/>
      <line num="3539" count="0" type="stmt"/>
      <line num="3540" count="0" type="stmt"/>
      <line num="3543" count="0" type="stmt"/>
      <line num="3544" count="0" type="cond" truecount="0" falsecount="2"/>
      <line num="3545" count="0" type="stmt"/>
      <line num="3547" count="0" type="stmt"/>
      <line num="3549" count="0" type="stmt"/>
      <line num="3552" count="0" type="stmt"/>
      <line num="3553" count="0" type="cond" truecount="0" falsecount="2"/>
      <line num="3554" count="0" type="stmt"/>
      <line num="3556" count="0" type="stmt"/>
      <line num="3558" count="0" type="stmt"/>
      <line num="3561" count="0" type="stmt"/>
      <line num="3562" count="0" type="stmt"/>
      <line num="3563" count="0" type="stmt"/>
      <line num="3566" count="0" type="stmt"/>
      <line num="3567" count="0" type="stmt"/>
      <line num="3568" count="0" type="stmt"/>
      <line num="3571" count="0" type="stmt"/>
      <line num="3572" count="0" type="stmt"/>
      <line num="3573" count="0" type="stmt"/>
      <line num="3576" count="0" type="stmt"/>
      <line num="3577" count="0" type="stmt"/>
      <line num="3578" count="0" type="stmt"/>
      <line num="3581" count="0" type="stmt"/>
      <line num="3582" count="0" type="stmt"/>
      <line num="3583" count="0" type="stmt"/>
      <line num="3584" count="0" type="stmt"/>
      <line num="3587" count="0" type="stmt"/>
      <line num="3588" count="0" type="stmt"/>
      <line num="3589" count="0" type="stmt"/>
      <line num="3590" count="0" type="stmt"/>
      <line num="3593" count="0" type="stmt"/>
      <line num="3594" count="0" type="cond" truecount="0" falsecount="2"/>
      <line num="3595" count="0" type="stmt"/>
      <line num="3596" count="0" type="stmt"/>
      <line num="3598" count="0" type="stmt"/>
      <line num="3602" count="0" type="stmt"/>
      <line num="3603" count="0" type="stmt"/>
      <line num="3605" count="0" type="stmt"/>
      <line num="3607" count="0" type="stmt"/>
      <line num="3610" count="0" type="cond" truecount="0" falsecount="2"/>
      <line num="3611" count="0" type="cond" truecount="0" falsecount="2"/>
      <line num="3612" count="0" type="stmt"/>
      <line num="3615" count="0" type="stmt"/>
      <line num="3616" count="0" type="stmt"/>
      <line num="3617" count="0" type="stmt"/>
      <line num="3618" count="0" type="stmt"/>
      <line num="3619" count="0" type="stmt"/>
      <line num="3621" count="0" type="cond" truecount="0" falsecount="2"/>
      <line num="3622" count="0" type="stmt"/>
      <line num="3623" count="0" type="stmt"/>
      <line num="3624" count="0" type="stmt"/>
      <line num="3625" count="0" type="stmt"/>
      <line num="3626" count="0" type="stmt"/>
      <line num="3627" count="0" type="stmt"/>
      <line num="3629" count="0" type="stmt"/>
      <line num="3631" count="0" type="cond" truecount="0" falsecount="5"/>
      <line num="3634" count="0" type="stmt"/>
      <line num="3635" count="0" type="cond" truecount="0" falsecount="5"/>
      <line num="3637" count="0" type="stmt"/>
      <line num="3640" count="0" type="stmt"/>
      <line num="3645" count="0" type="stmt"/>
      <line num="3646" count="0" type="cond" truecount="0" falsecount="2"/>
      <line num="3647" count="0" type="stmt"/>
      <line num="3650" count="0" type="cond" truecount="0" falsecount="2"/>
      <line num="3651" count="0" type="stmt"/>
[...]
      <line num="3785" count="0" type="stmt"/>
      <line num="3787" count="0" type="stmt"/>
      <line num="3792" count="0" type="cond" truecount="0" falsecount="4"/>
      <line num="3793" count="0" type="cond" truecount="0" falsecount="2"/>
      <line num="3795" count="0" type="stmt"/>
      <line num="3796" count="0" type="stmt"/>
      <line num="3801" count="0" type="stmt"/>
      <line num="3802" count="0" type="stmt"/>
      <line num="3804" count="0" type="stmt"/>
      <line num="3805" count="0" type="stmt"/>
      <line num="3806" count="0" type="stmt"/>
      <line num="3807" count="0" type="stmt"/>
      <line num="3810" count="1" type="stmt"/>
      <line num="3811" count="0" type="stmt"/>
      <line num="3812" count="0" type="stmt"/>
      <line num="3813" count="0" type="stmt"/>
      <line num="3815" count="0" type="stmt"/>
      <line num="3817" count="0" type="cond" truecount="0" falsecount="4"/>
      <line num="3819" count="0" type="stmt"/>
      <line num="3820" count="0" type="stmt"/>
      <line num="3821" count="0" type="stmt"/>
      <line num="3822" count="0" type="stmt"/>
      <line num="3824" count="0" type="stmt"/>
      <line num="3827" count="1" type="stmt"/>
      <line num="3828" count="0" type="stmt"/>
      <line num="3831" count="0" type="stmt"/>
      <line num="3832" count="0" type="cond" truecount="0" falsecount="2"/>
      <line num="3833" count="0" type="stmt"/>
      <line num="3837" count="0" type="cond" truecount="0" falsecount="2"/>
      <line num="3838" count="0" type="stmt"/>
      <line num="3842" count="0" type="cond" truecount="0" falsecount="2"/>
      <line num="3843" count="0" type="stmt"/>
      <line num="3852" count="1" type="stmt"/>
      <line num="3854" count="0" type="stmt"/>
      <line num="3855" count="0" type="stmt"/>
      <line num="3856" count="0" type="stmt"/>
      <line num="3862" count="1" type="stmt"/>
      <line num="3864" count="0" type="cond" truecount="0" falsecount="2"/>
      <line num="3865" count="0" type="stmt"/>
      <line num="3866" count="0" type="stmt"/>
      <line num="3867" count="0" type="stmt"/>
      <line num="3868" count="0" type="stmt"/>
      <line num="3875" count="1" type="stmt"/>
      <line num="3877" count="0" type="cond" truecount="0" falsecount="2"/>
      <line num="3878" count="0" type="stmt"/>
      <line num="3879" count="0" type="stmt"/>
      <line num="3889" count="1" type="stmt"/>
      <line num="3890" count="0" type="cond" truecount="0" falsecount="2"/>
      <line num="3891" count="0" type="stmt"/>
      <line num="3894" count="0" type="cond" truecount="0" falsecount="2"/>
      <line num="3896" count="0" type="cond" truecount="0" falsecount="2"/>
      <line num="3897" count="0" type="stmt"/>
      <line num="3899" count="0" type="stmt"/>
      <line num="3903" count="0" type="cond" truecount="0" falsecount="2"/>
      <line num="3904" count="0" type="stmt"/>
      <line num="3906" count="0" type="stmt"/>
      <line num="3917" count="1" type="stmt"/>
      <line num="3919" count="0" type="stmt"/>
      <line num="3921" count="0" type="cond" truecount="0" falsecount="2"/>
      <line num="3922" count="0" type="stmt"/>
      <line num="3925" count="0" type="cond" truecount="0" falsecount="2"/>
      <line num="3927" count="0" type="cond" truecount="0" falsecount="2"/>
      <line num="3928" count="0" type="stmt"/>
      <line num="3930" count="0" type="stmt"/>
      <line num="3934" count="0" type="cond" truecount="0" falsecount="2"/>
      <line num="3935" count="0" type="stmt"/>
      <line num="3937" count="0" type="stmt"/>
      <line num="3948" count="1" type="stmt"/>
      <line num="3949" count="0" type="cond" truecount="0" falsecount="2"/>
      <line num="3950" count="0" type="stmt"/>
      <line num="3954" count="0" type="stmt"/>
      <line num="3956" count="0" type="cond" truecount="0" falsecount="2"/>
      <line num="3957" count="0" type="stmt"/>
      <line num="3958" count="0" type="cond" truecount="0" falsecount="2"/>
      <line num="3959" count="0" type="stmt"/>
      <line num="3961" count="0" type="cond" truecount="0" falsecount="2"/>
      <line num="3962" count="0" type="stmt"/>
      <line num="3964" count="0" type="cond" truecount="0" falsecount="2"/>
      <line num="3965" count="0" type="stmt"/>
      <line num="3970" count="0" type="cond" truecount="0" falsecount="4"/>
      <line num="3971" count="0" type="cond" truecount="0" falsecount="2"/>
      <line num="3972" count="0" type="stmt"/>
      <line num="3973" count="0" type="stmt"/>
      <line num="3981" count="0" type="cond" truecount="0" falsecount="4"/>
      <line num="3982" count="0" type="stmt"/>
      <line num="3991" count="1" type="stmt"/>
      <line num="3992" count="0" type="stmt"/>
      <line num="3994" count="0" type="cond" truecount="0" falsecount="2"/>
      <line num="3995" count="0" type="stmt"/>
      <line num="3998" count="0" type="stmt"/>
      <line num="4006" count="1" type="stmt"/>
      <line num="4007" count="0" type="stmt"/>
      <line num="4010" count="0" type="cond" truecount="0" falsecount="2"/>
      <line num="4011" count="0" type="stmt"/>
      <line num="4012" count="0" type="stmt"/>
      <line num="4013" count="0" type="stmt"/>
      <line num="4014" count="0" type="stmt"/>
      <line num="4015" count="0" type="stmt"/>
      <line num="4022" count="0" type="stmt"/>
      <line num="4023" count="0" type="cond" truecount="0" falsecount="2"/>
      <line num="4024" count="0" type="stmt"/>
      <line num="4028" count="0" type="stmt"/>
      <line num="4036" count="1" type="stmt"/>
      <line num="4037" count="0" type="stmt"/>
      <line num="4045" count="1" type="stmt"/>
      <line num="4046" count="0" type="cond" truecount="0" falsecount="4"/>
      <line num="4050" count="0" type="cond" truecount="0" falsecount="2"/>
      <line num="4051" count="0" type="stmt"/>
      <line num="4055" count="0" type="stmt"/>
      <line num="4062" count="1" type="stmt"/>
      <line num="4066" count="0" type="stmt"/>
      <line num="4067" count="0" type="stmt"/>
      <line num="4074" count="1" type="stmt"/>
      <line num="4075" count="0" type="stmt"/>
      <line num="4076" count="0" type="stmt"/>
      <line num="4087" count="1" type="stmt"/>
      <line num="4088" count="0" type="cond" truecount="0" falsecount="4"/>
      <line num="4089" count="0" type="stmt"/>
      <line num="4092" count="0" type="cond" truecount="0" falsecount="2"/>
      <line num="4095" count="0" type="stmt"/>
      <line num="4098" count="0" type="cond" truecount="0" falsecount="2"/>
      <line num="4099" count="0" type="stmt"/>
      <line num="4100" count="0" type="cond" truecount="0" falsecount="2"/>
      <line num="4101" count="0" type="stmt"/>
      <line num="4102" count="0" type="cond" truecount="0" falsecount="2"/>
      <line num="4103" count="0" type="stmt"/>
      <line num="4104" count="0" type="cond" truecount="0" falsecount="2"/>
      <line num="4105" count="0" type="stmt"/>
      <line num="4106" count="0" type="cond" truecount="0" falsecount="2"/>
      <line num="4107" count="0" type="stmt"/>
      <line num="4109" count="0" type="stmt"/>
      <line num="4111" count="0" type="stmt"/>
      <line num="4114" count="0" type="stmt"/>
      <line num="4120" count="1" type="stmt"/>
      <line num="4121" count="0" type="cond" truecount="0" falsecount="2"/>
      <line num="4123" count="0" type="stmt"/>
      <line num="4124" count="0" type="stmt"/>
      <line num="4129" count="0" type="stmt"/>
      <line num="4130" count="0" type="stmt"/>
      <line num="4133" count="0" type="stmt"/>
      <line num="4135" count="0" type="cond" truecount="0" falsecount="2"/>
      <line num="4136" count="0" type="stmt"/>
      <line num="4137" count="0" type="stmt"/>
      <line num="4138" count="0" type="stmt"/>
      <line num="4141" count="0" type="stmt"/>
      <line num="4144" count="1" type="stmt"/>
      <line num="4145" count="0" type="stmt"/>
      <line num="4146" count="0" type="stmt"/>
      <line num="4147" count="0" type="stmt"/>
      <line num="4150" count="1" type="stmt"/>
      <line num="4151" count="0" type="stmt"/>
      <line num="4152" count="0" type="stmt"/>
      <line num="4153" count="0" type="stmt"/>
      <line num="4155" count="0" type="stmt"/>
      <line num="4156" count="0" type="cond" truecount="0" falsecount="2"/>
      <line num="4157" count="0" type="stmt"/>
      <line num="4192" count="0" type="stmt"/>
      <line num="4209" count="0" type="stmt"/>
      <line num="4211" count="0" type="stmt"/>
      <line num="4212" count="0" type="stmt"/>
      <line num="4213" count="0" type="stmt"/>
      <line num="4214" count="0" type="stmt"/>
      <line num="4215" count="0" type="cond" truecount="0" falsecount="2"/>
      <line num="4216" count="0" type="stmt"/>
      <line num="4219" count="0" type="cond" truecount="0" falsecount="2"/>
      <line num="4221" count="0" type="stmt"/>
      <line num="4222" count="0" type="stmt"/>
      <line num="4223" count="0" type="stmt"/>
      <line num="4227" count="0" type="stmt"/>
      <line num="4228" count="0" type="stmt"/>
      <line num="4234" count="0" type="stmt"/>
      <line num="4235" count="0" type="stmt"/>
      <line num="4236" count="0" type="stmt"/>
      <line num="4237" count="0" type="stmt"/>
      <line num="4239" count="0" type="stmt"/>
      <line num="4240" count="0" type="stmt"/>
      <line num="4244" count="0" type="stmt"/>
      <line num="4245" count="0" type="stmt"/>
      <line num="4247" count="0" type="stmt"/>
      <line num="4248" count="0" type="stmt"/>
      <line num="4249" count="0" type="stmt"/>
      <line num="4252" count="0" type="stmt"/>
      <line num="4254" count="0" type="stmt"/>
      <line num="4257" count="1" type="stmt"/>
      <line num="4258" count="0" type="stmt"/>
      <line num="4259" count="0" type="cond" truecount="0" falsecount="2"/>
      <line num="4260" count="0" type="stmt"/>
      <line num="4262" count="0" type="stmt"/>
      <line num="4270" count="1" type="stmt"/>
      <line num="4272" count="0" type="stmt"/>
      <line num="4274" count="0" type="stmt"/>
      <line num="4275" count="0" type="cond" truecount="0" falsecount="2"/>
      <line num="4276" count="0" type="stmt"/>
      <line num="4282" count="0" type="stmt"/>
      <line num="4286" count="0" type="stmt"/>
      <line num="4287" count="0" type="cond" truecount="0" falsecount="2"/>
      <line num="4288" count="0" type="stmt"/>
      <line num="4299" count="0" type="cond" truecount="0" falsecount="2"/>
      <line num="4300" count="0" type="stmt"/>
      <line num="4301" count="0" type="cond" truecount="0" falsecount="2"/>
      <line num="4302" count="0" type="stmt"/>
      <line num="4305" count="0" type="cond" truecount="0" falsecount="4"/>
      <line num="4306" count="0" type="stmt"/>
      <line num="4316" count="0" type="stmt"/>
      <line num="4318" count="0" type="stmt"/>
      <line num="4323" count="0" type="stmt"/>
      <line num="4325" count="0" type="stmt"/>
      <line num="4334" count="1" type="stmt"/>
      <line num="4339" count="0" type="stmt"/>
      <line num="4364" count="0" type="cond" truecount="0" falsecount="2"/>
      <line num="4365" count="0" type="stmt"/>
      <line num="4366" count="0" type="stmt"/>
      <line num="4368" count="0" type="stmt"/>
      <line num="4369" count="0" type="stmt"/>
      <line num="4372" count="0" type="stmt"/>
      <line num="4373" count="0" type="cond" truecount="0" falsecount="2"/>
      <line num="4374" count="0" type="stmt"/>
      <line num="4382" count="1" type="stmt"/>
      <line num="4384" count="0" type="cond" truecount="0" falsecount="2"/>
      <line num="4385" count="0" type="cond" truecount="0" falsecount="2"/>
      <line num="4387" count="0" type="cond" truecount="0" falsecount="4"/>
      <line num="4388" count="0" type="cond" truecount="0" falsecount="4"/>
      <line num="4390" count="0" type="stmt"/>
      <line num="4391" count="0" type="stmt"/>
      <line num="4392" count="0" type="stmt"/>
      <line num="4393" count="0" type="stmt"/>
      <line num="4399" count="0" type="stmt"/>
      <line num="4405" count="1" type="stmt"/>
      <line num="4406" count="0" type="stmt"/>
      <line num="4407" count="0" type="cond" truecount="0" falsecount="4"/>
      <line num="4408" count="0" type="stmt"/>
      <line num="4409" count="0" type="stmt"/>
      <line num="4410" count="0" type="stmt"/>
      <line num="4411" count="0" type="stmt"/>
      <line num="4420" count="1" type="stmt"/>
      <line num="4421" count="0" type="cond" truecount="0" falsecount="4"/>
      <line num="4422" count="0" type="stmt"/>
      <line num="4424" count="0" type="stmt"/>
      <line num="4432" count="1" type="stmt"/>
      <line num="4433" count="0" type="cond" truecount="0" falsecount="2"/>
      <line num="4434" count="0" type="stmt"/>
      <line num="4435" count="0" type="stmt"/>
      <line num="4436" count="0" type="cond" truecount="0" falsecount="4"/>
      <line num="4437" count="0" type="stmt"/>
      <line num="4440" count="0" type="stmt"/>
      <line num="4449" count="1" type="stmt"/>
      <line num="4451" count="0" type="cond" truecount="0" falsecount="2"/>
      <line num="4452" count="0" type="stmt"/>
      <line num="4453" count="0" type="stmt"/>
      <line num="4460" count="1" type="stmt"/>
      <line num="4461" count="0" type="stmt"/>
      <line num="4468" count="1" type="stmt"/>
      <line num="4469" count="0" type="stmt"/>
      <line num="4479" count="1" type="stmt"/>
      <line num="4480" count="0" type="stmt"/>
      <line num="4487" count="1" type="stmt"/>
      <line num="4488" count="0" type="stmt"/>
      <line num="4489" count="0" type="cond" truecount="0" falsecount="2"/>
      <line num="4490" count="0" type="cond" truecount="0" falsecount="2"/>
      <line num="4492" count="0" type="stmt"/>
      <line num="4499" count="1" type="stmt"/>
      <line num="4500" count="0" type="stmt"/>
      <line num="4501" count="0" type="cond" truecount="0" falsecount="2"/>
      <line num="4502" count="0" type="stmt"/>
      <line num="4504" count="0" type="stmt"/>
      <line num="4512" count="1" type="stmt"/>
      <line num="4513" count="0" type="stmt"/>
      <line num="4523" count="1" type="stmt"/>
      <line num="4525" count="0" type="cond" truecount="0" falsecount="2"/>
      <line num="4526" count="0" type="cond" truecount="0" falsecount="2"/>
      <line num="4528" count="0" type="cond" truecount="0" falsecount="2"/>
      <line num="4530" count="0" type="stmt"/>
      <line num="4547" count="1" type="stmt"/>
      <line num="4548" count="0" type="stmt"/>
      <line num="4549" count="0" type="stmt"/>
      <line num="4550" count="0" type="cond" truecount="0" falsecount="2"/>
      <line num="4551" count="0" type="stmt"/>
      <line num="4555" count="0" type="stmt"/>
      <line num="4562" count="1" type="stmt"/>
      <line num="4563" count="0" type="stmt"/>
      <line num="4565" count="0" type="stmt"/>
      <line num="4566" count="0" type="stmt"/>
      <line num="4567" count="0" type="cond" truecount="0" falsecount="4"/>
      <line num="4568" count="0" type="stmt"/>
      <line num="4571" count="0" type="stmt"/>
      <line num="4572" count="0" type="stmt"/>
      <line num="4578" count="0" type="cond" truecount="0" falsecount="2"/>
      <line num="4579" count="0" type="stmt"/>
      <line num="4582" count="0" type="stmt"/>
      <line num="4597" count="1" type="stmt"/>
      <line num="4598" count="0" type="stmt"/>
      <line num="4602" count="0" type="cond" truecount="0" falsecount="2"/>
      <line num="4603" count="0" type="stmt"/>
      <line num="4607" count="0" type="stmt"/>
      <line num="4608" count="0" type="cond" truecount="0" falsecount="2"/>
      <line num="4609" count="0" type="stmt"/>
      <line num="4612" count="0" type="stmt"/>
      <line num="4616" count="0" type="stmt"/>
      <line num="4617" count="0" type="stmt"/>
      <line num="4618" count="0" type="stmt"/>
      <line num="4619" count="0" type="stmt"/>
      <line num="4623" count="0" type="cond" truecount="0" falsecount="2"/>
      <line num="4624" count="0" type="stmt"/>
      <line num="4625" count="0" type="cond" truecount="0" falsecount="2"/>
      <line num="4626" count="0" type="stmt"/>
      <line num="4627" count="0" type="cond" truecount="0" falsecount="2"/>
      <line num="4628" count="0" type="stmt"/>
      <line num="4632" count="0" type="cond" truecount="0" falsecount="2"/>
      <line num="4634" count="0" type="stmt"/>
      <line num="4640" count="0" type="cond" truecount="0" falsecount="2"/>
      <line num="4641" count="0" type="stmt"/>
      <line num="4647" count="0" type="cond" truecount="0" falsecount="2"/>
      <line num="4648" count="0" type="stmt"/>
      <line num="4650" count="0" type="stmt"/>
      <line num="4664" count="1" type="stmt"/>
      <line num="4665" count="0" type="stmt"/>
      <line num="4667" count="0" type="stmt"/>
      <line num="4669" count="0" type="cond" truecount="0" falsecount="2"/>
      <line num="4670" count="0" type="stmt"/>
      <line num="4672" count="0" type="cond" truecount="0" falsecount="2"/>
      <line num="4674" count="0" type="stmt"/>
      <line num="4682" count="0" type="cond" truecount="0" falsecount="2"/>
      <line num="4683" count="0" type="cond" truecount="0" falsecount="2"/>
      <line num="4684" count="0" type="stmt"/>
      <line num="4685" count="0" type="cond" truecount="0" falsecount="2"/>
      <line num="4686" count="0" type="stmt"/>
      <line num="4687" count="0" type="cond" truecount="0" falsecount="2"/>
      <line num="4688" count="0" type="stmt"/>
      <line num="4690" count="0" type="stmt"/>
      <line num="4695" count="0" type="cond" truecount="0" falsecount="2"/>
      <line num="4696" count="0" type="stmt"/>
      <line num="4699" count="0" type="stmt"/>
      <line num="4707" count="1" type="stmt"/>
      <line num="4710" count="0" type="stmt"/>
      <line num="4711" count="0" type="stmt"/>
      <line num="4712" count="0" type="cond" truecount="0" falsecount="2"/>
      <line num="4713" count="0" type="stmt"/>
      <line num="4714" count="0" type="cond" truecount="0" falsecount="2"/>
      <line num="4715" count="0" type="stmt"/>
      <line num="4718" count="0" type="stmt"/>
      <line num="4720" count="0" type="stmt"/>
      <line num="4728" count="1" type="stmt"/>
      <line num="4729" count="0" type="cond" truecount="0" falsecount="4"/>
      <line num="4730" count="0" type="stmt"/>
      <line num="4732" count="0" type="stmt"/>
      <line num="4733" count="0" type="stmt"/>
      <line num="4734" count="0" type="stmt"/>
      <line num="4735" count="0" type="stmt"/>
      <line num="4736" count="0" type="cond" truecount="0" falsecount="2"/>
      <line num="4737" count="0" type="cond" truecount="0" falsecount="2"/>
      <line num="4738" count="0" type="cond" truecount="0" falsecount="2"/>
      <line num="4740" count="0" type="cond" truecount="0" falsecount="2"/>
      <line num="4743" count="0" type="stmt"/>
      <line num="4744" count="0" type="stmt"/>
      <line num="4748" count="0" type="stmt"/>
      <line num="4749" count="0" type="stmt"/>
      <line num="4758" count="1" type="stmt"/>
      <line num="4759" count="0" type="stmt"/>
      <line num="4760" count="0" type="cond" truecount="0" falsecount="5"/>
      <line num="4761" count="0" type="stmt"/>
      <line num="4762" count="0" type="cond" truecount="0" falsecount="2"/>
      <line num="4763" count="0" type="stmt"/>
      <line num="4764" count="0" type="stmt"/>
      <line num="4770" count="1" type="stmt"/>
      <line num="4771" count="0" type="stmt"/>
      <line num="4777" count="1" type="stmt"/>
      <line num="4778" count="0" type="stmt"/>
      <line num="4781" count="1" type="stmt"/>
    </file>
  </project>
</coverage>
