{"/home/shubham/Github/bookreader/BookReader/BookReader.js": {"path":"/home/shubham/Github/bookreader/BookReader/BookReader.js","statementMap":{"0":{"start":{"line":23,"column":0},"end":{"line":4783,"column":11}},"1":{"start":{"line":32,"column":4},"end":{"line":32,"column":28}},"2":{"start":{"line":33,"column":4},"end":{"line":33,"column":96}},"3":{"start":{"line":34,"column":4},"end":{"line":34,"column":24}},"4":{"start":{"line":37,"column":0},"end":{"line":37,"column":29}},"5":{"start":{"line":40,"column":0},"end":{"line":40,"column":28}},"6":{"start":{"line":41,"column":0},"end":{"line":41,"column":28}},"7":{"start":{"line":42,"column":0},"end":{"line":42,"column":30}},"8":{"start":{"line":45,"column":0},"end":{"line":51,"column":2}},"9":{"start":{"line":53,"column":0},"end":{"line":183,"column":2}},"10":{"start":{"line":188,"column":0},"end":{"line":188,"column":32}},"11":{"start":{"line":195,"column":0},"end":{"line":280,"column":2}},"12":{"start":{"line":197,"column":4},"end":{"line":197,"column":27}},"13":{"start":{"line":200,"column":4},"end":{"line":200,"column":48}},"14":{"start":{"line":201,"column":4},"end":{"line":201,"column":48}},"15":{"start":{"line":202,"column":4},"end":{"line":202,"column":52}},"16":{"start":{"line":205,"column":4},"end":{"line":205,"column":20}},"17":{"start":{"line":206,"column":4},"end":{"line":206,"column":37}},"18":{"start":{"line":207,"column":4},"end":{"line":207,"column":35}},"19":{"start":{"line":208,"column":4},"end":{"line":208,"column":21}},"20":{"start":{"line":209,"column":4},"end":{"line":209,"column":29}},"21":{"start":{"line":210,"column":4},"end":{"line":210,"column":25}},"22":{"start":{"line":211,"column":4},"end":{"line":211,"column":41}},"23":{"start":{"line":213,"column":4},"end":{"line":213,"column":26}},"24":{"start":{"line":214,"column":4},"end":{"line":214,"column":49}},"25":{"start":{"line":215,"column":4},"end":{"line":215,"column":45}},"26":{"start":{"line":216,"column":4},"end":{"line":216,"column":51}},"27":{"start":{"line":217,"column":4},"end":{"line":217,"column":45}},"28":{"start":{"line":218,"column":4},"end":{"line":218,"column":28}},"29":{"start":{"line":220,"column":4},"end":{"line":220,"column":31}},"30":{"start":{"line":221,"column":4},"end":{"line":221,"column":19}},"31":{"start":{"line":222,"column":4},"end":{"line":222,"column":29}},"32":{"start":{"line":224,"column":4},"end":{"line":224,"column":27}},"33":{"start":{"line":225,"column":4},"end":{"line":225,"column":39}},"34":{"start":{"line":226,"column":4},"end":{"line":226,"column":39}},"35":{"start":{"line":227,"column":4},"end":{"line":227,"column":29}},"36":{"start":{"line":228,"column":4},"end":{"line":228,"column":29}},"37":{"start":{"line":236,"column":4},"end":{"line":236,"column":27}},"38":{"start":{"line":237,"column":4},"end":{"line":237,"column":40}},"39":{"start":{"line":238,"column":4},"end":{"line":238,"column":36}},"40":{"start":{"line":239,"column":4},"end":{"line":239,"column":27}},"41":{"start":{"line":241,"column":4},"end":{"line":241,"column":37}},"42":{"start":{"line":242,"column":4},"end":{"line":242,"column":35}},"43":{"start":{"line":243,"column":4},"end":{"line":243,"column":47}},"44":{"start":{"line":245,"column":4},"end":{"line":245,"column":53}},"45":{"start":{"line":246,"column":4},"end":{"line":246,"column":35}},"46":{"start":{"line":247,"column":4},"end":{"line":247,"column":35}},"47":{"start":{"line":248,"column":4},"end":{"line":248,"column":61}},"48":{"start":{"line":250,"column":4},"end":{"line":250,"column":39}},"49":{"start":{"line":251,"column":4},"end":{"line":251,"column":35}},"50":{"start":{"line":252,"column":4},"end":{"line":252,"column":43}},"51":{"start":{"line":253,"column":4},"end":{"line":253,"column":45}},"52":{"start":{"line":254,"column":4},"end":{"line":254,"column":39}},"53":{"start":{"line":256,"column":4},"end":{"line":256,"column":37}},"54":{"start":{"line":257,"column":4},"end":{"line":257,"column":39}},"55":{"start":{"line":258,"column":4},"end":{"line":258,"column":51}},"56":{"start":{"line":260,"column":4},"end":{"line":260,"column":73}},"57":{"start":{"line":261,"column":4},"end":{"line":261,"column":25}},"58":{"start":{"line":263,"column":4},"end":{"line":263,"column":51}},"59":{"start":{"line":264,"column":4},"end":{"line":264,"column":39}},"60":{"start":{"line":265,"column":4},"end":{"line":265,"column":45}},"61":{"start":{"line":266,"column":4},"end":{"line":266,"column":22}},"62":{"start":{"line":269,"column":4},"end":{"line":269,"column":29}},"63":{"start":{"line":270,"column":4},"end":{"line":270,"column":79}},"64":{"start":{"line":271,"column":4},"end":{"line":271,"column":83}},"65":{"start":{"line":272,"column":4},"end":{"line":272,"column":85}},"66":{"start":{"line":273,"column":4},"end":{"line":273,"column":76}},"67":{"start":{"line":274,"column":4},"end":{"line":274,"column":79}},"68":{"start":{"line":275,"column":4},"end":{"line":275,"column":76}},"69":{"start":{"line":276,"column":4},"end":{"line":276,"column":79}},"70":{"start":{"line":277,"column":4},"end":{"line":277,"column":94}},"71":{"start":{"line":278,"column":4},"end":{"line":278,"column":88}},"72":{"start":{"line":279,"column":4},"end":{"line":279,"column":19}},"73":{"start":{"line":286,"column":0},"end":{"line":386,"column":2}},"74":{"start":{"line":290,"column":8},"end":{"line":294,"column":11}},"75":{"start":{"line":293,"column":12},"end":{"line":293,"column":25}},"76":{"start":{"line":296,"column":8},"end":{"line":296,"column":64}},"77":{"start":{"line":296,"column":48},"end":{"line":296,"column":61}},"78":{"start":{"line":300,"column":8},"end":{"line":300,"column":51}},"79":{"start":{"line":305,"column":8},"end":{"line":305,"column":51}},"80":{"start":{"line":310,"column":8},"end":{"line":310,"column":53}},"81":{"start":{"line":315,"column":21},"end":{"line":315,"column":67}},"82":{"start":{"line":316,"column":8},"end":{"line":316,"column":41}},"83":{"start":{"line":320,"column":8},"end":{"line":325,"column":10}},"84":{"start":{"line":330,"column":8},"end":{"line":330,"column":61}},"85":{"start":{"line":335,"column":8},"end":{"line":335,"column":62}},"86":{"start":{"line":347,"column":8},"end":{"line":357,"column":10}},"87":{"start":{"line":348,"column":26},"end":{"line":348,"column":30}},"88":{"start":{"line":348,"column":39},"end":{"line":348,"column":48}},"89":{"start":{"line":349,"column":24},"end":{"line":352,"column":13}},"90":{"start":{"line":350,"column":16},"end":{"line":350,"column":31}},"91":{"start":{"line":351,"column":16},"end":{"line":351,"column":58}},"92":{"start":{"line":351,"column":32},"end":{"line":351,"column":58}},"93":{"start":{"line":353,"column":26},"end":{"line":353,"column":47}},"94":{"start":{"line":354,"column":12},"end":{"line":354,"column":34}},"95":{"start":{"line":355,"column":12},"end":{"line":355,"column":46}},"96":{"start":{"line":356,"column":12},"end":{"line":356,"column":51}},"97":{"start":{"line":356,"column":25},"end":{"line":356,"column":51}},"98":{"start":{"line":365,"column":8},"end":{"line":365,"column":41}},"99":{"start":{"line":368,"column":8},"end":{"line":368,"column":36}},"100":{"start":{"line":368,"column":19},"end":{"line":368,"column":36}},"101":{"start":{"line":369,"column":8},"end":{"line":384,"column":10}},"102":{"start":{"line":370,"column":24},"end":{"line":370,"column":28}},"103":{"start":{"line":371,"column":20},"end":{"line":371,"column":29}},"104":{"start":{"line":372,"column":21},"end":{"line":372,"column":30}},"105":{"start":{"line":373,"column":10},"end":{"line":383,"column":11}},"106":{"start":{"line":375,"column":12},"end":{"line":375,"column":37}},"107":{"start":{"line":376,"column":12},"end":{"line":379,"column":27}},"108":{"start":{"line":377,"column":14},"end":{"line":377,"column":25}},"109":{"start":{"line":378,"column":14},"end":{"line":378,"column":38}},"110":{"start":{"line":381,"column":12},"end":{"line":381,"column":23}},"111":{"start":{"line":382,"column":12},"end":{"line":382,"column":36}},"112":{"start":{"line":393,"column":0},"end":{"line":402,"column":1}},"113":{"start":{"line":394,"column":28},"end":{"line":394,"column":51}},"114":{"start":{"line":395,"column":4},"end":{"line":400,"column":5}},"115":{"start":{"line":396,"column":24},"end":{"line":396,"column":68}},"116":{"start":{"line":397,"column":8},"end":{"line":398,"column":48}},"117":{"start":{"line":398,"column":12},"end":{"line":398,"column":48}},"118":{"start":{"line":399,"column":8},"end":{"line":399,"column":38}},"119":{"start":{"line":401,"column":4},"end":{"line":401,"column":40}},"120":{"start":{"line":409,"column":0},"end":{"line":446,"column":1}},"121":{"start":{"line":410,"column":17},"end":{"line":410,"column":19}},"122":{"start":{"line":416,"column":4},"end":{"line":420,"column":5}},"123":{"start":{"line":417,"column":8},"end":{"line":417,"column":59}},"124":{"start":{"line":419,"column":8},"end":{"line":419,"column":25}},"125":{"start":{"line":423,"column":4},"end":{"line":425,"column":5}},"126":{"start":{"line":424,"column":8},"end":{"line":424,"column":74}},"127":{"start":{"line":428,"column":4},"end":{"line":434,"column":5}},"128":{"start":{"line":430,"column":18},"end":{"line":430,"column":39}},"129":{"start":{"line":431,"column":8},"end":{"line":433,"column":9}},"130":{"start":{"line":432,"column":12},"end":{"line":432,"column":31}},"131":{"start":{"line":436,"column":4},"end":{"line":443,"column":5}},"132":{"start":{"line":438,"column":24},"end":{"line":438,"column":71}},"133":{"start":{"line":439,"column":8},"end":{"line":441,"column":9}},"134":{"start":{"line":440,"column":12},"end":{"line":440,"column":47}},"135":{"start":{"line":442,"column":8},"end":{"line":442,"column":45}},"136":{"start":{"line":445,"column":4},"end":{"line":445,"column":18}},"137":{"start":{"line":454,"column":0},"end":{"line":475,"column":2}},"138":{"start":{"line":456,"column":22},"end":{"line":456,"column":39}},"139":{"start":{"line":458,"column":4},"end":{"line":469,"column":5}},"140":{"start":{"line":459,"column":8},"end":{"line":459,"column":31}},"141":{"start":{"line":460,"column":11},"end":{"line":469,"column":5}},"142":{"start":{"line":466,"column":8},"end":{"line":466,"column":37}},"143":{"start":{"line":468,"column":8},"end":{"line":468,"column":37}},"144":{"start":{"line":471,"column":4},"end":{"line":473,"column":5}},"145":{"start":{"line":472,"column":8},"end":{"line":472,"column":37}},"146":{"start":{"line":474,"column":4},"end":{"line":474,"column":20}},"147":{"start":{"line":481,"column":0},"end":{"line":573,"column":1}},"148":{"start":{"line":482,"column":4},"end":{"line":482,"column":33}},"149":{"start":{"line":484,"column":17},"end":{"line":484,"column":34}},"150":{"start":{"line":486,"column":4},"end":{"line":486,"column":54}},"151":{"start":{"line":489,"column":4},"end":{"line":489,"column":100}},"152":{"start":{"line":491,"column":4},"end":{"line":496,"column":28}},"153":{"start":{"line":499,"column":4},"end":{"line":503,"column":5}},"154":{"start":{"line":500,"column":8},"end":{"line":500,"column":40}},"155":{"start":{"line":502,"column":8},"end":{"line":502,"column":43}},"156":{"start":{"line":505,"column":4},"end":{"line":505,"column":76}},"157":{"start":{"line":506,"column":4},"end":{"line":506,"column":49}},"158":{"start":{"line":508,"column":22},"end":{"line":508,"column":49}},"159":{"start":{"line":509,"column":4},"end":{"line":509,"column":28}},"160":{"start":{"line":511,"column":4},"end":{"line":520,"column":5}},"161":{"start":{"line":512,"column":8},"end":{"line":512,"column":31}},"162":{"start":{"line":514,"column":8},"end":{"line":516,"column":9}},"163":{"start":{"line":515,"column":12},"end":{"line":515,"column":49}},"164":{"start":{"line":517,"column":8},"end":{"line":519,"column":9}},"165":{"start":{"line":518,"column":12},"end":{"line":518,"column":30}},"166":{"start":{"line":522,"column":4},"end":{"line":522,"column":29}},"167":{"start":{"line":523,"column":4},"end":{"line":523,"column":21}},"168":{"start":{"line":524,"column":4},"end":{"line":524,"column":33}},"169":{"start":{"line":525,"column":4},"end":{"line":525,"column":34}},"170":{"start":{"line":526,"column":4},"end":{"line":526,"column":25}},"171":{"start":{"line":530,"column":4},"end":{"line":530,"column":50}},"172":{"start":{"line":530,"column":29},"end":{"line":530,"column":50}},"173":{"start":{"line":531,"column":4},"end":{"line":531,"column":34}},"174":{"start":{"line":532,"column":4},"end":{"line":532,"column":29}},"175":{"start":{"line":534,"column":4},"end":{"line":534,"column":45}},"176":{"start":{"line":535,"column":4},"end":{"line":542,"column":7}},"177":{"start":{"line":538,"column":8},"end":{"line":538,"column":51}},"178":{"start":{"line":539,"column":8},"end":{"line":541,"column":9}},"179":{"start":{"line":540,"column":10},"end":{"line":540,"column":38}},"180":{"start":{"line":544,"column":4},"end":{"line":546,"column":7}},"181":{"start":{"line":545,"column":8},"end":{"line":545,"column":24}},"182":{"start":{"line":547,"column":4},"end":{"line":549,"column":7}},"183":{"start":{"line":548,"column":8},"end":{"line":548,"column":24}},"184":{"start":{"line":551,"column":4},"end":{"line":562,"column":5}},"185":{"start":{"line":552,"column":8},"end":{"line":554,"column":11}},"186":{"start":{"line":553,"column":12},"end":{"line":553,"column":25}},"187":{"start":{"line":555,"column":8},"end":{"line":557,"column":11}},"188":{"start":{"line":556,"column":12},"end":{"line":556,"column":25}},"189":{"start":{"line":558,"column":8},"end":{"line":560,"column":11}},"190":{"start":{"line":559,"column":12},"end":{"line":559,"column":25}},"191":{"start":{"line":561,"column":8},"end":{"line":561,"column":39}},"192":{"start":{"line":564,"column":4},"end":{"line":568,"column":7}},"193":{"start":{"line":567,"column":8},"end":{"line":567,"column":21}},"194":{"start":{"line":570,"column":4},"end":{"line":570,"column":49}},"195":{"start":{"line":572,"column":4},"end":{"line":572,"column":34}},"196":{"start":{"line":575,"column":0},"end":{"line":577,"column":2}},"197":{"start":{"line":576,"column":4},"end":{"line":576,"column":59}},"198":{"start":{"line":579,"column":0},"end":{"line":581,"column":2}},"199":{"start":{"line":580,"column":4},"end":{"line":580,"column":53}},"200":{"start":{"line":583,"column":0},"end":{"line":585,"column":2}},"201":{"start":{"line":584,"column":4},"end":{"line":584,"column":53}},"202":{"start":{"line":590,"column":0},"end":{"line":629,"column":2}},"203":{"start":{"line":591,"column":2},"end":{"line":591,"column":38}},"204":{"start":{"line":591,"column":31},"end":{"line":591,"column":38}},"205":{"start":{"line":593,"column":2},"end":{"line":593,"column":27}},"206":{"start":{"line":595,"column":2},"end":{"line":628,"column":3}},"207":{"start":{"line":596,"column":6},"end":{"line":605,"column":7}},"208":{"start":{"line":597,"column":10},"end":{"line":597,"column":35}},"209":{"start":{"line":598,"column":10},"end":{"line":598,"column":32}},"210":{"start":{"line":599,"column":10},"end":{"line":599,"column":60}},"211":{"start":{"line":599,"column":33},"end":{"line":599,"column":60}},"212":{"start":{"line":601,"column":10},"end":{"line":601,"column":32}},"213":{"start":{"line":602,"column":10},"end":{"line":602,"column":37}},"214":{"start":{"line":603,"column":10},"end":{"line":603,"column":60}},"215":{"start":{"line":603,"column":33},"end":{"line":603,"column":60}},"216":{"start":{"line":604,"column":10},"end":{"line":604,"column":36}},"217":{"start":{"line":606,"column":9},"end":{"line":628,"column":3}},"218":{"start":{"line":607,"column":6},"end":{"line":607,"column":34}},"219":{"start":{"line":610,"column":6},"end":{"line":627,"column":7}},"220":{"start":{"line":611,"column":10},"end":{"line":611,"column":36}},"221":{"start":{"line":614,"column":23},"end":{"line":614,"column":50}},"222":{"start":{"line":615,"column":27},"end":{"line":615,"column":32}},"223":{"start":{"line":616,"column":10},"end":{"line":619,"column":11}},"224":{"start":{"line":617,"column":14},"end":{"line":617,"column":39}},"225":{"start":{"line":618,"column":14},"end":{"line":618,"column":32}},"226":{"start":{"line":620,"column":10},"end":{"line":623,"column":11}},"227":{"start":{"line":621,"column":14},"end":{"line":621,"column":39}},"228":{"start":{"line":622,"column":14},"end":{"line":622,"column":32}},"229":{"start":{"line":624,"column":10},"end":{"line":626,"column":11}},"230":{"start":{"line":625,"column":14},"end":{"line":625,"column":77}},"231":{"start":{"line":634,"column":0},"end":{"line":691,"column":2}},"232":{"start":{"line":635,"column":15},"end":{"line":635,"column":19}},"233":{"start":{"line":637,"column":19},"end":{"line":637,"column":21}},"234":{"start":{"line":638,"column":21},"end":{"line":638,"column":23}},"235":{"start":{"line":639,"column":18},"end":{"line":639,"column":20}},"236":{"start":{"line":640,"column":19},"end":{"line":640,"column":21}},"237":{"start":{"line":642,"column":19},"end":{"line":642,"column":21}},"238":{"start":{"line":643,"column":17},"end":{"line":643,"column":19}},"239":{"start":{"line":644,"column":20},"end":{"line":644,"column":22}},"240":{"start":{"line":645,"column":19},"end":{"line":645,"column":21}},"241":{"start":{"line":648,"column":4},"end":{"line":690,"column":7}},"242":{"start":{"line":651,"column":8},"end":{"line":689,"column":9}},"243":{"start":{"line":652,"column":12},"end":{"line":688,"column":13}},"244":{"start":{"line":656,"column":20},"end":{"line":659,"column":21}},"245":{"start":{"line":657,"column":24},"end":{"line":657,"column":43}},"246":{"start":{"line":658,"column":24},"end":{"line":658,"column":36}},"247":{"start":{"line":660,"column":20},"end":{"line":660,"column":26}},"248":{"start":{"line":663,"column":20},"end":{"line":666,"column":21}},"249":{"start":{"line":664,"column":24},"end":{"line":664,"column":43}},"250":{"start":{"line":665,"column":24},"end":{"line":665,"column":36}},"251":{"start":{"line":667,"column":20},"end":{"line":667,"column":26}},"252":{"start":{"line":669,"column":20},"end":{"line":669,"column":39}},"253":{"start":{"line":670,"column":20},"end":{"line":670,"column":32}},"254":{"start":{"line":671,"column":20},"end":{"line":671,"column":26}},"255":{"start":{"line":673,"column":20},"end":{"line":673,"column":39}},"256":{"start":{"line":674,"column":20},"end":{"line":674,"column":33}},"257":{"start":{"line":675,"column":20},"end":{"line":675,"column":26}},"258":{"start":{"line":677,"column":20},"end":{"line":680,"column":21}},"259":{"start":{"line":678,"column":24},"end":{"line":678,"column":43}},"260":{"start":{"line":679,"column":24},"end":{"line":679,"column":36}},"261":{"start":{"line":681,"column":20},"end":{"line":681,"column":26}},"262":{"start":{"line":683,"column":20},"end":{"line":686,"column":21}},"263":{"start":{"line":684,"column":24},"end":{"line":684,"column":43}},"264":{"start":{"line":685,"column":24},"end":{"line":685,"column":37}},"265":{"start":{"line":687,"column":20},"end":{"line":687,"column":26}},"266":{"start":{"line":693,"column":0},"end":{"line":714,"column":1}},"267":{"start":{"line":694,"column":4},"end":{"line":713,"column":7}},"268":{"start":{"line":695,"column":22},"end":{"line":704,"column":9}},"269":{"start":{"line":705,"column":18},"end":{"line":705,"column":23}},"270":{"start":{"line":706,"column":8},"end":{"line":711,"column":9}},"271":{"start":{"line":707,"column":12},"end":{"line":707,"column":43}},"272":{"start":{"line":708,"column":12},"end":{"line":708,"column":37}},"273":{"start":{"line":709,"column":15},"end":{"line":711,"column":9}},"274":{"start":{"line":710,"column":12},"end":{"line":710,"column":40}},"275":{"start":{"line":712,"column":8},"end":{"line":712,"column":24}},"276":{"start":{"line":716,"column":0},"end":{"line":724,"column":2}},"277":{"start":{"line":717,"column":4},"end":{"line":723,"column":5}},"278":{"start":{"line":718,"column":8},"end":{"line":718,"column":32}},"279":{"start":{"line":719,"column":11},"end":{"line":723,"column":5}},"280":{"start":{"line":720,"column":8},"end":{"line":720,"column":34}},"281":{"start":{"line":722,"column":8},"end":{"line":722,"column":32}},"282":{"start":{"line":726,"column":0},"end":{"line":753,"column":2}},"283":{"start":{"line":733,"column":15},"end":{"line":733,"column":19}},"284":{"start":{"line":734,"column":21},"end":{"line":734,"column":22}},"285":{"start":{"line":736,"column":4},"end":{"line":739,"column":7}},"286":{"start":{"line":737,"column":6},"end":{"line":737,"column":82}},"287":{"start":{"line":737,"column":38},"end":{"line":737,"column":82}},"288":{"start":{"line":738,"column":6},"end":{"line":738,"column":26}},"289":{"start":{"line":741,"column":4},"end":{"line":752,"column":7}},"290":{"start":{"line":742,"column":8},"end":{"line":742,"column":27}},"291":{"start":{"line":745,"column":8},"end":{"line":751,"column":9}},"292":{"start":{"line":746,"column":10},"end":{"line":750,"column":11}},"293":{"start":{"line":747,"column":14},"end":{"line":747,"column":27}},"294":{"start":{"line":748,"column":17},"end":{"line":750,"column":11}},"295":{"start":{"line":749,"column":14},"end":{"line":749,"column":28}},"296":{"start":{"line":755,"column":0},"end":{"line":759,"column":2}},"297":{"start":{"line":756,"column":4},"end":{"line":758,"column":7}},"298":{"start":{"line":757,"column":8},"end":{"line":757,"column":19}},"299":{"start":{"line":761,"column":0},"end":{"line":856,"column":2}},"300":{"start":{"line":762,"column":26},"end":{"line":762,"column":57}},"301":{"start":{"line":763,"column":20},"end":{"line":763,"column":60}},"302":{"start":{"line":764,"column":23},"end":{"line":764,"column":50}},"303":{"start":{"line":765,"column":20},"end":{"line":765,"column":62}},"304":{"start":{"line":767,"column":27},"end":{"line":767,"column":29}},"305":{"start":{"line":772,"column":18},"end":{"line":772,"column":19}},"306":{"start":{"line":773,"column":21},"end":{"line":773,"column":22}},"307":{"start":{"line":775,"column":4},"end":{"line":787,"column":5}},"308":{"start":{"line":776,"column":8},"end":{"line":776,"column":63}},"309":{"start":{"line":778,"column":8},"end":{"line":778,"column":29}},"310":{"start":{"line":779,"column":27},"end":{"line":779,"column":78}},"311":{"start":{"line":780,"column":27},"end":{"line":780,"column":84}},"312":{"start":{"line":781,"column":27},"end":{"line":781,"column":78}},"313":{"start":{"line":782,"column":8},"end":{"line":784,"column":9}},"314":{"start":{"line":783,"column":12},"end":{"line":783,"column":37}},"315":{"start":{"line":785,"column":8},"end":{"line":785,"column":30}},"316":{"start":{"line":786,"column":8},"end":{"line":786,"column":25}},"317":{"start":{"line":791,"column":28},"end":{"line":791,"column":47}},"318":{"start":{"line":792,"column":4},"end":{"line":792,"column":44}},"319":{"start":{"line":794,"column":4},"end":{"line":797,"column":5}},"320":{"start":{"line":795,"column":8},"end":{"line":795,"column":27}},"321":{"start":{"line":796,"column":8},"end":{"line":796,"column":51}},"322":{"start":{"line":799,"column":26},"end":{"line":799,"column":69}},"323":{"start":{"line":800,"column":4},"end":{"line":802,"column":5}},"324":{"start":{"line":801,"column":8},"end":{"line":801,"column":49}},"325":{"start":{"line":804,"column":23},"end":{"line":804,"column":53}},"326":{"start":{"line":806,"column":4},"end":{"line":806,"column":16}},"327":{"start":{"line":808,"column":4},"end":{"line":810,"column":5}},"328":{"start":{"line":809,"column":8},"end":{"line":809,"column":68}},"329":{"start":{"line":812,"column":4},"end":{"line":840,"column":5}},"330":{"start":{"line":813,"column":8},"end":{"line":813,"column":36}},"331":{"start":{"line":814,"column":8},"end":{"line":814,"column":66}},"332":{"start":{"line":816,"column":8},"end":{"line":836,"column":9}},"333":{"start":{"line":817,"column":24},"end":{"line":817,"column":71}},"334":{"start":{"line":818,"column":22},"end":{"line":818,"column":51}},"335":{"start":{"line":819,"column":12},"end":{"line":819,"column":59}},"336":{"start":{"line":820,"column":12},"end":{"line":820,"column":44}},"337":{"start":{"line":821,"column":12},"end":{"line":821,"column":43}},"338":{"start":{"line":822,"column":23},"end":{"line":822,"column":43}},"339":{"start":{"line":823,"column":12},"end":{"line":823,"column":33}},"340":{"start":{"line":823,"column":24},"end":{"line":823,"column":33}},"341":{"start":{"line":824,"column":12},"end":{"line":824,"column":41}},"342":{"start":{"line":825,"column":12},"end":{"line":825,"column":43}},"343":{"start":{"line":826,"column":12},"end":{"line":826,"column":45}},"344":{"start":{"line":828,"column":12},"end":{"line":828,"column":42}},"345":{"start":{"line":830,"column":22},"end":{"line":830,"column":51}},"346":{"start":{"line":831,"column":12},"end":{"line":831,"column":62}},"347":{"start":{"line":832,"column":12},"end":{"line":832,"column":56}},"348":{"start":{"line":833,"column":12},"end":{"line":833,"column":43}},"349":{"start":{"line":834,"column":12},"end":{"line":834,"column":45}},"350":{"start":{"line":835,"column":12},"end":{"line":835,"column":33}},"351":{"start":{"line":838,"column":8},"end":{"line":838,"column":30}},"352":{"start":{"line":842,"column":4},"end":{"line":847,"column":5}},"353":{"start":{"line":843,"column":8},"end":{"line":846,"column":9}},"354":{"start":{"line":844,"column":12},"end":{"line":844,"column":45}},"355":{"start":{"line":845,"column":12},"end":{"line":845,"column":46}},"356":{"start":{"line":849,"column":4},"end":{"line":849,"column":53}},"357":{"start":{"line":850,"column":4},"end":{"line":850,"column":54}},"358":{"start":{"line":850,"column":27},"end":{"line":850,"column":54}},"359":{"start":{"line":852,"column":4},"end":{"line":852,"column":40}},"360":{"start":{"line":855,"column":4},"end":{"line":855,"column":35}},"361":{"start":{"line":863,"column":0},"end":{"line":1066,"column":2}},"362":{"start":{"line":864,"column":20},"end":{"line":864,"column":67}},"363":{"start":{"line":869,"column":19},"end":{"line":869,"column":20}},"364":{"start":{"line":870,"column":20},"end":{"line":870,"column":21}},"365":{"start":{"line":871,"column":19},"end":{"line":871,"column":20}},"366":{"start":{"line":872,"column":21},"end":{"line":872,"column":22}},"367":{"start":{"line":873,"column":20},"end":{"line":873,"column":21}},"368":{"start":{"line":874,"column":18},"end":{"line":874,"column":20}},"369":{"start":{"line":876,"column":15},"end":{"line":876,"column":19}},"370":{"start":{"line":882,"column":4},"end":{"line":912,"column":5}},"371":{"start":{"line":883,"column":8},"end":{"line":883,"column":36}},"372":{"start":{"line":884,"column":8},"end":{"line":888,"column":9}},"373":{"start":{"line":885,"column":12},"end":{"line":885,"column":25}},"374":{"start":{"line":886,"column":12},"end":{"line":886,"column":25}},"375":{"start":{"line":887,"column":12},"end":{"line":887,"column":26}},"376":{"start":{"line":890,"column":8},"end":{"line":890,"column":74}},"377":{"start":{"line":890,"column":47},"end":{"line":890,"column":72}},"378":{"start":{"line":891,"column":8},"end":{"line":895,"column":9}},"379":{"start":{"line":892,"column":12},"end":{"line":892,"column":43}},"380":{"start":{"line":893,"column":12},"end":{"line":893,"column":43}},"381":{"start":{"line":894,"column":12},"end":{"line":894,"column":40}},"382":{"start":{"line":896,"column":8},"end":{"line":896,"column":50}},"383":{"start":{"line":897,"column":8},"end":{"line":897,"column":53}},"384":{"start":{"line":898,"column":8},"end":{"line":898,"column":61}},"385":{"start":{"line":900,"column":8},"end":{"line":900,"column":174}},"386":{"start":{"line":901,"column":8},"end":{"line":903,"column":9}},"387":{"start":{"line":902,"column":12},"end":{"line":902,"column":52}},"388":{"start":{"line":904,"column":8},"end":{"line":904,"column":91}},"389":{"start":{"line":904,"column":29},"end":{"line":904,"column":89}},"390":{"start":{"line":905,"column":8},"end":{"line":905,"column":50}},"391":{"start":{"line":906,"column":8},"end":{"line":906,"column":57}},"392":{"start":{"line":906,"column":35},"end":{"line":906,"column":55}},"393":{"start":{"line":907,"column":8},"end":{"line":907,"column":20}},"394":{"start":{"line":909,"column":8},"end":{"line":911,"column":9}},"395":{"start":{"line":910,"column":12},"end":{"line":910,"column":81}},"396":{"start":{"line":915,"column":4},"end":{"line":915,"column":46}},"397":{"start":{"line":917,"column":25},"end":{"line":917,"column":101}},"398":{"start":{"line":920,"column":4},"end":{"line":922,"column":5}},"399":{"start":{"line":921,"column":8},"end":{"line":921,"column":52}},"400":{"start":{"line":924,"column":20},"end":{"line":924,"column":60}},"401":{"start":{"line":925,"column":23},"end":{"line":925,"column":66}},"402":{"start":{"line":927,"column":18},"end":{"line":927,"column":19}},"403":{"start":{"line":928,"column":21},"end":{"line":928,"column":22}},"404":{"start":{"line":929,"column":24},"end":{"line":929,"column":26}},"405":{"start":{"line":932,"column":23},"end":{"line":932,"column":45}},"406":{"start":{"line":933,"column":22},"end":{"line":933,"column":23}},"407":{"start":{"line":936,"column":4},"end":{"line":952,"column":5}},"408":{"start":{"line":937,"column":8},"end":{"line":937,"column":60}},"409":{"start":{"line":938,"column":27},"end":{"line":938,"column":78}},"410":{"start":{"line":939,"column":27},"end":{"line":939,"column":84}},"411":{"start":{"line":940,"column":27},"end":{"line":940,"column":78}},"412":{"start":{"line":941,"column":8},"end":{"line":949,"column":9}},"413":{"start":{"line":942,"column":12},"end":{"line":942,"column":34}},"414":{"start":{"line":943,"column":12},"end":{"line":945,"column":13}},"415":{"start":{"line":944,"column":16},"end":{"line":944,"column":55}},"416":{"start":{"line":946,"column":12},"end":{"line":948,"column":13}},"417":{"start":{"line":947,"column":16},"end":{"line":947,"column":80}},"418":{"start":{"line":950,"column":8},"end":{"line":950,"column":67}},"419":{"start":{"line":950,"column":40},"end":{"line":950,"column":65}},"420":{"start":{"line":951,"column":8},"end":{"line":951,"column":29}},"421":{"start":{"line":955,"column":19},"end":{"line":955,"column":35}},"422":{"start":{"line":956,"column":18},"end":{"line":956,"column":55}},"423":{"start":{"line":957,"column":4},"end":{"line":959,"column":5}},"424":{"start":{"line":958,"column":8},"end":{"line":958,"column":74}},"425":{"start":{"line":958,"column":42},"end":{"line":958,"column":72}},"426":{"start":{"line":960,"column":4},"end":{"line":962,"column":5}},"427":{"start":{"line":961,"column":8},"end":{"line":961,"column":64}},"428":{"start":{"line":961,"column":31},"end":{"line":961,"column":62}},"429":{"start":{"line":974,"column":4},"end":{"line":1033,"column":5}},"430":{"start":{"line":975,"column":8},"end":{"line":1032,"column":9}},"431":{"start":{"line":976,"column":12},"end":{"line":976,"column":35}},"432":{"start":{"line":978,"column":12},"end":{"line":1031,"column":13}},"433":{"start":{"line":979,"column":16},"end":{"line":979,"column":26}},"434":{"start":{"line":980,"column":16},"end":{"line":980,"column":49}},"435":{"start":{"line":982,"column":16},"end":{"line":982,"column":44}},"436":{"start":{"line":983,"column":16},"end":{"line":983,"column":110}},"437":{"start":{"line":984,"column":16},"end":{"line":984,"column":43}},"438":{"start":{"line":985,"column":16},"end":{"line":985,"column":71}},"439":{"start":{"line":986,"column":16},"end":{"line":988,"column":17}},"440":{"start":{"line":987,"column":20},"end":{"line":987,"column":56}},"441":{"start":{"line":990,"column":16},"end":{"line":990,"column":52}},"442":{"start":{"line":991,"column":16},"end":{"line":991,"column":48}},"443":{"start":{"line":992,"column":16},"end":{"line":992,"column":64}},"444":{"start":{"line":994,"column":16},"end":{"line":994,"column":42}},"445":{"start":{"line":995,"column":16},"end":{"line":995,"column":47}},"446":{"start":{"line":996,"column":16},"end":{"line":996,"column":45}},"447":{"start":{"line":997,"column":16},"end":{"line":997,"column":51}},"448":{"start":{"line":998,"column":16},"end":{"line":998,"column":53}},"449":{"start":{"line":1001,"column":16},"end":{"line":1001,"column":51}},"450":{"start":{"line":1002,"column":16},"end":{"line":1002,"column":43}},"451":{"start":{"line":1003,"column":16},"end":{"line":1017,"column":25}},"452":{"start":{"line":1007,"column":18},"end":{"line":1007,"column":96}},"453":{"start":{"line":1008,"column":18},"end":{"line":1013,"column":19}},"454":{"start":{"line":1010,"column":20},"end":{"line":1010,"column":89}},"455":{"start":{"line":1012,"column":20},"end":{"line":1012,"column":89}},"456":{"start":{"line":1014,"column":18},"end":{"line":1014,"column":69}},"457":{"start":{"line":1015,"column":18},"end":{"line":1015,"column":41}},"458":{"start":{"line":1016,"column":18},"end":{"line":1016,"column":42}},"459":{"start":{"line":1018,"column":16},"end":{"line":1018,"column":36}},"460":{"start":{"line":1020,"column":16},"end":{"line":1020,"column":52}},"461":{"start":{"line":1022,"column":16},"end":{"line":1022,"column":52}},"462":{"start":{"line":1023,"column":34},"end":{"line":1023,"column":87}},"463":{"start":{"line":1025,"column":16},"end":{"line":1029,"column":74}},"464":{"start":{"line":1030,"column":16},"end":{"line":1030,"column":36}},"465":{"start":{"line":1037,"column":4},"end":{"line":1045,"column":5}},"466":{"start":{"line":1038,"column":8},"end":{"line":1044,"column":9}},"467":{"start":{"line":1039,"column":12},"end":{"line":1039,"column":40}},"468":{"start":{"line":1040,"column":12},"end":{"line":1043,"column":13}},"469":{"start":{"line":1041,"column":16},"end":{"line":1041,"column":50}},"470":{"start":{"line":1042,"column":16},"end":{"line":1042,"column":50}},"471":{"start":{"line":1048,"column":23},"end":{"line":1048,"column":42}},"472":{"start":{"line":1049,"column":4},"end":{"line":1053,"column":5}},"473":{"start":{"line":1050,"column":8},"end":{"line":1050,"column":44}},"474":{"start":{"line":1051,"column":11},"end":{"line":1053,"column":5}},"475":{"start":{"line":1052,"column":8},"end":{"line":1052,"column":43}},"476":{"start":{"line":1055,"column":4},"end":{"line":1055,"column":47}},"477":{"start":{"line":1058,"column":4},"end":{"line":1058,"column":80}},"478":{"start":{"line":1061,"column":4},"end":{"line":1061,"column":80}},"479":{"start":{"line":1063,"column":4},"end":{"line":1063,"column":30}},"480":{"start":{"line":1065,"column":4},"end":{"line":1065,"column":40}},"481":{"start":{"line":1068,"column":0},"end":{"line":1083,"column":2}},"482":{"start":{"line":1070,"column":4},"end":{"line":1070,"column":84}},"483":{"start":{"line":1072,"column":18},"end":{"line":1072,"column":49}},"484":{"start":{"line":1073,"column":17},"end":{"line":1073,"column":47}},"485":{"start":{"line":1075,"column":15},"end":{"line":1075,"column":19}},"486":{"start":{"line":1077,"column":4},"end":{"line":1082,"column":5}},"487":{"start":{"line":1079,"column":8},"end":{"line":1081,"column":11}},"488":{"start":{"line":1080,"column":12},"end":{"line":1080,"column":37}},"489":{"start":{"line":1085,"column":0},"end":{"line":1120,"column":2}},"490":{"start":{"line":1086,"column":14},"end":{"line":1086,"column":25}},"491":{"start":{"line":1087,"column":15},"end":{"line":1087,"column":19}},"492":{"start":{"line":1089,"column":4},"end":{"line":1114,"column":11}},"493":{"start":{"line":1092,"column":12},"end":{"line":1092,"column":49}},"494":{"start":{"line":1097,"column":12},"end":{"line":1097,"column":71}},"495":{"start":{"line":1097,"column":36},"end":{"line":1097,"column":62}},"496":{"start":{"line":1101,"column":12},"end":{"line":1101,"column":49}},"497":{"start":{"line":1117,"column":4},"end":{"line":1117,"column":39}},"498":{"start":{"line":1119,"column":4},"end":{"line":1119,"column":15}},"499":{"start":{"line":1122,"column":0},"end":{"line":1163,"column":2}},"500":{"start":{"line":1123,"column":25},"end":{"line":1123,"column":49}},"501":{"start":{"line":1126,"column":17},"end":{"line":1126,"column":43}},"502":{"start":{"line":1127,"column":14},"end":{"line":1127,"column":31}},"503":{"start":{"line":1129,"column":4},"end":{"line":1129,"column":57}},"504":{"start":{"line":1130,"column":4},"end":{"line":1130,"column":47}},"505":{"start":{"line":1132,"column":4},"end":{"line":1132,"column":29}},"506":{"start":{"line":1133,"column":4},"end":{"line":1141,"column":32}},"507":{"start":{"line":1143,"column":17},"end":{"line":1143,"column":43}},"508":{"start":{"line":1146,"column":4},"end":{"line":1146,"column":57}},"509":{"start":{"line":1147,"column":4},"end":{"line":1147,"column":29}},"510":{"start":{"line":1148,"column":4},"end":{"line":1156,"column":32}},"511":{"start":{"line":1159,"column":4},"end":{"line":1159,"column":85}},"512":{"start":{"line":1160,"column":4},"end":{"line":1160,"column":31}},"513":{"start":{"line":1161,"column":4},"end":{"line":1161,"column":28}},"514":{"start":{"line":1162,"column":4},"end":{"line":1162,"column":40}},"515":{"start":{"line":1168,"column":0},"end":{"line":1171,"column":2}},"516":{"start":{"line":1176,"column":0},"end":{"line":1200,"column":2}},"517":{"start":{"line":1177,"column":4},"end":{"line":1198,"column":5}},"518":{"start":{"line":1179,"column":12},"end":{"line":1184,"column":13}},"519":{"start":{"line":1181,"column":16},"end":{"line":1181,"column":35}},"520":{"start":{"line":1183,"column":16},"end":{"line":1183,"column":36}},"521":{"start":{"line":1185,"column":12},"end":{"line":1185,"column":17}},"522":{"start":{"line":1187,"column":12},"end":{"line":1192,"column":13}},"523":{"start":{"line":1189,"column":16},"end":{"line":1189,"column":35}},"524":{"start":{"line":1191,"column":16},"end":{"line":1191,"column":36}},"525":{"start":{"line":1193,"column":12},"end":{"line":1193,"column":17}},"526":{"start":{"line":1196,"column":12},"end":{"line":1196,"column":38}},"527":{"start":{"line":1197,"column":12},"end":{"line":1197,"column":17}},"528":{"start":{"line":1199,"column":4},"end":{"line":1199,"column":11}},"529":{"start":{"line":1202,"column":0},"end":{"line":1226,"column":2}},"530":{"start":{"line":1203,"column":4},"end":{"line":1206,"column":5}},"531":{"start":{"line":1204,"column":8},"end":{"line":1204,"column":43}},"532":{"start":{"line":1205,"column":8},"end":{"line":1205,"column":15}},"533":{"start":{"line":1208,"column":23},"end":{"line":1208,"column":93}},"534":{"start":{"line":1210,"column":4},"end":{"line":1213,"column":5}},"535":{"start":{"line":1212,"column":8},"end":{"line":1212,"column":15}},"536":{"start":{"line":1215,"column":4},"end":{"line":1215,"column":38}},"537":{"start":{"line":1216,"column":4},"end":{"line":1216,"column":48}},"538":{"start":{"line":1218,"column":4},"end":{"line":1218,"column":33}},"539":{"start":{"line":1220,"column":4},"end":{"line":1220,"column":29}},"540":{"start":{"line":1221,"column":4},"end":{"line":1221,"column":40}},"541":{"start":{"line":1224,"column":4},"end":{"line":1224,"column":54}},"542":{"start":{"line":1224,"column":27},"end":{"line":1224,"column":54}},"543":{"start":{"line":1225,"column":4},"end":{"line":1225,"column":54}},"544":{"start":{"line":1225,"column":27},"end":{"line":1225,"column":54}},"545":{"start":{"line":1232,"column":0},"end":{"line":1237,"column":1}},"546":{"start":{"line":1233,"column":2},"end":{"line":1236,"column":5}},"547":{"start":{"line":1243,"column":0},"end":{"line":1302,"column":2}},"548":{"start":{"line":1244,"column":21},"end":{"line":1244,"column":63}},"549":{"start":{"line":1245,"column":24},"end":{"line":1245,"column":64}},"550":{"start":{"line":1246,"column":28},"end":{"line":1246,"column":60}},"551":{"start":{"line":1247,"column":27},"end":{"line":1247,"column":58}},"552":{"start":{"line":1251,"column":22},"end":{"line":1251,"column":23}},"553":{"start":{"line":1252,"column":4},"end":{"line":1268,"column":5}},"554":{"start":{"line":1254,"column":25},"end":{"line":1254,"column":42}},"555":{"start":{"line":1255,"column":25},"end":{"line":1255,"column":42}},"556":{"start":{"line":1256,"column":8},"end":{"line":1256,"column":53}},"557":{"start":{"line":1264,"column":26},"end":{"line":1264,"column":87}},"558":{"start":{"line":1265,"column":25},"end":{"line":1265,"column":82}},"559":{"start":{"line":1266,"column":32},"end":{"line":1266,"column":94}},"560":{"start":{"line":1267,"column":8},"end":{"line":1267,"column":60}},"561":{"start":{"line":1271,"column":4},"end":{"line":1271,"column":44}},"562":{"start":{"line":1273,"column":4},"end":{"line":1276,"column":5}},"563":{"start":{"line":1274,"column":30},"end":{"line":1274,"column":111}},"564":{"start":{"line":1275,"column":8},"end":{"line":1275,"column":45}},"565":{"start":{"line":1278,"column":25},"end":{"line":1278,"column":87}},"566":{"start":{"line":1280,"column":4},"end":{"line":1280,"column":58}},"567":{"start":{"line":1281,"column":4},"end":{"line":1281,"column":56}},"568":{"start":{"line":1284,"column":21},"end":{"line":1284,"column":54}},"569":{"start":{"line":1285,"column":17},"end":{"line":1285,"column":90}},"570":{"start":{"line":1286,"column":4},"end":{"line":1286,"column":53}},"571":{"start":{"line":1289,"column":21},"end":{"line":1289,"column":64}},"572":{"start":{"line":1290,"column":18},"end":{"line":1290,"column":77}},"573":{"start":{"line":1291,"column":4},"end":{"line":1291,"column":35}},"574":{"start":{"line":1292,"column":4},"end":{"line":1292,"column":55}},"575":{"start":{"line":1294,"column":4},"end":{"line":1294,"column":36}},"576":{"start":{"line":1295,"column":4},"end":{"line":1295,"column":31}},"577":{"start":{"line":1296,"column":4},"end":{"line":1296,"column":21}},"578":{"start":{"line":1298,"column":4},"end":{"line":1301,"column":5}},"579":{"start":{"line":1299,"column":8},"end":{"line":1299,"column":35}},"580":{"start":{"line":1300,"column":8},"end":{"line":1300,"column":35}},"581":{"start":{"line":1307,"column":0},"end":{"line":1316,"column":2}},"582":{"start":{"line":1308,"column":20},"end":{"line":1308,"column":21}},"583":{"start":{"line":1309,"column":21},"end":{"line":1309,"column":22}},"584":{"start":{"line":1310,"column":4},"end":{"line":1314,"column":5}},"585":{"start":{"line":1310,"column":15},"end":{"line":1310,"column":16}},"586":{"start":{"line":1311,"column":8},"end":{"line":1311,"column":72}},"587":{"start":{"line":1312,"column":20},"end":{"line":1312,"column":58}},"588":{"start":{"line":1313,"column":8},"end":{"line":1313,"column":45}},"589":{"start":{"line":1313,"column":29},"end":{"line":1313,"column":45}},"590":{"start":{"line":1315,"column":4},"end":{"line":1315,"column":51}},"591":{"start":{"line":1322,"column":0},"end":{"line":1331,"column":2}},"592":{"start":{"line":1324,"column":4},"end":{"line":1328,"column":5}},"593":{"start":{"line":1325,"column":8},"end":{"line":1325,"column":50}},"594":{"start":{"line":1327,"column":8},"end":{"line":1327,"column":109}},"595":{"start":{"line":1329,"column":4},"end":{"line":1329,"column":34}},"596":{"start":{"line":1330,"column":4},"end":{"line":1330,"column":19}},"597":{"start":{"line":1337,"column":0},"end":{"line":1340,"column":2}},"598":{"start":{"line":1338,"column":18},"end":{"line":1338,"column":96}},"599":{"start":{"line":1339,"column":4},"end":{"line":1339,"column":31}},"600":{"start":{"line":1342,"column":0},"end":{"line":1348,"column":2}},"601":{"start":{"line":1343,"column":23},"end":{"line":1343,"column":65}},"602":{"start":{"line":1344,"column":24},"end":{"line":1344,"column":66}},"603":{"start":{"line":1345,"column":4},"end":{"line":1347,"column":5}},"604":{"start":{"line":1346,"column":8},"end":{"line":1346,"column":79}},"605":{"start":{"line":1350,"column":0},"end":{"line":1379,"column":2}},"606":{"start":{"line":1351,"column":4},"end":{"line":1351,"column":30}},"607":{"start":{"line":1354,"column":4},"end":{"line":1354,"column":44}},"608":{"start":{"line":1357,"column":26},"end":{"line":1357,"column":96}},"609":{"start":{"line":1358,"column":4},"end":{"line":1361,"column":5}},"610":{"start":{"line":1360,"column":8},"end":{"line":1360,"column":15}},"611":{"start":{"line":1362,"column":4},"end":{"line":1362,"column":51}},"612":{"start":{"line":1363,"column":4},"end":{"line":1363,"column":41}},"613":{"start":{"line":1364,"column":4},"end":{"line":1364,"column":33}},"614":{"start":{"line":1367,"column":20},"end":{"line":1367,"column":47}},"615":{"start":{"line":1371,"column":4},"end":{"line":1375,"column":5}},"616":{"start":{"line":1372,"column":8},"end":{"line":1374,"column":9}},"617":{"start":{"line":1373,"column":12},"end":{"line":1373,"column":44}},"618":{"start":{"line":1378,"column":4},"end":{"line":1378,"column":74}},"619":{"start":{"line":1381,"column":0},"end":{"line":1402,"column":2}},"620":{"start":{"line":1382,"column":21},"end":{"line":1382,"column":38}},"621":{"start":{"line":1383,"column":4},"end":{"line":1390,"column":5}},"622":{"start":{"line":1385,"column":12},"end":{"line":1385,"column":35}},"623":{"start":{"line":1386,"column":12},"end":{"line":1386,"column":18}},"624":{"start":{"line":1388,"column":12},"end":{"line":1388,"column":35}},"625":{"start":{"line":1389,"column":12},"end":{"line":1389,"column":18}},"626":{"start":{"line":1393,"column":4},"end":{"line":1397,"column":5}},"627":{"start":{"line":1394,"column":8},"end":{"line":1394,"column":30}},"628":{"start":{"line":1395,"column":11},"end":{"line":1397,"column":5}},"629":{"start":{"line":1396,"column":8},"end":{"line":1396,"column":30}},"630":{"start":{"line":1399,"column":4},"end":{"line":1401,"column":5}},"631":{"start":{"line":1400,"column":8},"end":{"line":1400,"column":36}},"632":{"start":{"line":1411,"column":0},"end":{"line":1415,"column":2}},"633":{"start":{"line":1412,"column":18},"end":{"line":1412,"column":60}},"634":{"start":{"line":1413,"column":16},"end":{"line":1413,"column":86}},"635":{"start":{"line":1414,"column":4},"end":{"line":1414,"column":27}},"636":{"start":{"line":1423,"column":0},"end":{"line":1436,"column":2}},"637":{"start":{"line":1424,"column":20},"end":{"line":1424,"column":46}},"638":{"start":{"line":1425,"column":19},"end":{"line":1425,"column":47}},"639":{"start":{"line":1428,"column":4},"end":{"line":1434,"column":5}},"640":{"start":{"line":1428,"column":17},"end":{"line":1428,"column":18}},"641":{"start":{"line":1429,"column":8},"end":{"line":1429,"column":68}},"642":{"start":{"line":1430,"column":8},"end":{"line":1433,"column":9}},"643":{"start":{"line":1431,"column":12},"end":{"line":1431,"column":35}},"644":{"start":{"line":1432,"column":12},"end":{"line":1432,"column":51}},"645":{"start":{"line":1435,"column":4},"end":{"line":1435,"column":21}},"646":{"start":{"line":1444,"column":0},"end":{"line":1492,"column":2}},"647":{"start":{"line":1449,"column":4},"end":{"line":1487,"column":5}},"648":{"start":{"line":1450,"column":8},"end":{"line":1450,"column":27}},"649":{"start":{"line":1451,"column":8},"end":{"line":1455,"column":9}},"650":{"start":{"line":1452,"column":12},"end":{"line":1454,"column":13}},"651":{"start":{"line":1453,"column":16},"end":{"line":1453,"column":35}},"652":{"start":{"line":1456,"column":8},"end":{"line":1456,"column":48}},"653":{"start":{"line":1457,"column":11},"end":{"line":1487,"column":5}},"654":{"start":{"line":1458,"column":24},"end":{"line":1458,"column":51}},"655":{"start":{"line":1459,"column":8},"end":{"line":1459,"column":35}},"656":{"start":{"line":1461,"column":8},"end":{"line":1465,"column":9}},"657":{"start":{"line":1462,"column":12},"end":{"line":1464,"column":13}},"658":{"start":{"line":1463,"column":16},"end":{"line":1463,"column":35}},"659":{"start":{"line":1466,"column":8},"end":{"line":1466,"column":48}},"660":{"start":{"line":1467,"column":11},"end":{"line":1487,"column":5}},"661":{"start":{"line":1469,"column":19},"end":{"line":1469,"column":23}},"662":{"start":{"line":1470,"column":6},"end":{"line":1476,"column":7}},"663":{"start":{"line":1471,"column":10},"end":{"line":1475,"column":11}},"664":{"start":{"line":1472,"column":14},"end":{"line":1474,"column":15}},"665":{"start":{"line":1473,"column":18},"end":{"line":1473,"column":47}},"666":{"start":{"line":1477,"column":6},"end":{"line":1479,"column":7}},"667":{"start":{"line":1478,"column":10},"end":{"line":1478,"column":24}},"668":{"start":{"line":1480,"column":11},"end":{"line":1487,"column":5}},"669":{"start":{"line":1482,"column":6},"end":{"line":1486,"column":7}},"670":{"start":{"line":1483,"column":10},"end":{"line":1485,"column":11}},"671":{"start":{"line":1484,"column":14},"end":{"line":1484,"column":41}},"672":{"start":{"line":1489,"column":4},"end":{"line":1489,"column":72}},"673":{"start":{"line":1490,"column":4},"end":{"line":1490,"column":31}},"674":{"start":{"line":1494,"column":0},"end":{"line":1496,"column":2}},"675":{"start":{"line":1495,"column":4},"end":{"line":1495,"column":31}},"676":{"start":{"line":1503,"column":0},"end":{"line":1513,"column":2}},"677":{"start":{"line":1504,"column":20},"end":{"line":1504,"column":49}},"678":{"start":{"line":1506,"column":4},"end":{"line":1509,"column":5}},"679":{"start":{"line":1507,"column":8},"end":{"line":1507,"column":36}},"680":{"start":{"line":1508,"column":8},"end":{"line":1508,"column":20}},"681":{"start":{"line":1512,"column":4},"end":{"line":1512,"column":17}},"682":{"start":{"line":1522,"column":0},"end":{"line":1611,"column":2}},"683":{"start":{"line":1523,"column":15},"end":{"line":1523,"column":19}},"684":{"start":{"line":1524,"column":27},"end":{"line":1524,"column":46}},"685":{"start":{"line":1525,"column":17},"end":{"line":1525,"column":18}},"686":{"start":{"line":1526,"column":18},"end":{"line":1526,"column":19}},"687":{"start":{"line":1527,"column":19},"end":{"line":1527,"column":20}},"688":{"start":{"line":1529,"column":4},"end":{"line":1529,"column":45}},"689":{"start":{"line":1531,"column":4},"end":{"line":1610,"column":5}},"690":{"start":{"line":1534,"column":8},"end":{"line":1538,"column":9}},"691":{"start":{"line":1535,"column":12},"end":{"line":1535,"column":40}},"692":{"start":{"line":1536,"column":15},"end":{"line":1538,"column":9}},"693":{"start":{"line":1537,"column":12},"end":{"line":1537,"column":39}},"694":{"start":{"line":1540,"column":11},"end":{"line":1610,"column":5}},"695":{"start":{"line":1541,"column":24},"end":{"line":1541,"column":71}},"696":{"start":{"line":1543,"column":24},"end":{"line":1543,"column":25}},"697":{"start":{"line":1544,"column":25},"end":{"line":1544,"column":26}},"698":{"start":{"line":1545,"column":23},"end":{"line":1545,"column":24}},"699":{"start":{"line":1546,"column":24},"end":{"line":1546,"column":25}},"700":{"start":{"line":1547,"column":24},"end":{"line":1547,"column":25}},"701":{"start":{"line":1548,"column":24},"end":{"line":1548,"column":25}},"702":{"start":{"line":1550,"column":8},"end":{"line":1564,"column":9}},"703":{"start":{"line":1551,"column":12},"end":{"line":1551,"column":40}},"704":{"start":{"line":1552,"column":12},"end":{"line":1556,"column":13}},"705":{"start":{"line":1553,"column":16},"end":{"line":1553,"column":29}},"706":{"start":{"line":1554,"column":16},"end":{"line":1554,"column":30}},"707":{"start":{"line":1555,"column":16},"end":{"line":1555,"column":30}},"708":{"start":{"line":1558,"column":12},"end":{"line":1558,"column":116}},"709":{"start":{"line":1559,"column":12},"end":{"line":1559,"column":67}},"710":{"start":{"line":1559,"column":42},"end":{"line":1559,"column":65}},"711":{"start":{"line":1560,"column":12},"end":{"line":1560,"column":54}},"712":{"start":{"line":1560,"column":32},"end":{"line":1560,"column":52}},"713":{"start":{"line":1561,"column":12},"end":{"line":1561,"column":77}},"714":{"start":{"line":1561,"column":32},"end":{"line":1561,"column":75}},"715":{"start":{"line":1562,"column":12},"end":{"line":1562,"column":54}},"716":{"start":{"line":1563,"column":12},"end":{"line":1563,"column":24}},"717":{"start":{"line":1565,"column":8},"end":{"line":1565,"column":37}},"718":{"start":{"line":1566,"column":8},"end":{"line":1575,"column":9}},"719":{"start":{"line":1567,"column":12},"end":{"line":1567,"column":29}},"720":{"start":{"line":1569,"column":12},"end":{"line":1569,"column":34}},"721":{"start":{"line":1570,"column":12},"end":{"line":1574,"column":15}},"722":{"start":{"line":1573,"column":16},"end":{"line":1573,"column":39}},"723":{"start":{"line":1578,"column":8},"end":{"line":1578,"column":48}},"724":{"start":{"line":1580,"column":8},"end":{"line":1587,"column":9}},"725":{"start":{"line":1581,"column":12},"end":{"line":1581,"column":54}},"726":{"start":{"line":1582,"column":12},"end":{"line":1582,"column":71}},"727":{"start":{"line":1583,"column":12},"end":{"line":1583,"column":30}},"728":{"start":{"line":1586,"column":12},"end":{"line":1586,"column":40}},"729":{"start":{"line":1589,"column":8},"end":{"line":1596,"column":9}},"730":{"start":{"line":1590,"column":12},"end":{"line":1590,"column":54}},"731":{"start":{"line":1591,"column":12},"end":{"line":1591,"column":70}},"732":{"start":{"line":1592,"column":12},"end":{"line":1592,"column":31}},"733":{"start":{"line":1595,"column":12},"end":{"line":1595,"column":59}},"734":{"start":{"line":1599,"column":8},"end":{"line":1609,"column":9}},"735":{"start":{"line":1600,"column":12},"end":{"line":1600,"column":34}},"736":{"start":{"line":1601,"column":12},"end":{"line":1606,"column":15}},"737":{"start":{"line":1605,"column":16},"end":{"line":1605,"column":39}},"738":{"start":{"line":1608,"column":12},"end":{"line":1608,"column":73}},"739":{"start":{"line":1617,"column":0},"end":{"line":1663,"column":2}},"740":{"start":{"line":1618,"column":4},"end":{"line":1620,"column":5}},"741":{"start":{"line":1619,"column":8},"end":{"line":1619,"column":15}},"742":{"start":{"line":1622,"column":4},"end":{"line":1624,"column":5}},"743":{"start":{"line":1623,"column":8},"end":{"line":1623,"column":15}},"744":{"start":{"line":1626,"column":4},"end":{"line":1626,"column":45}},"745":{"start":{"line":1627,"column":4},"end":{"line":1627,"column":54}},"746":{"start":{"line":1627,"column":27},"end":{"line":1627,"column":54}},"747":{"start":{"line":1629,"column":4},"end":{"line":1631,"column":5}},"748":{"start":{"line":1630,"column":6},"end":{"line":1630,"column":36}},"749":{"start":{"line":1633,"column":4},"end":{"line":1633,"column":21}},"750":{"start":{"line":1636,"column":4},"end":{"line":1638,"column":5}},"751":{"start":{"line":1637,"column":8},"end":{"line":1637,"column":37}},"752":{"start":{"line":1644,"column":4},"end":{"line":1658,"column":5}},"753":{"start":{"line":1645,"column":8},"end":{"line":1645,"column":48}},"754":{"start":{"line":1646,"column":8},"end":{"line":1646,"column":86}},"755":{"start":{"line":1647,"column":8},"end":{"line":1647,"column":34}},"756":{"start":{"line":1648,"column":11},"end":{"line":1658,"column":5}},"757":{"start":{"line":1649,"column":8},"end":{"line":1649,"column":78}},"758":{"start":{"line":1650,"column":8},"end":{"line":1650,"column":36}},"759":{"start":{"line":1654,"column":8},"end":{"line":1654,"column":48}},"760":{"start":{"line":1655,"column":8},"end":{"line":1655,"column":86}},"761":{"start":{"line":1656,"column":8},"end":{"line":1656,"column":34}},"762":{"start":{"line":1657,"column":8},"end":{"line":1657,"column":41}},"763":{"start":{"line":1660,"column":4},"end":{"line":1662,"column":5}},"764":{"start":{"line":1661,"column":6},"end":{"line":1661,"column":57}},"765":{"start":{"line":1665,"column":0},"end":{"line":1682,"column":2}},"766":{"start":{"line":1666,"column":22},"end":{"line":1666,"column":24}},"767":{"start":{"line":1667,"column":4},"end":{"line":1667,"column":49}},"768":{"start":{"line":1668,"column":4},"end":{"line":1668,"column":49}},"769":{"start":{"line":1669,"column":4},"end":{"line":1669,"column":53}},"770":{"start":{"line":1671,"column":4},"end":{"line":1673,"column":38}},"771":{"start":{"line":1675,"column":4},"end":{"line":1681,"column":5}},"772":{"start":{"line":1676,"column":8},"end":{"line":1676,"column":51}},"773":{"start":{"line":1677,"column":8},"end":{"line":1677,"column":56}},"774":{"start":{"line":1679,"column":8},"end":{"line":1679,"column":54}},"775":{"start":{"line":1680,"column":8},"end":{"line":1680,"column":59}},"776":{"start":{"line":1684,"column":0},"end":{"line":1686,"column":2}},"777":{"start":{"line":1685,"column":4},"end":{"line":1685,"column":35}},"778":{"start":{"line":1688,"column":0},"end":{"line":1694,"column":2}},"779":{"start":{"line":1689,"column":4},"end":{"line":1693,"column":5}},"780":{"start":{"line":1690,"column":8},"end":{"line":1690,"column":30}},"781":{"start":{"line":1692,"column":8},"end":{"line":1692,"column":31}},"782":{"start":{"line":1696,"column":0},"end":{"line":1716,"column":2}},"783":{"start":{"line":1697,"column":4},"end":{"line":1697,"column":45}},"784":{"start":{"line":1699,"column":22},"end":{"line":1699,"column":39}},"785":{"start":{"line":1700,"column":4},"end":{"line":1702,"column":5}},"786":{"start":{"line":1701,"column":8},"end":{"line":1701,"column":43}},"787":{"start":{"line":1704,"column":4},"end":{"line":1704,"column":35}},"788":{"start":{"line":1705,"column":4},"end":{"line":1705,"column":27}},"789":{"start":{"line":1707,"column":4},"end":{"line":1707,"column":18}},"790":{"start":{"line":1708,"column":4},"end":{"line":1708,"column":42}},"791":{"start":{"line":1710,"column":4},"end":{"line":1710,"column":64}},"792":{"start":{"line":1712,"column":4},"end":{"line":1714,"column":17}},"793":{"start":{"line":1713,"column":8},"end":{"line":1713,"column":52}},"794":{"start":{"line":1713,"column":30},"end":{"line":1713,"column":52}},"795":{"start":{"line":1715,"column":4},"end":{"line":1715,"column":52}},"796":{"start":{"line":1718,"column":0},"end":{"line":1733,"column":2}},"797":{"start":{"line":1719,"column":4},"end":{"line":1719,"column":45}},"798":{"start":{"line":1721,"column":4},"end":{"line":1721,"column":62}},"799":{"start":{"line":1723,"column":22},"end":{"line":1723,"column":39}},"800":{"start":{"line":1724,"column":4},"end":{"line":1726,"column":5}},"801":{"start":{"line":1725,"column":8},"end":{"line":1725,"column":43}},"802":{"start":{"line":1728,"column":4},"end":{"line":1728,"column":36}},"803":{"start":{"line":1729,"column":4},"end":{"line":1729,"column":26}},"804":{"start":{"line":1731,"column":4},"end":{"line":1731,"column":18}},"805":{"start":{"line":1732,"column":4},"end":{"line":1732,"column":64}},"806":{"start":{"line":1738,"column":0},"end":{"line":1761,"column":2}},"807":{"start":{"line":1739,"column":20},"end":{"line":1739,"column":39}},"808":{"start":{"line":1741,"column":4},"end":{"line":1741,"column":35}},"809":{"start":{"line":1742,"column":4},"end":{"line":1745,"column":7}},"810":{"start":{"line":1747,"column":4},"end":{"line":1747,"column":66}},"811":{"start":{"line":1748,"column":4},"end":{"line":1748,"column":59}},"812":{"start":{"line":1751,"column":4},"end":{"line":1751,"column":44}},"813":{"start":{"line":1752,"column":4},"end":{"line":1752,"column":46}},"814":{"start":{"line":1758,"column":4},"end":{"line":1758,"column":29}},"815":{"start":{"line":1759,"column":4},"end":{"line":1759,"column":32}},"816":{"start":{"line":1760,"column":4},"end":{"line":1760,"column":27}},"817":{"start":{"line":1763,"column":0},"end":{"line":1788,"column":2}},"818":{"start":{"line":1764,"column":4},"end":{"line":1764,"column":35}},"819":{"start":{"line":1765,"column":4},"end":{"line":1768,"column":7}},"820":{"start":{"line":1770,"column":4},"end":{"line":1770,"column":66}},"821":{"start":{"line":1771,"column":4},"end":{"line":1771,"column":59}},"822":{"start":{"line":1772,"column":4},"end":{"line":1772,"column":65}},"823":{"start":{"line":1774,"column":4},"end":{"line":1774,"column":46}},"824":{"start":{"line":1780,"column":4},"end":{"line":1780,"column":64}},"825":{"start":{"line":1781,"column":4},"end":{"line":1781,"column":55}},"826":{"start":{"line":1783,"column":4},"end":{"line":1783,"column":28}},"827":{"start":{"line":1786,"column":4},"end":{"line":1786,"column":51}},"828":{"start":{"line":1787,"column":4},"end":{"line":1787,"column":27}},"829":{"start":{"line":1794,"column":0},"end":{"line":1910,"column":2}},"830":{"start":{"line":1805,"column":4},"end":{"line":1805,"column":35}},"831":{"start":{"line":1806,"column":4},"end":{"line":1806,"column":51}},"832":{"start":{"line":1812,"column":21},"end":{"line":1812,"column":36}},"833":{"start":{"line":1814,"column":4},"end":{"line":1816,"column":5}},"834":{"start":{"line":1815,"column":8},"end":{"line":1815,"column":50}},"835":{"start":{"line":1818,"column":4},"end":{"line":1820,"column":5}},"836":{"start":{"line":1819,"column":8},"end":{"line":1819,"column":49}},"837":{"start":{"line":1822,"column":31},"end":{"line":1822,"column":64}},"838":{"start":{"line":1823,"column":4},"end":{"line":1823,"column":57}},"839":{"start":{"line":1824,"column":4},"end":{"line":1824,"column":57}},"840":{"start":{"line":1826,"column":4},"end":{"line":1826,"column":31}},"841":{"start":{"line":1828,"column":4},"end":{"line":1828,"column":27}},"842":{"start":{"line":1829,"column":4},"end":{"line":1829,"column":20}},"843":{"start":{"line":1833,"column":25},"end":{"line":1833,"column":63}},"844":{"start":{"line":1834,"column":4},"end":{"line":1834,"column":46}},"845":{"start":{"line":1835,"column":4},"end":{"line":1835,"column":50}},"846":{"start":{"line":1838,"column":4},"end":{"line":1838,"column":65}},"847":{"start":{"line":1839,"column":4},"end":{"line":1839,"column":46}},"848":{"start":{"line":1842,"column":4},"end":{"line":1846,"column":7}},"849":{"start":{"line":1850,"column":4},"end":{"line":1852,"column":5}},"850":{"start":{"line":1851,"column":8},"end":{"line":1851,"column":32}},"851":{"start":{"line":1853,"column":4},"end":{"line":1855,"column":5}},"852":{"start":{"line":1854,"column":8},"end":{"line":1854,"column":32}},"853":{"start":{"line":1857,"column":4},"end":{"line":1857,"column":65}},"854":{"start":{"line":1859,"column":4},"end":{"line":1859,"column":58}},"855":{"start":{"line":1860,"column":4},"end":{"line":1864,"column":42}},"856":{"start":{"line":1866,"column":4},"end":{"line":1866,"column":51}},"857":{"start":{"line":1867,"column":4},"end":{"line":1867,"column":45}},"858":{"start":{"line":1869,"column":4},"end":{"line":1875,"column":42}},"859":{"start":{"line":1877,"column":4},"end":{"line":1877,"column":51}},"860":{"start":{"line":1878,"column":4},"end":{"line":1878,"column":45}},"861":{"start":{"line":1879,"column":4},"end":{"line":1885,"column":42}},"862":{"start":{"line":1887,"column":14},"end":{"line":1887,"column":43}},"863":{"start":{"line":1888,"column":4},"end":{"line":1893,"column":42}},"864":{"start":{"line":1895,"column":4},"end":{"line":1895,"column":31}},"865":{"start":{"line":1897,"column":4},"end":{"line":1897,"column":31}},"866":{"start":{"line":1899,"column":4},"end":{"line":1899,"column":28}},"867":{"start":{"line":1900,"column":4},"end":{"line":1900,"column":40}},"868":{"start":{"line":1902,"column":4},"end":{"line":1902,"column":20}},"869":{"start":{"line":1904,"column":4},"end":{"line":1907,"column":5}},"870":{"start":{"line":1905,"column":8},"end":{"line":1905,"column":35}},"871":{"start":{"line":1906,"column":8},"end":{"line":1906,"column":35}},"872":{"start":{"line":1909,"column":4},"end":{"line":1909,"column":27}},"873":{"start":{"line":1917,"column":0},"end":{"line":1969,"column":2}},"874":{"start":{"line":1919,"column":4},"end":{"line":1919,"column":54}},"875":{"start":{"line":1920,"column":4},"end":{"line":1920,"column":51}},"876":{"start":{"line":1921,"column":4},"end":{"line":1923,"column":40}},"877":{"start":{"line":1924,"column":4},"end":{"line":1924,"column":32}},"878":{"start":{"line":1926,"column":4},"end":{"line":1928,"column":7}},"879":{"start":{"line":1927,"column":8},"end":{"line":1927,"column":38}},"880":{"start":{"line":1930,"column":4},"end":{"line":1932,"column":7}},"881":{"start":{"line":1931,"column":8},"end":{"line":1931,"column":38}},"882":{"start":{"line":1934,"column":4},"end":{"line":1938,"column":7}},"883":{"start":{"line":1935,"column":8},"end":{"line":1935,"column":51}},"884":{"start":{"line":1936,"column":24},"end":{"line":1936,"column":65}},"885":{"start":{"line":1937,"column":8},"end":{"line":1937,"column":38}},"886":{"start":{"line":1940,"column":4},"end":{"line":1944,"column":7}},"887":{"start":{"line":1941,"column":8},"end":{"line":1941,"column":51}},"888":{"start":{"line":1942,"column":24},"end":{"line":1942,"column":66}},"889":{"start":{"line":1943,"column":8},"end":{"line":1943,"column":38}},"890":{"start":{"line":1946,"column":4},"end":{"line":1956,"column":7}},"891":{"start":{"line":1947,"column":24},"end":{"line":1947,"column":66}},"892":{"start":{"line":1948,"column":8},"end":{"line":1948,"column":129}},"893":{"start":{"line":1952,"column":8},"end":{"line":1955,"column":11}},"894":{"start":{"line":1958,"column":4},"end":{"line":1968,"column":7}},"895":{"start":{"line":1959,"column":24},"end":{"line":1959,"column":65}},"896":{"start":{"line":1960,"column":8},"end":{"line":1960,"column":128}},"897":{"start":{"line":1964,"column":8},"end":{"line":1967,"column":11}},"898":{"start":{"line":1976,"column":0},"end":{"line":2042,"column":2}},"899":{"start":{"line":1978,"column":22},"end":{"line":1978,"column":48}},"900":{"start":{"line":1979,"column":22},"end":{"line":1979,"column":48}},"901":{"start":{"line":1983,"column":4},"end":{"line":1988,"column":5}},"902":{"start":{"line":1984,"column":8},"end":{"line":1984,"column":70}},"903":{"start":{"line":1987,"column":8},"end":{"line":1987,"column":88}},"904":{"start":{"line":1991,"column":4},"end":{"line":1991,"column":44}},"905":{"start":{"line":1992,"column":4},"end":{"line":1992,"column":42}},"906":{"start":{"line":1995,"column":4},"end":{"line":1995,"column":61}},"907":{"start":{"line":1996,"column":4},"end":{"line":1996,"column":62}},"908":{"start":{"line":1999,"column":4},"end":{"line":1999,"column":59}},"909":{"start":{"line":2000,"column":4},"end":{"line":2000,"column":81}},"910":{"start":{"line":2001,"column":4},"end":{"line":2001,"column":87}},"911":{"start":{"line":2007,"column":4},"end":{"line":2007,"column":107}},"912":{"start":{"line":2009,"column":4},"end":{"line":2009,"column":98}},"913":{"start":{"line":2014,"column":27},"end":{"line":2014,"column":64}},"914":{"start":{"line":2015,"column":30},"end":{"line":2015,"column":100}},"915":{"start":{"line":2016,"column":31},"end":{"line":2016,"column":101}},"916":{"start":{"line":2017,"column":33},"end":{"line":2017,"column":86}},"917":{"start":{"line":2018,"column":4},"end":{"line":2018,"column":131}},"918":{"start":{"line":2019,"column":4},"end":{"line":2019,"column":129}},"919":{"start":{"line":2026,"column":4},"end":{"line":2026,"column":55}},"920":{"start":{"line":2027,"column":4},"end":{"line":2027,"column":86}},"921":{"start":{"line":2031,"column":4},"end":{"line":2031,"column":146}},"922":{"start":{"line":2033,"column":4},"end":{"line":2033,"column":69}},"923":{"start":{"line":2036,"column":4},"end":{"line":2036,"column":96}},"924":{"start":{"line":2037,"column":4},"end":{"line":2037,"column":96}},"925":{"start":{"line":2038,"column":4},"end":{"line":2038,"column":64}},"926":{"start":{"line":2041,"column":4},"end":{"line":2041,"column":36}},"927":{"start":{"line":2044,"column":0},"end":{"line":2097,"column":2}},"928":{"start":{"line":2045,"column":16},"end":{"line":2045,"column":18}},"929":{"start":{"line":2050,"column":23},"end":{"line":2050,"column":26}},"930":{"start":{"line":2052,"column":16},"end":{"line":2055,"column":5}},"931":{"start":{"line":2057,"column":17},"end":{"line":2060,"column":5}},"932":{"start":{"line":2062,"column":27},"end":{"line":2062,"column":53}},"933":{"start":{"line":2063,"column":27},"end":{"line":2063,"column":55}},"934":{"start":{"line":2066,"column":4},"end":{"line":2070,"column":5}},"935":{"start":{"line":2067,"column":8},"end":{"line":2067,"column":32}},"936":{"start":{"line":2069,"column":8},"end":{"line":2069,"column":33}},"937":{"start":{"line":2072,"column":29},"end":{"line":2072,"column":63}},"938":{"start":{"line":2073,"column":29},"end":{"line":2073,"column":87}},"939":{"start":{"line":2074,"column":4},"end":{"line":2074,"column":82}},"940":{"start":{"line":2076,"column":28},"end":{"line":2076,"column":130}},"941":{"start":{"line":2077,"column":29},"end":{"line":2077,"column":103}},"942":{"start":{"line":2079,"column":4},"end":{"line":2079,"column":76}},"943":{"start":{"line":2080,"column":4},"end":{"line":2080,"column":22}},"944":{"start":{"line":2081,"column":4},"end":{"line":2081,"column":72}},"945":{"start":{"line":2083,"column":4},"end":{"line":2083,"column":23}},"946":{"start":{"line":2085,"column":4},"end":{"line":2091,"column":5}},"947":{"start":{"line":2087,"column":8},"end":{"line":2087,"column":51}},"948":{"start":{"line":2090,"column":8},"end":{"line":2090,"column":51}},"949":{"start":{"line":2094,"column":4},"end":{"line":2094,"column":71}},"950":{"start":{"line":2096,"column":4},"end":{"line":2096,"column":17}},"951":{"start":{"line":2105,"column":0},"end":{"line":2120,"column":2}},"952":{"start":{"line":2106,"column":21},"end":{"line":2106,"column":23}},"953":{"start":{"line":2108,"column":29},"end":{"line":2108,"column":63}},"954":{"start":{"line":2109,"column":29},"end":{"line":2109,"column":87}},"955":{"start":{"line":2110,"column":4},"end":{"line":2110,"column":87}},"956":{"start":{"line":2113,"column":22},"end":{"line":2113,"column":86}},"957":{"start":{"line":2114,"column":23},"end":{"line":2114,"column":89}},"958":{"start":{"line":2115,"column":4},"end":{"line":2115,"column":69}},"959":{"start":{"line":2116,"column":4},"end":{"line":2116,"column":67}},"960":{"start":{"line":2117,"column":4},"end":{"line":2117,"column":31}},"961":{"start":{"line":2119,"column":4},"end":{"line":2119,"column":22}},"962":{"start":{"line":2126,"column":0},"end":{"line":2129,"column":2}},"963":{"start":{"line":2127,"column":21},"end":{"line":2127,"column":100}},"964":{"start":{"line":2128,"column":4},"end":{"line":2128,"column":29}},"965":{"start":{"line":2135,"column":0},"end":{"line":2143,"column":2}},"966":{"start":{"line":2136,"column":21},"end":{"line":2136,"column":26}},"967":{"start":{"line":2137,"column":4},"end":{"line":2141,"column":5}},"968":{"start":{"line":2138,"column":8},"end":{"line":2140,"column":9}},"969":{"start":{"line":2139,"column":12},"end":{"line":2139,"column":30}},"970":{"start":{"line":2142,"column":4},"end":{"line":2142,"column":22}},"971":{"start":{"line":2145,"column":0},"end":{"line":2148,"column":2}},"972":{"start":{"line":2146,"column":23},"end":{"line":2146,"column":25}},"973":{"start":{"line":2147,"column":4},"end":{"line":2147,"column":116}},"974":{"start":{"line":2150,"column":0},"end":{"line":2153,"column":2}},"975":{"start":{"line":2151,"column":26},"end":{"line":2151,"column":62}},"976":{"start":{"line":2152,"column":4},"end":{"line":2152,"column":90}},"977":{"start":{"line":2160,"column":0},"end":{"line":2169,"column":2}},"978":{"start":{"line":2162,"column":18},"end":{"line":2162,"column":19}},"979":{"start":{"line":2164,"column":4},"end":{"line":2167,"column":5}},"980":{"start":{"line":2165,"column":8},"end":{"line":2165,"column":57}},"981":{"start":{"line":2166,"column":8},"end":{"line":2166,"column":36}},"982":{"start":{"line":2168,"column":4},"end":{"line":2168,"column":19}},"983":{"start":{"line":2171,"column":0},"end":{"line":2189,"column":2}},"984":{"start":{"line":2172,"column":4},"end":{"line":2174,"column":5}},"985":{"start":{"line":2173,"column":8},"end":{"line":2173,"column":36}},"986":{"start":{"line":2177,"column":17},"end":{"line":2177,"column":19}},"987":{"start":{"line":2178,"column":18},"end":{"line":2178,"column":20}},"988":{"start":{"line":2179,"column":4},"end":{"line":2182,"column":5}},"989":{"start":{"line":2179,"column":17},"end":{"line":2179,"column":18}},"990":{"start":{"line":2180,"column":8},"end":{"line":2180,"column":42}},"991":{"start":{"line":2181,"column":8},"end":{"line":2181,"column":44}},"992":{"start":{"line":2184,"column":4},"end":{"line":2184,"column":18}},"993":{"start":{"line":2185,"column":4},"end":{"line":2185,"column":19}},"994":{"start":{"line":2187,"column":4},"end":{"line":2187,"column":121}},"995":{"start":{"line":2188,"column":4},"end":{"line":2188,"column":32}},"996":{"start":{"line":2195,"column":0},"end":{"line":2202,"column":2}},"997":{"start":{"line":2196,"column":4},"end":{"line":2200,"column":11}},"998":{"start":{"line":2201,"column":4},"end":{"line":2201,"column":57}},"999":{"start":{"line":2204,"column":0},"end":{"line":2211,"column":2}},"1000":{"start":{"line":2205,"column":4},"end":{"line":2209,"column":11}},"1001":{"start":{"line":2210,"column":4},"end":{"line":2210,"column":57}},"1002":{"start":{"line":2216,"column":0},"end":{"line":2230,"column":2}},"1003":{"start":{"line":2217,"column":25},"end":{"line":2217,"column":49}},"1004":{"start":{"line":2218,"column":4},"end":{"line":2229,"column":5}},"1005":{"start":{"line":2220,"column":8},"end":{"line":2221,"column":80}},"1006":{"start":{"line":2221,"column":10},"end":{"line":2221,"column":80}},"1007":{"start":{"line":2222,"column":8},"end":{"line":2223,"column":80}},"1008":{"start":{"line":2223,"column":10},"end":{"line":2223,"column":80}},"1009":{"start":{"line":2225,"column":6},"end":{"line":2226,"column":74}},"1010":{"start":{"line":2226,"column":8},"end":{"line":2226,"column":74}},"1011":{"start":{"line":2227,"column":6},"end":{"line":2228,"column":74}},"1012":{"start":{"line":2228,"column":8},"end":{"line":2228,"column":74}},"1013":{"start":{"line":2237,"column":0},"end":{"line":2247,"column":2}},"1014":{"start":{"line":2239,"column":4},"end":{"line":2246,"column":5}},"1015":{"start":{"line":2240,"column":8},"end":{"line":2240,"column":31}},"1016":{"start":{"line":2241,"column":11},"end":{"line":2246,"column":5}},"1017":{"start":{"line":2243,"column":8},"end":{"line":2243,"column":81}},"1018":{"start":{"line":2245,"column":8},"end":{"line":2245,"column":72}},"1019":{"start":{"line":2254,"column":0},"end":{"line":2260,"column":2}},"1020":{"start":{"line":2255,"column":4},"end":{"line":2255,"column":28}},"1021":{"start":{"line":2256,"column":4},"end":{"line":2258,"column":5}},"1022":{"start":{"line":2257,"column":6},"end":{"line":2257,"column":57}},"1023":{"start":{"line":2259,"column":4},"end":{"line":2259,"column":40}},"1024":{"start":{"line":2265,"column":0},"end":{"line":2271,"column":2}},"1025":{"start":{"line":2266,"column":4},"end":{"line":2270,"column":5}},"1026":{"start":{"line":2267,"column":8},"end":{"line":2267,"column":20}},"1027":{"start":{"line":2269,"column":8},"end":{"line":2269,"column":20}},"1028":{"start":{"line":2276,"column":0},"end":{"line":2282,"column":2}},"1029":{"start":{"line":2277,"column":4},"end":{"line":2281,"column":5}},"1030":{"start":{"line":2278,"column":8},"end":{"line":2278,"column":20}},"1031":{"start":{"line":2280,"column":8},"end":{"line":2280,"column":21}},"1032":{"start":{"line":2287,"column":0},"end":{"line":2293,"column":2}},"1033":{"start":{"line":2288,"column":4},"end":{"line":2292,"column":5}},"1034":{"start":{"line":2289,"column":8},"end":{"line":2289,"column":20}},"1035":{"start":{"line":2291,"column":8},"end":{"line":2291,"column":20}},"1036":{"start":{"line":2298,"column":0},"end":{"line":2304,"column":2}},"1037":{"start":{"line":2299,"column":4},"end":{"line":2303,"column":5}},"1038":{"start":{"line":2300,"column":8},"end":{"line":2300,"column":21}},"1039":{"start":{"line":2302,"column":8},"end":{"line":2302,"column":20}},"1040":{"start":{"line":2306,"column":0},"end":{"line":2315,"column":2}},"1041":{"start":{"line":2307,"column":4},"end":{"line":2314,"column":5}},"1042":{"start":{"line":2308,"column":8},"end":{"line":2308,"column":49}},"1043":{"start":{"line":2309,"column":8},"end":{"line":2309,"column":34}},"1044":{"start":{"line":2311,"column":8},"end":{"line":2313,"column":9}},"1045":{"start":{"line":2312,"column":12},"end":{"line":2312,"column":50}},"1046":{"start":{"line":2317,"column":0},"end":{"line":2326,"column":2}},"1047":{"start":{"line":2318,"column":4},"end":{"line":2325,"column":5}},"1048":{"start":{"line":2319,"column":8},"end":{"line":2319,"column":49}},"1049":{"start":{"line":2320,"column":8},"end":{"line":2320,"column":35}},"1050":{"start":{"line":2322,"column":8},"end":{"line":2324,"column":9}},"1051":{"start":{"line":2323,"column":12},"end":{"line":2323,"column":50}},"1052":{"start":{"line":2328,"column":0},"end":{"line":2330,"column":2}},"1053":{"start":{"line":2329,"column":4},"end":{"line":2329,"column":51}},"1054":{"start":{"line":2332,"column":0},"end":{"line":2334,"column":2}},"1055":{"start":{"line":2333,"column":4},"end":{"line":2333,"column":50}},"1056":{"start":{"line":2339,"column":0},"end":{"line":2354,"column":2}},"1057":{"start":{"line":2340,"column":4},"end":{"line":2353,"column":5}},"1058":{"start":{"line":2341,"column":8},"end":{"line":2344,"column":9}},"1059":{"start":{"line":2343,"column":12},"end":{"line":2343,"column":31}},"1060":{"start":{"line":2346,"column":8},"end":{"line":2349,"column":10}},"1061":{"start":{"line":2350,"column":8},"end":{"line":2350,"column":20}},"1062":{"start":{"line":2352,"column":8},"end":{"line":2352,"column":21}},"1063":{"start":{"line":2359,"column":0},"end":{"line":2374,"column":2}},"1064":{"start":{"line":2360,"column":4},"end":{"line":2373,"column":5}},"1065":{"start":{"line":2361,"column":8},"end":{"line":2364,"column":9}},"1066":{"start":{"line":2363,"column":12},"end":{"line":2363,"column":31}},"1067":{"start":{"line":2366,"column":8},"end":{"line":2369,"column":10}},"1068":{"start":{"line":2370,"column":8},"end":{"line":2370,"column":20}},"1069":{"start":{"line":2372,"column":8},"end":{"line":2372,"column":21}},"1070":{"start":{"line":2379,"column":0},"end":{"line":2386,"column":2}},"1071":{"start":{"line":2380,"column":4},"end":{"line":2383,"column":5}},"1072":{"start":{"line":2382,"column":8},"end":{"line":2382,"column":132}},"1073":{"start":{"line":2385,"column":4},"end":{"line":2385,"column":71}},"1074":{"start":{"line":2391,"column":0},"end":{"line":2426,"column":2}},"1075":{"start":{"line":2392,"column":4},"end":{"line":2392,"column":47}},"1076":{"start":{"line":2392,"column":40},"end":{"line":2392,"column":47}},"1077":{"start":{"line":2394,"column":20},"end":{"line":2394,"column":46}},"1078":{"start":{"line":2396,"column":4},"end":{"line":2396,"column":31}},"1079":{"start":{"line":2396,"column":24},"end":{"line":2396,"column":31}},"1080":{"start":{"line":2398,"column":4},"end":{"line":2401,"column":5}},"1081":{"start":{"line":2399,"column":8},"end":{"line":2399,"column":52}},"1082":{"start":{"line":2400,"column":8},"end":{"line":2400,"column":15}},"1083":{"start":{"line":2403,"column":4},"end":{"line":2405,"column":5}},"1084":{"start":{"line":2404,"column":8},"end":{"line":2404,"column":30}},"1085":{"start":{"line":2407,"column":4},"end":{"line":2407,"column":40}},"1086":{"start":{"line":2409,"column":26},"end":{"line":2409,"column":54}},"1087":{"start":{"line":2411,"column":4},"end":{"line":2413,"column":5}},"1088":{"start":{"line":2412,"column":8},"end":{"line":2412,"column":15}},"1089":{"start":{"line":2415,"column":4},"end":{"line":2415,"column":26}},"1090":{"start":{"line":2417,"column":4},"end":{"line":2425,"column":5}},"1091":{"start":{"line":2419,"column":8},"end":{"line":2419,"column":76}},"1092":{"start":{"line":2420,"column":8},"end":{"line":2420,"column":69}},"1093":{"start":{"line":2423,"column":21},"end":{"line":2423,"column":88}},"1094":{"start":{"line":2424,"column":8},"end":{"line":2424,"column":77}},"1095":{"start":{"line":2433,"column":0},"end":{"line":2569,"column":2}},"1096":{"start":{"line":2434,"column":19},"end":{"line":2434,"column":45}},"1097":{"start":{"line":2436,"column":28},"end":{"line":2436,"column":74}},"1098":{"start":{"line":2437,"column":28},"end":{"line":2437,"column":57}},"1099":{"start":{"line":2438,"column":23},"end":{"line":2438,"column":60}},"1100":{"start":{"line":2440,"column":23},"end":{"line":2440,"column":53}},"1101":{"start":{"line":2441,"column":23},"end":{"line":2441,"column":54}},"1102":{"start":{"line":2442,"column":23},"end":{"line":2442,"column":54}},"1103":{"start":{"line":2444,"column":15},"end
[...]
,"474":0,"475":0,"476":0,"477":0,"478":0,"479":0,"480":0,"481":1,"482":0,"483":0,"484":0,"485":0,"486":0,"487":0,"488":0,"489":1,"490":0,"491":0,"492":0,"493":0,"494":0,"495":0,"496":0,"497":0,"498":0,"499":1,"500":0,"501":0,"502":0,"503":0,"504":0,"505":0,"506":0,"507":0,"508":0,"509":0,"510":0,"511":0,"512":0,"513":0,"514":0,"515":1,"516":1,"517":0,"518":0,"519":0,"520":0,"521":0,"522":0,"523":0,"524":0,"525":0,"526":0,"527":0,"528":0,"529":1,"530":0,"531":0,"532":0,"533":0,"534":0,"535":0,"536":0,"537":0,"538":0,"539":0,"540":0,"541":0,"542":0,"543":0,"544":0,"545":1,"546":0,"547":1,"548":0,"549":0,"550":0,"551":0,"552":0,"553":0,"554":0,"555":0,"556":0,"557":0,"558":0,"559":0,"560":0,"561":0,"562":0,"563":0,"564":0,"565":0,"566":0,"567":0,"568":0,"569":0,"570":0,"571":0,"572":0,"573":0,"574":0,"575":0,"576":0,"577":0,"578":0,"579":0,"580":0,"581":1,"582":0,"583":0,"584":0,"585":0,"586":0,"587":0,"588":0,"589":0,"590":0,"591":1,"592":0,"593":0,"594":0,"595":0,"596":0,"597":1,"598":0,"599":0,"600":1,"601":0,"602":0,"603":0,"604":0,"605":1,"606":0,"607":0,"608":0,"609":0,"610":0,"611":0,"612":0,"613":0,"614":0,"615":0,"616":0,"617":0,"618":0,"619":1,"620":0,"621":0,"622":0,"623":0,"624":0,"625":0,"626":0,"627":0,"628":0,"629":0,"630":0,"631":0,"632":1,"633":0,"634":0,"635":0,"636":1,"637":0,"638":0,"639":0,"640":0,"641":0,"642":0,"643":0,"644":0,"645":0,"646":1,"647":0,"648":0,"649":0,"650":0,"651":0,"652":0,"653":0,"654":0,"655":0,"656":0,"657":0,"658":0,"659":0,"660":0,"661":0,"662":0,"663":0,"664":0,"665":0,"666":0,"667":0,"668":0,"669":0,"670":0,"671":0,"672":0,"673":0,"674":1,"675":0,"676":1,"677":0,"678":0,"679":0,"680":0,"681":0,"682":1,"683":0,"684":0,"685":0,"686":0,"687":0,"688":0,"689":0,"690":0,"691":0,"692":0,"693":0,"694":0,"695":0,"696":0,"697":0,"698":0,"699":0,"700":0,"701":0,"702":0,"703":0,"704":0,"705":0,"706":0,"707":0,"708":0,"709":0,"710":0,"711":0,"712":0,"713":0,"714":0,"715":0,"716":0,"717":0,"718":0,"719":0,"720":0,"721":0,"722":0,"723":0,"724":0,"725":0,"726":0,"727":0,"728":0,"729":0,"730":0,"731":0,"732":0,"733":0,"734":0,"735":0,"736":0,"737":0,"738":0,"739":1,"740":0,"741":0,"742":0,"743":0,"744":0,"745":0,"746":0,"747":0,"748":0,"749":0,"750":0,"751":0,"752":0,"753":0,"754":0,"755":0,"756":0,"757":0,"758":0,"759":0,"760":0,"761":0,"762":0,"763":0,"764":0,"765":1,"766":0,"767":0,"768":0,"769":0,"770":0,"771":0,"772":0,"773":0,"774":0,"775":0,"776":1,"777":0,"778":1,"779":0,"780":0,"781":0,"782":1,"783":0,"784":0,"785":0,"786":0,"787":0,"788":0,"789":0,"790":0,"791":0,"792":0,"793":0,"794":0,"795":0,"796":1,"797":0,"798":0,"799":0,"800":0,"801":0,"802":0,"803":0,"804":0,"805":0,"806":1,"807":0,"808":0,"809":0,"810":0,"811":0,"812":0,"813":0,"814":0,"815":0,"816":0,"817":1,"818":0,"819":0,"820":0,"821":0,"822":0,"823":0,"824":0,"825":0,"826":0,"827":0,"828":0,"829":1,"830":0,"831":0,"832":0,"833":0,"834":0,"835":0,"836":0,"837":0,"838":0,"839":0,"840":0,"841":0,"842":0,"843":0,"844":0,"845":0,"846":0,"847":0,"848":0,"849":0,"850":0,"851":0,"852":0,"853":0,"854":0,"855":0,"856":0,"857":0,"858":0,"859":0,"860":0,"861":0,"862":0,"863":0,"864":0,"865":0,"866":0,"867":0,"868":0,"869":0,"870":0,"871":0,"872":0,"873":1,"874":0,"875":0,"876":0,"877":0,"878":0,"879":0,"880":0,"881":0,"882":0,"883":0,"884":0,"885":0,"886":0,"887":0,"888":0,"889":0,"890":0,"891":0,"892":0,"893":0,"894":0,"895":0,"896":0,"897":0,"898":1,"899":0,"900":0,"901":0,"902":0,"903":0,"904":0,"905":0,"906":0,"907":0,"908":0,"909":0,"910":0,"911":0,"912":0,"913":0,"914":0,"915":0,"916":0,"917":0,"918":0,"919":0,"920":0,"921":0,"922":0,"923":0,"924":0,"925":0,"926":0,"927":1,"928":0,"929":0,"930":0,"931":0,"932":0,"933":0,"934":0,"935":0,"936":0,"937":0,"938":0,"939":0,"940":0,"941":0,"942":0,"943":0,"944":0,"945":0,"946":0,"947":0,"948":0,"949":0,"950":0,"951":1,"952":0,"953":0,"954":0,"955":0,"956":0,"957":0,"958":0,"959":0,"960":0,"961":0,"962":1,"963":0,"964":0,"965":1,"966":0,"967":0,"968":0,"969":0,"970":0,"971":1,"972":0,"973":0,"974":1,"975":0,"976":0,"977":1,"978":0,"979":0,"980":0,"981":0,"982":0,"983":1,"984":0,"985":0,"986":0,"987":0,"988":0,"989":0,"990":0,"991":0,"992":0,"993":0,"994":0,"995":0,"996":1,"997":0,"998":0,"999":1,"1000":0,"1001":0,"1002":1,"1003":0,"1004":0,"1005":0,"1006":0,"1007":0,"1008":0,"1009":0,"1010":0,"1011":0,"1012":0,"1013":1,"1014":0,"1015":0,"1016":0,"1017":0,"1018":0,"1019":1,"1020":0,"1021":0,"1022":0,"1023":0,"1024":1,"1025":0,"1026":0,"1027":0,"1028":1,"1029":0,"1030":0,"1031":0,"1032":1,"1033":0,"1034":0,"1035":0,"1036":1,"1037":0,"1038":0,"1039":0,"1040":1,"1041":0,"1042":0,"1043":0,"1044":0,"1045":0,"1046":1,"1047":0,"1048":0,"1049":0,"1050":0,"1051":0,"1052":1,"1053":0,"1054":1,"1055":0,"1056":1,"1057":0,"1058":0,"1059":0,"1060":0,"1061":0,"1062":0,"1063":1,"1064":0,"1065":0,"1066":0,"1067":0,"1068":0,"1069":0,"1070":1,"1071":0,"1072":0,"1073":0,"1074":1,"1075":0,"1076":0,"1077":0,"1078":0,"1079":0,"1080":0,"1081":0,"1082":0,"1083":0,"1084":0,"1085":0,"1086":0,"1087":0,"1088":0,"1089":0,"1090":0,"1091":0,"1092":0,"1093":0,"1094":0,"1095":1,"1096":0,"1097":0,"1098":0,"1099":0,"1100":0,"1101":0,"1102":0,"1103":0,"1104":0,"1105":0,"1106":0,"1107":0,"1108":0,"1109":0,"1110":0,"1111":0,"1112":0,"1113":0,"1114":0,"1115":0,"1116":0,"1117":0,"1118":0,"1119":0,"1120":0,"1121":0,"1122":0,"1123":0,"1124":0,"1125":0,"1126":0,"1127":0,"1128":0,"1129":0,"1130":0,"1131":0,"1132":0,"1133":0,"1134":0,"1135":0,"1136":0,"1137":0,"1138":0,"1139":0,"1140":0,"1141":0,"1142":0,"1143":0,"1144":0,"1145":0,"1146":0,"1147":1,"1148":0,"1149":0,"1150":0,"1151":0,"1152":0,"1153":0,"1154":0,"1155":0,"1156":0,"1157":0,"1158":0,"1159":0,"1160":0,"1161":0,"1162":0,"1163":0,"1164":0,"1165":1,"1166":0,"1167":0,"1168":0,"1169":0,"1170":0,"1171":0,"1172":0,"1173":0,"1174":0,"1175":0,"1176":0,"1177":0,"1178":0,"1179":0,"1180":0,"1181":0,"1182":0,"1183":0,"1184":0,"1185":0,"1186":0,"1187":0,"1188":0,"1189":0,"1190":0,"1191":0,"1192":0,"1193":0,"1194":0,"1195":0,"1196":0,"1197":0,"1198":0,"1199":0,"1200":0,"1201":0,"1202":0,"1203":0,"1204":0,"1205":0,"1206":0,"1207":0,"1208":0,"1209":0,"1210":0,"1211":0,"1212":0,"1213":0,"1214":0,"1215":1,"1216":0,"1217":0,"1218":0,"1219":0,"1220":0,"1221":0,"1222":0,"1223":0,"1224":0,"1225":0,"1226":0,"1227":0,"1228":0,"1229":0,"1230":0,"1231":0,"1232":1,"1233":0,"1234":0,"1235":0,"1236":0,"1237":0,"1238":0,"1239":0,"1240":0,"1241":0,"1242":0,"1243":0,"1244":0,"1245":0,"1246":0,"1247":1,"1248":0,"1249":0,"1250":0,"1251":0,"1252":0,"1253":0,"1254":0,"1255":0,"1256":0,"1257":0,"1258":0,"1259":0,"1260":0,"1261":0,"1262":0,"1263":1,"1264":0,"1265":0,"1266":0,"1267":0,"1268":0,"1269":0,"1270":0,"1271":0,"1272":0,"1273":0,"1274":0,"1275":0,"1276":0,"1277":0,"1278":0,"1279":0,"1280":1,"1281":0,"1282":0,"1283":0,"1284":0,"1285":0,"1286":1,"1287":0,"1288":0,"1289":0,"1290":0,"1291":0,"1292":0,"1293":0,"1294":0,"1295":0,"1296":0,"1297":0,"1298":0,"1299":0,"1300":0,"1301":0,"1302":1,"1303":0,"1304":0,"1305":0,"1306":1,"1307":0,"1308":1,"1309":0,"1310":1,"1311":0,"1312":1,"1313":0,"1314":0,"1315":0,"1316":0,"1317":0,"1318":0,"1319":1,"1320":0,"1321":0,"1322":0,"1323":0,"1324":0,"1325":0,"1326":0,"1327":0,"1328":0,"1329":0,"1330":0,"1331":0,"1332":0,"1333":0,"1334":0,"1335":0,"1336":0,"1337":0,"1338":1,"1339":0,"1340":1,"1341":0,"1342":0,"1343":0,"1344":0,"1345":1,"1346":0,"1347":1,"1348":0,"1349":1,"1350":0,"1351":1,"1352":0,"1353":0,"1354":0,"1355":0,"1356":0,"1357":0,"1358":0,"1359":0,"1360":0,"1361":0,"1362":1,"1363":0,"1364":0,"1365":0,"1366":0,"1367":0,"1368":0,"1369":0,"1370":0,"1371":0,"1372":1,"1373":0,"1374":1,"1375":0,"1376":0,"1377":0,"1378":0,"1379":1,"1380":0,"1381":0,"1382":0,"1383":1,"1384":0,"1385":0,"1386":0,"1387":0,"1388":0,"1389":0,"1390":0,"1391":1,"1392":0,"1393":0,"1394":0,"1395":0,"1396":0,"1397":0,"1398":0,"1399":1,"1400":0,"1401":0,"1402":0,"1403":0,"1404":0,"1405":0,"1406":0,"1407":0,"1408":0,"1409":0,"1410":0,"1411":0,"1412":0,"1413":0,"1414":0,"1415":0,"1416":1,"1417":0,"1418":0,"1419":0,"1420":0,"1421":0,"1422":0,"1423":1,"1424":0,"1425":0,"1426":0,"1427":0,"1428":0,"1429":0,"1430":0,"1431":0,"1432":0,"1433":0,"1434":0,"1435":0,"1436":1,"1437":0,"1438":0,"1439":0,"1440":0,"1441":0,"1442":0,"1443":1,"1444":0,"1445":1,"1446":0,"1447":0,"1448":1,"1449":1,"1450":1,"1451":0,"1452":0,"1453":0,"1454":0,"1455":0,"1456":0,"1457":0,"1458":0,"1459":0,"1460":0,"1461":1,"1462":0,"1463":0,"1464":0,"1465":0,"1466":0,"1467":0,"1468":0,"1469":0,"1470":0,"1471":0,"1472":0,"1473":0,"1474":0,"1475":0,"1476":0,"1477":0,"1478":0,"1479":0,"1480":0,"1481":0,"1482":0,"1483":1,"1484":0,"1485":1,"1486":0,"1487":1,"1488":0,"1489":0,"1490":0,"1491":0,"1492":0,"1493":0,"1494":0,"1495":0,"1496":0,"1497":0,"1498":0,"1499":1,"1500":0,"1501":0,"1502":0,"1503":0,"1504":0,"1505":0,"1506":0,"1507":0,"1508":0,"1509":0,"1510":0,"1511":0,"1512":0,"1513":0,"1514":0,"1515":0,"1516":0,"1517":0,"1518":0,"1519":0,"1520":0,"1521":0,"1522":0,"1523":0,"1524":0,"1525":0,"1526":0,"1527":0,"1528":0,"1529":0,"1530":0,"1531":0,"1532":0,"1533":0,"1534":0,"1535":0,"1536":0,"1537":0,"1538":0,"1539":0,"1540":0,"1541":0,"1542":0,"1543":0,"1544":0,"1545":0,"1546":0,"1547":0,"1548":0,"1549":0,"1550":0,"1551":0,"1552":0,"1553":0,"1554":0,"1555":0,"1556":0,"1557":0,"1558":0,"1559":0,"1560":0,"1561":0,"1562":0,"1563":0,"1564":0,"1565":0,"1566":0,"1567":0,"1568":0,"1569":0,"1570":0,"1571":0,"1572":0,"1573":0,"1574":0,"1575":0,"1576":0,"1577":0,"1578":0,"1579":0,"1580":0,"1581":0,"1582":0,"1583":0,"1584":0,"1585":0,"1586":0,"1587":0,"1588":0,"1589":0,"1590":0,"1591":0,"1592":0,"1593":1,"1594":0,"1595":1,"1596":0,"1597":0,"1598":0,"1599":0,"1600":0,"1601":1,"1602":0,"1603":1,"1604":0,"1605":0,"1606":0,"1607":0,"1608":0,"1609":0,"1610":0,"1611":0,"1612":0,"1613":0,"1614":0,"1615":1,"1616":0,"1617":0,"1618":0,"1619":0,"1620":0,"1621":0,"1622":0,"1623":0,"1624":0,"1625":0,"1626":0,"1627":0,"1628":0,"1629":0,"1630":0,"1631":0,"1632":0,"1633":0,"1634":0,"1635":0,"1636":0,"1637":0,"1638":0,"1639":0,"1640":0,"1641":0,"1642":0,"1643":0,"1644":1,"1645":0,"1646":0,"1647":0,"1648":0,"1649":0,"1650":0,"1651":0,"1652":0,"1653":0,"1654":0,"1655":1,"1656":0,"1657":0,"1658":0,"1659":0,"1660":0,"1661":0,"1662":0,"1663":0,"1664":1,"1665":0,"1666":0,"1667":0,"1668":1,"1669":0,"1670":0,"1671":0,"1672":0,"1673":0,"1674":1,"1675":0,"1676":0,"1677":0,"1678":1,"1679":0,"1680":0,"1681":0,"1682":0,"1683":0,"1684":0,"1685":0,"1686":0,"1687":0,"1688":1,"1689":0,"1690":0,"1691":0,"1692":0,"1693":0,"1694":0,"1695":0,"1696":0,"1697":0,"1698":0,"1699":1,"1700":0,"1701":0,"1702":0,"1703":0,"1704":0,"1705":0,"1706":0,"1707":0,"1708":0,"1709":0,"1710":0,"1711":0,"1712":0,"1713":0,"1714":0,"1715":0,"1716":0,"1717":1,"1718":0,"1719":0,"1720":0,"1721":0,"1722":1,"1723":0,"1724":0,"1725":0,"1726":0,"1727":0,"1728":0,"1729":0,"1730":0,"1731":0,"1732":0,"1733":0,"1734":1,"1735":0,"1736":1,"1737":0,"1738":0,"1739":0,"1740":0,"1741":1,"1742":0,"1743":0,"1744":1,"1745":0,"1746":0,"1747":1,"1748":0,"1749":0,"1750":0,"1751":0,"1752":0,"1753":0,"1754":0,"1755":0,"1756":0,"1757":0,"1758":0,"1759":0,"1760":0,"1761":0,"1762":0,"1763":0,"1764":0,"1765":1,"1766":0,"1767":0,"1768":0,"1769":0,"1770":0,"1771":0,"1772":0,"1773":0,"1774":0,"1775":0,"1776":0,"1777":0,"1778":1,"1779":0,"1780":0,"1781":0,"1782":1,"1783":0,"1784":0,"1785":0,"1786":0,"1787":0,"1788":0,"1789":0,"1790":0,"1791":0,"1792":0,"1793":0,"1794":0,"1795":0,"1796":0,"1797":0,"1798":0,"1799":0,"1800":0,"1801":0,"1802":0,"1803":0,"1804":0,"1805":0,"1806":0,"1807":0,"1808":0,"1809":0,"1810":0,"1811":0,"1812":0,"1813":0,"1814":0,"1815":0,"1816":1,"1817":0,"1818":0,"1819":0,"1820":0,"1821":1,"1822":0,"1823":0,"1824":0,"1825":0,"1826":0,"1827":0,"1828":0,"1829":0,"1830":0,"1831":0,"1832":0,"1833":0,"1834":0,"1835":0,"1836":0,"1837":0,"1838":0,"1839":0,"1840":0,"1841":1,"1842":0,"1843":0,"1844":0,"1845":0,"1846":0,"1847":0,"1848":0,"1849":0,"1850":0,"1851":1,"1852":0,"1853":0,"1854":0,"1855":0,"1856":0,"1857":0,"1858":0,"1859":0,"1860":0,"1861":1,"1862":0,"1863":0,"1864":0,"1865":0,"1866":0,"1867":0,"1868":1,"1869":0,"1870":0,"1871":0,"1872":1,"1873":0,"1874":0,"1875":0,"1876":0,"1877":0,"1878":0,"1879":1,"1880":0,"1881":0,"1882":0,"1883":1,"1884":0,"1885":1,"1886":0,"1887":1,"1888":0,"1889":1,"1890":0,"1891":0,"1892":0,"1893":0,"1894":1,"1895":0,"1896":0,"1897":0,"1898":0,"1899":1,"1900":0,"1901":1,"1902":0,"1903":0,"1904":0,"1905":0,"1906":1,"1907":0,"1908":0,"1909":0,"1910":0,"1911":0,"1912":0,"1913":1,"1914":0,"1915":0,"1916":0,"1917":0,"1918":0,"1919":0,"1920":0,"1921":0,"1922":0,"1923":0,"1924":1,"1925":0,"1926":0,"1927":0,"1928":0,"1929":0,"1930":0,"1931":0,"1932":0,"1933":0,"1934":0,"1935":0,"1936":0,"1937":0,"1938":0,"1939":0,"1940":0,"1941":0,"1942":0,"1943":0,"1944":0,"1945":0,"1946":0,"1947":0,"1948":0,"1949":0,"1950":1,"1951":0,"1952":0,"1953":0,"1954":0,"1955":0,"1956":0,"1957":0,"1958":0,"1959":0,"1960":0,"1961":0,"1962":0,"1963":0,"1964":0,"1965":0,"1966":0,"1967":0,"1968":1,"1969":0,"1970":0,"1971":0,"1972":0,"1973":0,"1974":0,"1975":0,"1976":0,"1977":1,"1978":0,"1979":0,"1980":0,"1981":0,"1982":0,"1983":0,"1984":0,"1985":0,"1986":0,"1987":0,"1988":0,"1989":0,"1990":0,"1991":0,"1992":0,"1993":0,"1994":1,"1995":0,"1996":0,"1997":0,"1998":0,"1999":0,"2000":0,"2001":1,"2002":0,"2003":1,"2004":0,"2005":1},"f":{"0":1,"1":0,"2":0,"3":0,"4":0,"5":0,"6":1,"7":1,"8":0,"9":0,"10":0,"11":0,"12":0,"13":1,"14":0,"15":0,"16":2,"17":0,"18":0,"19":0,"20":0,"21":0,"22":0,"23":0,"24":0,"25":0,"26":0,"27":0,"28":0,"29":0,"30":0,"31":0,"32":0,"33":0,"34":0,"35":0,"36":0,"37":0,"38":0,"39":0,"40":0,"41":0,"42":0,"43":0,"44":0,"45":0,"46":0,"47":0,"48":0,"49":0,"50":0,"51":0,"52":0,"53":0,"54":0,"55":0,"56":0,"57":0,"58":0,"59":0,"60":0,"61":0,"62":0,"63":0,"64":0,"65":0,"66":0,"67":0,"68":0,"69":0,"70":0,"71":0,"72":0,"73":0,"74":0,"75":0,"76":0,"77":0,"78":0,"79":0,"80":0,"81":0,"82":0,"83":0,"84":0,"85":0,"86":0,"87":0,"88":0,"89":0,"90":0,"91":0,"92":0,"93":0,"94":0,"95":0,"96":0,"97":0,"98":0,"99":0,"100":0,"101":0,"102":0,"103":0,"104":0,"105":0,"106":0,"107":0,"108":0,"109":0,"110":0,"111":0,"112":0,"113":0,"114":0,"115":0,"116":0,"117":0,"118":0,"119":0,"120":0,"121":0,"122":0,"123":0,"124":0,"125":0,"126":0,"127":0,"128":0,"129":0,"130":0,"131":0,"132":0,"133":0,"134":0,"135":0,"136":0,"137":0,"138":0,"139":0,"140":0,"141":0,"142":0,"143":0,"144":0,"145":0,"146":0,"147":0,"148":0,"149":0,"150":0,"151":0,"152":0,"153":0,"154":0,"155":0,"156":0,"157":0,"158":0,"159":0,"160":0,"161":0,"162":0,"163":0,"164":0,"165":0,"166":0,"167":0,"168":0,"169":0,"170":0,"171":0,"172":0,"173":0,"174":0,"175":0,"176":0,"177":0,"178":0,"179":0,"180":0,"181":0,"182":0,"183":0,"184":0,"185":0,"186":0,"187":0,"188":0,"189":0,"190":0,"191":0,"192":0,"193":0,"194":0,"195":0,"196":0,"197":0,"198":0,"199":0,"200":0,"201":0,"202":0,"203":0,"204":0,"205":0,"206":0,"207":0,"208":0,"209":0,"210":0,"211":0,"212":0,"213":0,"214":0,"215":0,"216":0,"217":0,"218":0,"219":0,"220":0,"221":0,"222":0,"223":0,"224":0,"225":0,"226":0,"227":0,"228":0,"229":0,"230":0,"231":0,"232":0,"233":0,"234":0,"235":0,"236":0,"237":0,"238":0,"239":0,"240":0,"241":0,"242":0,"243":0},"b":{"0":[0,0],"1":[0,0],"2":[0,0],"3":[0,0],"4":[0,0],"5":[0,0],"6":[0,0],"7":[0,0],"8":[0,0],"9":[0,0],"10":[0,0],"11":[0,0],"12":[0,0],"13":[0,0],"14":[0,0],"15":[2,0],"16":[0,2],"17":[0,0],"18":[0,0],"19":[0,0],"20":[0,0],"21":[0,0],"22":[0,0],"23":[0,0],"24":[0,0],"25":[0,0],"26":[0,0],"27":[0,0],"28":[0,0],"29":[0,0],"30":[0,0,0,0],"31":[0,0],"32":[0,0],"33":[0,0],"34":[0,0],"35":[0,0],"36":[0,0],"37":[0,0],"38":[0,0],"39":[0,0],"40":[0,0],"41":[0,0],"42":[0,0],"43":[0,0],"44":[0,0],"45":[0,0],"46":[0,0],"47":[0,0],"48":[0,0],"49":[0,0],"50":[0,0],"51":[0,0],"52":[0,0],"53":[0,0,0,0,0,0,0,0],"54":[0,0],"55":[0,0],"56":[0,0],"57":[0,0],"58":[0,0],"59":[0,0],"60":[0,0],"61":[0,0],"62":[0,0],"63":[0,0],"64":[0,0],"65":[0,0],"66":[0,0],"67":[0,0],"68":[0,0],"69":[0,0],"70":[0,0],"71":[0,0,0],"72":[0,0],"73":[0,0],"74":[0,0],"75":[0,0],"76":[0,0],"77":[0,0],"78":[0,0],"79":[0,0],"80":[0,0],"81":[0,0],"82":[0,0],"83":[0,0],"84":[0,0],"85":[0,0],"86":[0,0],"87":[0,0],"88":[0,0],"89":[0,0],"90":[0,0],"91":[0,0],"92":[0,0,0],"93":[0,0],"94":[0,0],"95":[0,0],"96":[0,0],"97":[0,0],"98":[0,0],"99":[0,0],"100":[0,0],"101":[0,0],"102":[0,0],"103":[0,0],"104":[0,0],"105":[0,0],"106":[0,0,0],"107":[0,0],"108":[0,0],"109":[0,0],"110":[0,0],"111":[0,0],"112":[0,0],"113":[0,0],"114":[0,0],"115":[0,0],"116":[0,0],"117":[0,0],"118":[0,0],"119":[0,0],"120":[0,0],"121":[0,0],"122":[0,0],"123":[0,0],"124":[0,0],"125":[0,0],"126":[0,0],"127":[0,0],"128":[0,0],"129":[0,0],"130":[0,0],"131":[0,0],"132":[0,0],"133":[0,0],"134":[0,0],"135":[0,0],"136":[0,0],"137":[0,0],"138":[0,0],"139":[0,0],"140":[0,0],"141":[0,0],"142":[0,0],"143":[0,0],"144":[0,0],"145":[0,0],"146":[0,0],"147":[0,0],"148":[0,0],"149":[0,0],"150":[0,0],"151":[0,0],"152":[0,0],"153":[0,0],"154":[0,0],"155":[0,0],"156":[0,0],"157":[0,0],"158":[0,0],"159":[0,0],"160":[0,0],"161":[0,0],"162":[0,0],"163":[0,0],"164":[0,0],"165":[0,0],"166":[0,0],"167":[0,0],"168":[0,0],"169":[0,0],"170":[0,0],"171":[0,0],"172":[0,0],"173":[0,0],"174":[0,0],"175":[0,0],"176":[0,0],"177":[0,0],"178":[0,0],"179":[0,0],"180":[0,0],"181":[0,0],"182":[0,0],"183":[0,0],"184":[0,0],"185":[0,0],"186":[0,0],"187":[0,0],"188":[0,0],"189":[0,0],"190":[0,0],"191":[0,0],"192":[0,0],"193":[0,0],"194":[0,0],"195":[0,0],"196":[0,0],"197":[0,0],"198":[0,0],"199":[0,0],"200":[0,0],"201":[0,0],"202":[0,0],"203":[0,0],"204":[0,0],"205":[0,0],"206":[0,0],"207":[0,0],"208":[0,0],"209":[0,0],"210":[0,0],"211":[0,0],"212":[0,0],"213":[0,0],"214":[0,0],"215":[0,0],"216":[0,0],"217":[0,0],"218":[0,0],"219":[0,0],"220":[0,0],"221":[0,0],"222":[0,0],"223":[0,0],"224":[0,0],"225":[0,0],"226":[0,0],"227":[0,0],"228":[0,0],"229":[0,0],"230":[0,0],"231":[0,0],"232":[0,0],"233":[0,0],"234":[0,0],"235":[0,0],"236":[0,0],"237":[0,0],"238":[0,0],"239":[0,0],"240":[0,0],"241":[0,0],"242":[0,0],"243":[0,0],"244":[0,0],"245":[0,0],"246":[0,0],"247":[0,0],"248":[0,0],"249":[0,0],"250":[0,0],"251":[0,0],"252":[0,0],"253":[0,0],"254":[0,0],"255":[0,0],"256":[0,0],"257":[0,0],"258":[0,0],"259":[0,0],"260":[0,0],"261":[0,0],"262":[0,0],"263":[0,0],"264":[0,0],"265":[0,0],"266":[0,0],"267":[0,0],"268":[0,0],"269":[0,0],"270":[0,0],"271":[0,0],"272":[0,0],"273":[0,0],"274":[0,0],"275":[0,0],"276":[0,0],"277":[0,0],"278":[0,0],"279":[0,0],"280":[0,0],"281":[0,0],"282":[0,0,0],"283":[0,0],"284":[0,0,0],"285":[0,0],"286":[0,0],"287":[0,0],"288":[0,0],"289":[0,0],"290":[0,0],"291":[0,0],"292":[0,0],"293":[0,0],"294":[0,0],"295":[0,0,0],"296":[0,0],"297":[0,0],"298":[0,0],"299":[0,0],"300":[0,0],"301":[0,0],"302":[0,0],"303":[0,0],"304":[0,0],"305":[0,0],"306":[0,0],"307":[0,0],"308":[0,0],"309":[0,0],"310":[0,0],"311":[0,0],"312":[0,0],"313":[0,0],"314":[0,0],"315":[0,0],"316":[0,0],"317":[0,0],"318":[0,0],"319":[0,0],"320":[0,0],"321":[0,0],"322":[0,0],"323":[0,0],"324":[0,0],"325":[0,0],"326":[0,0],"327":[0,0],"328":[0,0],"329":[0,0],"330":[0,0],"331":[0,0],"332":[0,0],"333":[0,0],"334":[0,0],"335":[0,0],"336":[0,0],"337":[0,0],"338":[0,0],"339":[0,0],"340":[0,0],"341":[0,0],"342":[0,0],"343":[0,0],"344":[0,0],"345":[0,0],"346":[0,0],"347":[0,0],"348":[0,0],"349":[0,0],"350":[0,0],"351":[0,0],"352":[0,0],"353":[0,0],"354":[0,0],"355":[0,0],"356":[0,0],"357":[0,0],"358":[0,0],"359":[0,0],"360":[0,0],"361":[0,0],"362":[0,0],"363":[0,0],"364":[0,0],"365":[0,0],"366":[0,0],"367":[0,0],"368":[0,0],"369":[0,0],"370":[0,0],"371":[0,0],"372":[0,0],"373":[0,0],"374":[0,0],"375":[0,0],"376":[0,0],"377":[0,0],"378":[0,0],"379":[0,0],"380":[0,0],"381":[0,0],"382":[0,0],"383":[0,0],"384":[0,0],"385":[0,0],"386":[0,0],"387":[0,0],"388":[0,0],"389":[0,0],"390":[0,0],"391":[0,0],"392":[0,0],"393":[0,0],"394":[0,0],"395":[0,0],"396":[0,0],"397":[0,0],"398":[0,0],"399":[0,0],"400":[0,0],"401":[0,0],"402":[0,0,0],"403":[0,0]},"_coverageSchema":"43e27e138ebf9cfc5966b082cf9a028302ed4184","hash":"a062de9fec9bd981d05f26af7759af354a0b7f3e"}
}
