TN:
SF:/home/shubham/Github/bookreader/BookReader/BookReader.js
FN:23,(anonymous_0)
FN:31,BookReader
FN:195,(anonymous_2)
FN:287,(anonymous_3)
FN:290,(anonymous_4)
FN:296,(anonymous_5)
FN:299,(anonymous_6)
FN:304,(anonymous_7)
FN:308,(anonymous_8)
FN:313,(anonymous_9)
FN:319,(anonymous_10)
FN:328,(anonymous_11)
FN:333,(anonymous_12)
FN:345,(anonymous_13)
FN:347,(anonymous_14)
FN:349,(anonymous_15)
FN:364,(anonymous_16)
FN:369,(anonymous_17)
FN:376,(anonymous_18)
FN:393,(anonymous_19)
FN:409,(anonymous_20)
FN:454,(anonymous_21)
FN:481,(anonymous_22)
FN:535,(anonymous_23)
FN:544,(anonymous_24)
FN:547,(anonymous_25)
FN:552,(anonymous_26)
FN:555,(anonymous_27)
FN:558,(anonymous_28)
FN:564,(anonymous_29)
FN:575,(anonymous_30)
FN:579,(anonymous_31)
FN:583,(anonymous_32)
FN:590,(anonymous_33)
FN:634,(anonymous_34)
FN:648,(anonymous_35)
FN:693,(anonymous_36)
FN:694,(anonymous_37)
FN:716,(anonymous_38)
FN:726,(anonymous_39)
FN:736,(anonymous_40)
FN:741,(anonymous_41)
FN:755,(anonymous_42)
FN:756,(anonymous_43)
FN:761,(anonymous_44)
FN:863,(anonymous_45)
FN:1003,(anonymous_46)
FN:1068,(anonymous_47)
FN:1079,(anonymous_48)
FN:1085,(anonymous_49)
FN:1091,(anonymous_50)
FN:1097,(anonymous_51)
FN:1099,(anonymous_52)
FN:1122,(anonymous_53)
FN:1176,(anonymous_54)
FN:1202,(anonymous_55)
FN:1232,(anonymous_56)
FN:1243,(anonymous_57)
FN:1307,(anonymous_58)
FN:1322,(anonymous_59)
FN:1337,(anonymous_60)
FN:1342,(anonymous_61)
FN:1350,(anonymous_62)
FN:1381,(anonymous_63)
FN:1411,(anonymous_64)
FN:1423,(anonymous_65)
FN:1444,(anonymous_66)
FN:1494,(anonymous_67)
FN:1503,(anonymous_68)
FN:1522,(anonymous_69)
FN:1572,(anonymous_70)
FN:1604,(anonymous_71)
FN:1617,(anonymous_72)
FN:1665,(anonymous_73)
FN:1684,(anonymous_74)
FN:1688,(anonymous_75)
FN:1696,(anonymous_76)
FN:1712,(anonymous_77)
FN:1718,(anonymous_78)
FN:1738,(anonymous_79)
FN:1763,(anonymous_80)
FN:1794,(anonymous_81)
FN:1917,(anonymous_82)
FN:1926,(anonymous_83)
FN:1930,(anonymous_84)
FN:1934,(anonymous_85)
FN:1940,(anonymous_86)
FN:1946,(anonymous_87)
FN:1958,(anonymous_88)
FN:1976,(anonymous_89)
FN:2044,(anonymous_90)
FN:2105,(anonymous_91)
FN:2126,(anonymous_92)
FN:2135,(anonymous_93)
FN:2145,(anonymous_94)
FN:2150,(anonymous_95)
FN:2160,(anonymous_96)
FN:2171,(anonymous_97)
FN:2195,(anonymous_98)
FN:2204,(anonymous_99)
FN:2216,(anonymous_100)
FN:2237,(anonymous_101)
FN:2254,(anonymous_102)
FN:2265,(anonymous_103)
FN:2276,(anonymous_104)
FN:2287,(anonymous_105)
FN:2298,(anonymous_106)
FN:2306,(anonymous_107)
FN:2317,(anonymous_108)
FN:2328,(anonymous_109)
FN:2332,(anonymous_110)
FN:2339,(anonymous_111)
FN:2359,(anonymous_112)
FN:2379,(anonymous_113)
FN:2391,(anonymous_114)
FN:2433,(anonymous_115)
FN:2509,(anonymous_116)
FN:2515,(anonymous_117)
FN:2576,(anonymous_118)
FN:2613,(anonymous_119)
FN:2651,(anonymous_120)
FN:2654,(anonymous_121)
FN:2701,(anonymous_122)
FN:2704,(anonymous_123)
FN:2723,(anonymous_124)
FN:2738,(anonymous_125)
FN:2768,(anonymous_126)
FN:2813,(anonymous_127)
FN:2854,(anonymous_128)
FN:2865,(anonymous_129)
FN:2895,(anonymous_130)
FN:2905,(anonymous_131)
FN:2912,(anonymous_132)
FN:2921,(anonymous_133)
FN:2929,(anonymous_134)
FN:2945,(anonymous_135)
FN:2983,(anonymous_136)
FN:2991,(anonymous_137)
FN:3003,(anonymous_138)
FN:3011,(anonymous_139)
FN:3019,(anonymous_140)
FN:3026,(anonymous_141)
FN:3054,(anonymous_142)
FN:3061,(anonymous_143)
FN:3069,(anonymous_144)
FN:3079,(anonymous_145)
FN:3089,(anonymous_146)
FN:3107,(anonymous_147)
FN:3121,(anonymous_148)
FN:3141,(anonymous_149)
FN:3158,(anonymous_150)
FN:3202,(anonymous_151)
FN:3206,(anonymous_152)
FN:3225,(anonymous_153)
FN:3258,(anonymous_154)
FN:3287,(anonymous_155)
FN:3304,(anonymous_156)
FN:3312,(anonymous_157)
FN:3327,(anonymous_158)
FN:3384,(anonymous_159)
FN:3431,(anonymous_160)
FN:3440,(anonymous_161)
FN:3446,(anonymous_162)
FN:3468,(anonymous_163)
FN:3483,(anonymous_164)
FN:3509,(anonymous_165)
FN:3515,(anonymous_166)
FN:3519,(anonymous_167)
FN:3523,(anonymous_168)
FN:3527,(anonymous_169)
FN:3531,(anonymous_170)
FN:3537,(anonymous_171)
FN:3543,(anonymous_172)
FN:3552,(anonymous_173)
FN:3561,(anonymous_174)
FN:3566,(anonymous_175)
FN:3571,(anonymous_176)
FN:3576,(anonymous_177)
FN:3581,(anonymous_178)
FN:3587,(anonymous_179)
FN:3593,(anonymous_180)
FN:3606,(anonymous_181)
FN:3629,(anonymous_182)
FN:3645,(anonymous_183)
FN:3649,(anonymous_184)
FN:3654,(anonymous_185)
FN:3658,(anonymous_186)
FN:3688,(anonymous_187)
FN:3695,(anonymous_188)
FN:3710,(anonymous_189)
FN:3730,(anonymous_190)
FN:3760,(anonymous_191)
FN:3810,(anonymous_192)
FN:3827,(anonymous_193)
FN:3831,(anonymous_194)
FN:3836,(anonymous_195)
FN:3841,(anonymous_196)
FN:3852,(anonymous_197)
FN:3862,(anonymous_198)
FN:3875,(anonymous_199)
FN:3889,(anonymous_200)
FN:3917,(anonymous_201)
FN:3948,(anonymous_202)
FN:3991,(anonymous_203)
FN:4006,(anonymous_204)
FN:4036,(anonymous_205)
FN:4045,(anonymous_206)
FN:4062,(anonymous_207)
FN:4074,(anonymous_208)
FN:4087,(anonymous_209)
FN:4120,(anonymous_210)
FN:4144,(anonymous_211)
FN:4150,(anonymous_212)
FN:4211,(anonymous_213)
FN:4227,(anonymous_214)
FN:4234,(anonymous_215)
FN:4239,(anonymous_216)
FN:4247,(anonymous_217)
FN:4257,(anonymous_218)
FN:4270,(anonymous_219)
FN:4334,(anonymous_220)
FN:4382,(anonymous_221)
FN:4405,(anonymous_222)
FN:4406,(anonymous_223)
FN:4410,(anonymous_224)
FN:4420,(anonymous_225)
FN:4432,(anonymous_226)
FN:4449,(anonymous_227)
FN:4460,(anonymous_228)
FN:4468,(anonymous_229)
FN:4479,(anonymous_230)
FN:4487,(anonymous_231)
FN:4499,(anonymous_232)
FN:4512,(anonymous_233)
FN:4523,(anonymous_234)
FN:4547,(anonymous_235)
FN:4562,(anonymous_236)
FN:4597,(anonymous_237)
FN:4664,(anonymous_238)
FN:4707,(anonymous_239)
FN:4728,(anonymous_240)
FN:4758,(anonymous_241)
FN:4770,(anonymous_242)
FN:4777,(anonymous_243)
FNF:244
FNH:5
FNDA:1,(anonymous_0)
FNDA:0,BookReader
FNDA:0,(anonymous_2)
FNDA:0,(anonymous_3)
FNDA:0,(anonymous_4)
FNDA:0,(anonymous_5)
FNDA:1,(anonymous_6)
FNDA:1,(anonymous_7)
FNDA:0,(anonymous_8)
FNDA:0,(anonymous_9)
FNDA:0,(anonymous_10)
FNDA:0,(anonymous_11)
FNDA:0,(anonymous_12)
FNDA:1,(anonymous_13)
FNDA:0,(anonymous_14)
FNDA:0,(anonymous_15)
FNDA:2,(anonymous_16)
FNDA:0,(anonymous_17)
FNDA:0,(anonymous_18)
FNDA:0,(anonymous_19)
FNDA:0,(anonymous_20)
FNDA:0,(anonymous_21)
FNDA:0,(anonymous_22)
FNDA:0,(anonymous_23)
FNDA:0,(anonymous_24)
FNDA:0,(anonymous_25)
FNDA:0,(anonymous_26)
FNDA:0,(anonymous_27)
FNDA:0,(anonymous_28)
FNDA:0,(anonymous_29)
FNDA:0,(anonymous_30)
FNDA:0,(anonymous_31)
FNDA:0,(anonymous_32)
FNDA:0,(anonymous_33)
FNDA:0,(anonymous_34)
FNDA:0,(anonymous_35)
FNDA:0,(anonymous_36)
FNDA:0,(anonymous_37)
FNDA:0,(anonymous_38)
FNDA:0,(anonymous_39)
FNDA:0,(anonymous_40)
FNDA:0,(anonymous_41)
FNDA:0,(anonymous_42)
FNDA:0,(anonymous_43)
FNDA:0,(anonymous_44)
FNDA:0,(anonymous_45)
FNDA:0,(anonymous_46)
FNDA:0,(anonymous_47)
FNDA:0,(anonymous_48)
FNDA:0,(anonymous_49)
FNDA:0,(anonymous_50)
FNDA:0,(anonymous_51)
FNDA:0,(anonymous_52)
FNDA:0,(anonymous_53)
FNDA:0,(anonymous_54)
FNDA:0,(anonymous_55)
FNDA:0,(anonymous_56)
FNDA:0,(anonymous_57)
FNDA:0,(anonymous_58)
FNDA:0,(anonymous_59)
FNDA:0,(anonymous_60)
FNDA:0,(anonymous_61)
FNDA:0,(anonymous_62)
FNDA:0,(anonymous_63)
FNDA:0,(anonymous_64)
FNDA:0,(anonymous_65)
FNDA:0,(anonymous_66)
FNDA:0,(anonymous_67)
FNDA:0,(anonymous_68)
FNDA:0,(anonymous_69)
FNDA:0,(anonymous_70)
FNDA:0,(anonymous_71)
FNDA:0,(anonymous_72)
FNDA:0,(anonymous_73)
FNDA:0,(anonymous_74)
FNDA:0,(anonymous_75)
FNDA:0,(anonymous_76)
FNDA:0,(anonymous_77)
FNDA:0,(anonymous_78)
FNDA:0,(anonymous_79)
FNDA:0,(anonymous_80)
FNDA:0,(anonymous_81)
FNDA:0,(anonymous_82)
FNDA:0,(anonymous_83)
FNDA:0,(anonymous_84)
FNDA:0,(anonymous_85)
FNDA:0,(anonymous_86)
FNDA:0,(anonymous_87)
FNDA:0,(anonymous_88)
FNDA:0,(anonymous_89)
FNDA:0,(anonymous_90)
FNDA:0,(anonymous_91)
FNDA:0,(anonymous_92)
FNDA:0,(anonymous_93)
FNDA:0,(anonymous_94)
FNDA:0,(anonymous_95)
FNDA:0,(anonymous_96)
FNDA:0,(anonymous_97)
FNDA:0,(anonymous_98)
FNDA:0,(anonymous_99)
FNDA:0,(anonymous_100)
FNDA:0,(anonymous_101)
FNDA:0,(anonymous_102)
FNDA:0,(anonymous_103)
FNDA:0,(anonymous_104)
FNDA:0,(anonymous_105)
FNDA:0,(anonymous_106)
FNDA:0,(anonymous_107)
FNDA:0,(anonymous_108)
FNDA:0,(anonymous_109)
FNDA:0,(anonymous_110)
FNDA:0,(anonymous_111)
FNDA:0,(anonymous_112)
FNDA:0,(anonymous_113)
FNDA:0,(anonymous_114)
FNDA:0,(anonymous_115)
FNDA:0,(anonymous_116)
FNDA:0,(anonymous_117)
FNDA:0,(anonymous_118)
FNDA:0,(anonymous_119)
FNDA:0,(anonymous_120)
FNDA:0,(anonymous_121)
FNDA:0,(anonymous_122)
FNDA:0,(anonymous_123)
FNDA:0,(anonymous_124)
FNDA:0,(anonymous_125)
FNDA:0,(anonymous_126)
FNDA:0,(anonymous_127)
FNDA:0,(anonymous_128)
FNDA:0,(anonymous_129)
FNDA:0,(anonymous_130)
FNDA:0,(anonymous_131)
FNDA:0,(anonymous_132)
FNDA:0,(anonymous_133)
FNDA:0,(anonymous_134)
FNDA:0,(anonymous_135)
FNDA:0,(anonymous_136)
FNDA:0,(anonymous_137)
FNDA:0,(anonymous_138)
FNDA:0,(anonymous_139)
FNDA:0,(anonymous_140)
FNDA:0,(anonymous_141)
FNDA:0,(anonymous_142)
FNDA:0,(anonymous_143)
FNDA:0,(anonymous_144)
FNDA:0,(anonymous_145)
FNDA:0,(anonymous_146)
FNDA:0,(anonymous_147)
FNDA:0,(anonymous_148)
FNDA:0,(anonymous_149)
FNDA:0,(anonymous_150)
FNDA:0,(anonymous_151)
FNDA:0,(anonymous_152)
FNDA:0,(anonymous_153)
FNDA:0,(anonymous_154)
FNDA:0,(anonymous_155)
FNDA:0,(anonymous_156)
FNDA:0,(anonymous_157)
FNDA:0,(anonymous_158)
FNDA:0,(anonymous_159)
FNDA:0,(anonymous_160)
FNDA:0,(anonymous_161)
FNDA:0,(anonymous_162)
FNDA:0,(anonymous_163)
FNDA:0,(anonymous_164)
FNDA:0,(anonymous_165)
FNDA:0,(anonymous_166)
FNDA:0,(anonymous_167)
FNDA:0,(anonymous_168)
FNDA:0,(anonymous_169)
FNDA:0,(anonymous_170)
FNDA:0,(anonymous_171)
FNDA:0,(anonymous_172)
FNDA:0,(anonymous_173)
FNDA:0,(anonymous_174)
FNDA:0,(anonymous_175)
FNDA:0,(anonymous_176)
FNDA:0,(anonymous_177)
FNDA:0,(anonymous_178)
FNDA:0,(anonymous_179)
FNDA:0,(anonymous_180)
FNDA:0,(anonymous_181)
FNDA:0,(anonymous_182)
FNDA:0,(anonymous_183)
FNDA:0,(anonymous_184)
FNDA:0,(anonymous_185)
FNDA:0,(anonymous_186)
FNDA:0,(anonymous_187)
FNDA:0,(anonymous_188)
FNDA:0,(anonymous_189)
FNDA:0,(anonymous_190)
FNDA:0,(anonymous_191)
FNDA:0,(anonymous_192)
FNDA:0,(anonymous_193)
FNDA:0,(anonymous_194)
FNDA:0,(anonymous_195)
FNDA:0,(anonymous_196)
FNDA:0,(anonymous_197)
FNDA:0,(anonymous_198)
FNDA:0,(anonymous_199)
FNDA:0,(anonymous_200)
FNDA:0,(anonymous_201)
FNDA:0,(anonymous_202)
FNDA:0,(anonymous_203)
FNDA:0,(anonymous_204)
FNDA:0,(anonymous_205)
FNDA:0,(anonymous_206)
FNDA:0,(anonymous_207)
FNDA:0,(anonymous_208)
FNDA:0,(anonymous_209)
FNDA:0,(anonymous_210)
FNDA:0,(anonymous_211)
FNDA:0,(anonymous_212)
FNDA:0,(anonymous_213)
FNDA:0,(anonymous_214)
FNDA:0,(anonymous_215)
FNDA:0,(anonymous_216)
FNDA:0,(anonymous_217)
FNDA:0,(anonymous_218)
FNDA:0,(anonymous_219)
FNDA:0,(anonymous_220)
FNDA:0,(anonymous_221)
FNDA:0,(anonymous_222)
FNDA:0,(anonymous_223)
FNDA:0,(anonymous_224)
FNDA:0,(anonymous_225)
FNDA:0,(anonymous_226)
FNDA:0,(anonymous_227)
FNDA:0,(anonymous_228)
FNDA:0,(anonymous_229)
FNDA:0,(anonymous_230)
FNDA:0,(anonymous_231)
FNDA:0,(anonymous_232)
FNDA:0,(anonymous_233)
FNDA:0,(anonymous_234)
FNDA:0,(anonymous_235)
FNDA:0,(anonymous_236)
FNDA:0,(anonymous_237)
FNDA:0,(anonymous_238)
FNDA:0,(anonymous_239)
FNDA:0,(anonymous_240)
FNDA:0,(anonymous_241)
FNDA:0,(anonymous_242)
FNDA:0,(anonymous_243)
DA:23,1
DA:32,0
DA:33,0
DA:34,0
DA:37,1
DA:40,1
DA:41,1
DA:42,1
DA:45,1
DA:53,1
DA:188,1
DA:195,1
DA:197,0
DA:200,0
DA:201,0
DA:202,0
DA:205,0
DA:206,0
DA:207,0
DA:208,0
DA:209,0
DA:210,0
DA:211,0
DA:213,0
DA:214,0
DA:215,0
DA:216,0
DA:217,0
DA:218,0
DA:220,0
DA:221,0
DA:222,0
DA:224,0
DA:225,0
DA:226,0
DA:227,0
DA:228,0
DA:236,0
DA:237,0
DA:238,0
DA:239,0
DA:241,0
DA:242,0
DA:243,0
DA:245,0
DA:246,0
DA:247,0
DA:248,0
DA:250,0
DA:251,0
DA:252,0
DA:253,0
DA:254,0
DA:256,0
DA:257,0
DA:258,0
DA:260,0
DA:261,0
DA:263,0
DA:264,0
DA:265,0
DA:266,0
DA:269,0
DA:270,0
DA:271,0
DA:272,0
DA:273,0
DA:274,0
DA:275,0
DA:276,0
DA:277,0
DA:278,0
DA:279,0
DA:286,1
DA:290,0
DA:293,0
DA:296,0
DA:300,1
DA:305,1
DA:310,0
DA:315,0
DA:316,0
DA:320,0
DA:330,0
DA:335,0
DA:347,1
DA:348,0
DA:349,0
DA:350,0
DA:351,0
DA:353,0
DA:354,0
DA:355,0
DA:356,0
DA:365,2
DA:368,2
DA:369,2
DA:370,0
DA:371,0
DA:372,0
DA:373,0
DA:375,0
DA:376,0
DA:377,0
DA:378,0
DA:381,0
DA:382,0
DA:393,1
DA:394,0
DA:395,0
DA:396,0
DA:397,0
DA:398,0
DA:399,0
DA:401,0
DA:409,1
DA:410,0
DA:416,0
DA:417,0
DA:419,0
DA:423,0
DA:424,0
DA:428,0
DA:430,0
DA:431,0
DA:432,0
DA:436,0
DA:438,0
DA:439,0
DA:440,0
DA:442,0
DA:445,0
DA:454,1
DA:456,0
DA:458,0
DA:459,0
DA:460,0
DA:466,0
DA:468,0
DA:471,0
DA:472,0
DA:474,0
DA:481,1
DA:482,0
DA:484,0
DA:486,0
DA:489,0
DA:491,0
DA:499,0
DA:500,0
DA:502,0
DA:505,0
DA:506,0
DA:508,0
DA:509,0
DA:511,0
DA:512,0
DA:514,0
DA:515,0
DA:517,0
DA:518,0
DA:522,0
DA:523,0
DA:524,0
DA:525,0
DA:526,0
DA:530,0
DA:531,0
DA:532,0
DA:534,0
DA:535,0
DA:538,0
DA:539,0
DA:540,0
DA:544,0
DA:545,0
DA:547,0
DA:548,0
DA:551,0
DA:552,0
DA:553,0
DA:555,0
DA:556,0
DA:558,0
DA:559,0
DA:561,0
DA:564,0
DA:567,0
DA:570,0
DA:572,0
DA:575,1
DA:576,0
DA:579,1
DA:580,0
DA:583,1
DA:584,0
DA:590,1
DA:591,0
DA:593,0
DA:595,0
DA:596,0
DA:597,0
DA:598,0
DA:599,0
DA:601,0
DA:602,0
DA:603,0
DA:604,0
DA:606,0
DA:607,0
DA:610,0
DA:611,0
DA:614,0
DA:615,0
DA:616,0
DA:617,0
DA:618,0
DA:620,0
DA:621,0
DA:622,0
DA:624,0
DA:625,0
DA:634,1
DA:635,0
DA:637,0
DA:638,0
DA:639,0
DA:640,0
DA:642,0
DA:643,0
DA:644,0
DA:645,0
DA:648,0
DA:651,0
DA:652,0
DA:656,0
DA:657,0
DA:658,0
DA:660,0
DA:663,0
DA:664,0
DA:665,0
DA:667,0
DA:669,0
DA:670,0
DA:671,0
DA:673,0
DA:674,0
DA:675,0
DA:677,0
DA:678,0
DA:679,0
DA:681,0
DA:683,0
DA:684,0
DA:685,0
DA:687,0
DA:693,1
DA:694,0
DA:695,0
DA:705,0
DA:706,0
DA:707,0
DA:708,0
DA:709,0
DA:710,0
DA:712,0
DA:716,1
DA:717,0
DA:718,0
DA:719,0
DA:720,0
DA:722,0
DA:726,1
DA:733,0
DA:734,0
DA:736,0
DA:737,0
DA:738,0
DA:741,0
DA:742,0
DA:745,0
DA:746,0
DA:747,0
DA:748,0
DA:749,0
DA:755,1
DA:756,0
DA:757,0
DA:761,1
DA:762,0
DA:763,0
DA:764,0
DA:765,0
DA:767,0
DA:772,0
DA:773,0
DA:775,0
DA:776,0
DA:778,0
DA:779,0
DA:780,0
DA:781,0
DA:782,0
DA:783,0
DA:785,0
DA:786,0
DA:791,0
DA:792,0
DA:794,0
DA:795,0
DA:796,0
DA:799,0
DA:800,0
DA:801,0
DA:804,0
DA:806,0
DA:808,0
DA:809,0
DA:812,0
DA:813,0
DA:814,0
DA:816,0
DA:817,0
DA:818,0
DA:819,0
DA:820,0
DA:821,0
DA:822,0
DA:823,0
DA:824,0
DA:825,0
DA:826,0
DA:828,0
DA:830,0
DA:831,0
DA:832,0
DA:833,0
DA:834,0
DA:835,0
DA:838,0
DA:842,0
DA:843,0
DA:844,0
DA:845,0
DA:849,0
DA:850,0
DA:852,0
DA:855,0
DA:863,1
DA:864,0
DA:869,0
DA:870,0
DA:871,0
DA:872,0
DA:873,0
DA:874,0
DA:876,0
DA:882,0
DA:883,0
DA:884,0
DA:885,0
DA:886,0
DA:887,0
DA:890,0
DA:891,0
DA:892,0
DA:893,0
DA:894,0
DA:896,0
DA:897,0
DA:898,0
DA:900,0
DA:901,0
DA:902,0
DA:904,0
DA:905,0
DA:906,0
DA:907,0
DA:909,0
DA:910,0
DA:915,0
DA:917,0
DA:920,0
DA:921,0
DA:924,0
DA:925,0
DA:927,0
DA:928,0
DA:929,0
DA:932,0
DA:933,0
DA:936,0
DA:937,0
DA:938,0
DA:939,0
DA:940,0
DA:941,0
DA:942,0
DA:943,0
DA:944,0
DA:946,0
DA:947,0
DA:950,0
DA:951,0
DA:955,0
DA:956,0
DA:957,0
DA:958,0
DA:960,0
DA:961,0
DA:974,0
DA:975,0
DA:976,0
DA:978,0
DA:979,0
DA:980,0
DA:982,0
DA:983,0
DA:984,0
DA:985,0
DA:986,0
DA:987,0
DA:990,0
DA:991,0
DA:992,0
DA:994,0
DA:995,0
DA:996,0
DA:997,0
DA:998,0
DA:1001,0
DA:1002,0
DA:1003,0
DA:1007,0
DA:1008,0
DA:1010,0
DA:1012,0
DA:1014,0
DA:1015,0
DA:1016,0
DA:1018,0
DA:1020,0
DA:1022,0
DA:1023,0
DA:1025,0
DA:1030,0
DA:1037,0
DA:1038,0
DA:1039,0
DA:1040,0
DA:1041,0
DA:1042,0
DA:1048,0
DA:1049,0
DA:1050,0
DA:1051,0
DA:1052,0
DA:1055,0
DA:1058,0
DA:1061,0
DA:1063,0
DA:1065,0
DA:1068,1
DA:1070,0
DA:1072,0
DA:1073,0
DA:1075,0
DA:1077,0
DA:1079,0
DA:1080,0
DA:1085,1
DA:1086,0
DA:1087,0
DA:1089,0
DA:1092,0
DA:1097,0
DA:1101,0
DA:1117,0
DA:1119,0
DA:1122,1
DA:1123,0
DA:1126,0
DA:1127,0
DA:1129,0
DA:1130,0
DA:1132,0
DA:1133,0
DA:1143,0
DA:1146,0
DA:1147,0
DA:1148,0
DA:1159,0
DA:1160,0
DA:1161,0
DA:1162,0
DA:1168,1
DA:1176,1
DA:1177,0
DA:1179,0
DA:1181,0
DA:1183,0
DA:1185,0
DA:1187,0
DA:1189,0
DA:1191,0
DA:1193,0
DA:1196,0
DA:1197,0
DA:1199,0
DA:1202,1
DA:1203,0
DA:1204,0
DA:1205,0
DA:1208,0
DA:1210,0
DA:1212,0
DA:1215,0
DA:1216,0
DA:1218,0
DA:1220,0
DA:1221,0
DA:1224,0
DA:1225,0
DA:1232,1
DA:1233,0
DA:1243,1
DA:1244,0
DA:1245,0
DA:1246,0
DA:1247,0
DA:1251,0
DA:1252,0
DA:1254,0
DA:1255,0
DA:1256,0
DA:1264,0
DA:1265,0
DA:1266,0
DA:1267,0
DA:1271,0
DA:1273,0
DA:1274,0
DA:1275,0
DA:1278,0
DA:1280,0
DA:1281,0
DA:1284,0
DA:1285,0
DA:1286,0
DA:1289,0
DA:1290,0
DA:1291,0
DA:1292,0
DA:1294,0
DA:1295,0
DA:1296,0
DA:1298,0
DA:1299,0
DA:1300,0
DA:1307,1
DA:1308,0
DA:1309,0
DA:1310,0
DA:1311,0
DA:1312,0
DA:1313,0
DA:1315,0
DA:1322,1
DA:1324,0
DA:1325,0
DA:1327,0
DA:1329,0
DA:1330,0
DA:1337,1
DA:1338,0
DA:1339,0
DA:1342,1
DA:1343,0
DA:1344,0
DA:1345,0
DA:1346,0
DA:1350,1
DA:1351,0
DA:1354,0
DA:1357,0
DA:1358,0
DA:1360,0
DA:1362,0
DA:1363,0
DA:1364,0
DA:1367,0
DA:1371,0
DA:1372,0
DA:1373,0
DA:1378,0
DA:1381,1
DA:1382,0
DA:1383,0
DA:1385,0
DA:1386,0
DA:1388,0
DA:1389,0
DA:1393,0
DA:1394,0
DA:1395,0
DA:1396,0
DA:1399,0
DA:1400,0
DA:1411,1
DA:1412,0
DA:1413,0
DA:1414,0
DA:1423,1
DA:1424,0
DA:1425,0
DA:1428,0
DA:1429,0
DA:1430,0
DA:1431,0
DA:1432,0
DA:1435,0
DA:1444,1
DA:1449,0
DA:1450,0
DA:1451,0
DA:1452,0
DA:1453,0
DA:1456,0
DA:1457,0
DA:1458,0
DA:1459,0
DA:1461,0
DA:1462,0
DA:1463,0
DA:1466,0
DA:1467,0
DA:1469,0
DA:1470,0
DA:1471,0
DA:1472,0
DA:1473,0
DA:1477,0
DA:1478,0
DA:1480,0
DA:1482,0
DA:1483,0
DA:1484,0
DA:1489,0
DA:1490,0
DA:1494,1
DA:1495,0
DA:1503,1
DA:1504,0
DA:1506,0
DA:1507,0
DA:1508,0
DA:1512,0
DA:1522,1
DA:1523,0
DA:1524,0
DA:1525,0
DA:1526,0
DA:1527,0
DA:1529,0
DA:1531,0
DA:1534,0
DA:1535,0
DA:1536,0
DA:1537,0
DA:1540,0
DA:1541,0
DA:1543,0
DA:1544,0
DA:1545,0
DA:1546,0
DA:1547,0
DA:1548,0
DA:1550,0
DA:1551,0
DA:1552,0
DA:1553,0
DA:1554,0
DA:1555,0
DA:1558,0
DA:1559,0
DA:1560,0
DA:1561,0
DA:1562,0
DA:1563,0
DA:1565,0
DA:1566,0
DA:1567,0
DA:1569,0
DA:1570,0
DA:1573,0
DA:1578,0
DA:1580,0
DA:1581,0
DA:1582,0
DA:1583,0
DA:1586,0
DA:1589,0
DA:1590,0
DA:1591,0
DA:1592,0
DA:1595,0
DA:1599,0
DA:1600,0
DA:1601,0
DA:1605,0
DA:1608,0
DA:1617,1
DA:1618,0
DA:1619,0
DA:1622,0
DA:1623,0
DA:1626,0
DA:1627,0
DA:1629,0
DA:1630,0
DA:1633,0
DA:1636,0
DA:1637,0
DA:1644,0
DA:1645,0
DA:1646,0
DA:1647,0
DA:1648,0
DA:1649,0
DA:1650,0
DA:1654,0
DA:1655,0
DA:1656,0
DA:1657,0
DA:1660,0
DA:1661,0
DA:1665,1
DA:1666,0
DA:1667,0
DA:1668,0
DA:1669,0
DA:1671,0
DA:1675,0
DA:1676,0
DA:1677,0
DA:1679,0
DA:1680,0
DA:1684,1
DA:1685,0
DA:1688,1
DA:1689,0
DA:1690,0
DA:1692,0
DA:1696,1
DA:1697,0
DA:1699,0
DA:1700,0
DA:1701,0
DA:1704,0
DA:1705,0
DA:1707,0
DA:1708,0
DA:1710,0
DA:1712,0
DA:1713,0
DA:1715,0
DA:1718,1
DA:1719,0
DA:1721,0
DA:1723,0
DA:1724,0
DA:1725,0
DA:1728,0
DA:1729,0
DA:1731,0
DA:1732,0
DA:1738,1
DA:1739,0
DA:1741,0
DA:1742,0
DA:1747,0
DA:1748,0
DA:1751,0
DA:1752,0
DA:1758,0
DA:1759,0
DA:1760,0
DA:1763,1
DA:1764,0
DA:1765,0
DA:1770,0
DA:1771,0
DA:1772,0
DA:1774,0
DA:1780,0
DA:1781,0
DA:1783,0
DA:1786,0
DA:1787,0
DA:1794,1
DA:1805,0
DA:1806,0
DA:1812,0
DA:1814,0
DA:1815,0
DA:1818,0
DA:1819,0
DA:1822,0
DA:1823,0
DA:1824,0
DA:1826,0
DA:1828,0
DA:1829,0
DA:1833,0
DA:1834,0
DA:1835,0
DA:1838,0
DA:1839,0
DA:1842,0
DA:1850,0
DA:1851,0
DA:1853,0
DA:1854,0
DA:1857,0
DA:1859,0
DA:1860,0
DA:1866,0
DA:1867,0
DA:1869,0
DA:1877,0
DA:1878,0
DA:1879,0
DA:1887,0
DA:1888,0
DA:1895,0
DA:1897,0
DA:1899,0
DA:1900,0
DA:1902,0
DA:1904,0
DA:1905,0
DA:1906,0
DA:1909,0
DA:1917,1
DA:1919,0
DA:1920,0
DA:1921,0
DA:1924,0
DA:1926,0
DA:1927,0
DA:1930,0
DA:1931,0
DA:1934,0
DA:1935,0
DA:1936,0
DA:1937,0
DA:1940,0
DA:1941,0
DA:1942,0
DA:1943,0
DA:1946,0
DA:1947,0
DA:1948,0
DA:1952,0
DA:1958,0
DA:1959,0
DA:1960,0
DA:1964,0
DA:1976,1
DA:1978,0
DA:1979,0
DA:1983,0
DA:1984,0
DA:1987,0
DA:1991,0
DA:1992,0
DA:1995,0
DA:1996,0
DA:1999,0
DA:2000,0
DA:2001,0
DA:2007,0
DA:2009,0
DA:2014,0
DA:2015,0
DA:2016,0
DA:2017,0
DA:2018,0
DA:2019,0
DA:2026,0
DA:2027,0
DA:2031,0
DA:2033,0
DA:2036,0
DA:2037,0
DA:2038,0
DA:2041,0
DA:2044,1
DA:2045,0
DA:2050,0
DA:2052,0
DA:2057,0
DA:2062,0
DA:2063,0
DA:2066,0
DA:2067,0
DA:2069,0
DA:2072,0
DA:2073,0
DA:2074,0
DA:2076,0
DA:2077,0
DA:2079,0
DA:2080,0
DA:2081,0
DA:2083,0
DA:2085,0
DA:2087,0
DA:2090,0
DA:2094,0
DA:2096,0
DA:2105,1
DA:2106,0
DA:2108,0
DA:2109,0
DA:2110,0
DA:2113,0
DA:2114,0
DA:2115,0
DA:2116,0
DA:2117,0
DA:2119,0
DA:2126,1
DA:2127,0
DA:2128,0
DA:2135,1
DA:2136,0
DA:2137,0
DA:2138,0
DA:2139,0
DA:2142,0
DA:2145,1
DA:2146,0
DA:2147,0
DA:2150,1
DA:2151,0
DA:2152,0
DA:2160,1
DA:2162,0
DA:2164,0
DA:2165,0
DA:2166,0
DA:2168,0
DA:2171,1
DA:2172,0
DA:2173,0
DA:2177,0
DA:2178,0
DA:2179,0
DA:2180,0
DA:2181,0
DA:2184,0
DA:2185,0
DA:2187,0
DA:2188,0
DA:2195,1
DA:2196,0
DA:2201,0
DA:2204,1
DA:2205,0
DA:2210,0
DA:2216,1
DA:2217,0
DA:2218,0
DA:2220,0
DA:2221,0
DA:2222,0
DA:2223,0
DA:2225,0
DA:2226,0
DA:2227,0
DA:2228,0
DA:2237,1
DA:2239,0
DA:2240,0
DA:2241,0
DA:2243,0
DA:2245,0
DA:2254,1
DA:2255,0
DA:2256,0
DA:2257,0
DA:2259,0
DA:2265,1
DA:2266,0
DA:2267,0
DA:2269,0
DA:2276,1
DA:2277,0
DA:2278,0
DA:2280,0
DA:2287,1
DA:2288,0
DA:2289,0
DA:2291,0
DA:2298,1
DA:2299,0
DA:2300,0
DA:2302,0
DA:2306,1
DA:2307,0
DA:2308,0
DA:2309,0
DA:2311,0
DA:2312,0
DA:2317,1
DA:2318,0
DA:2319,0
DA:2320,0
DA:2322,0
DA:2323,0
DA:2328,1
DA:2329,0
DA:2332,1
DA:2333,0
DA:2339,1
DA:2340,0
DA:2341,0
DA:2343,0
DA:2346,0
DA:2350,0
DA:2352,0
DA:2359,1
DA:2360,0
DA:2361,0
DA:2363,0
DA:2366,0
DA:2370,0
DA:2372,0
DA:2379,1
DA:2380,0
DA:2382,0
DA:2385,0
DA:2391,1
DA:2392,0
DA:2394,0
DA:2396,0
DA:2398,0
DA:2399,0
DA:2400,0
DA:2403,0
DA:2404,0
DA:2407,0
DA:2409,0
DA:2411,0
DA:2412,0
DA:2415,0
DA:2417,0
DA:2419,0
DA:2420,0
DA:2423,0
DA:2424,0
DA:2433,1
DA:2434,0
DA:2436,0
DA:2437,0
DA:2438,0
DA:2440,0
DA:2441,0
DA:2442,0
DA:2444,0
DA:2445,0
DA:2473,0
DA:2474,0
DA:2476,0
DA:2477,0
DA:2478,0
DA:2486,0
DA:2492,0
DA:2494,0
DA:2498,0
DA:2503,0
DA:2505,0
DA:2507,0
DA:2509,0
DA:2511,0
DA:2513,0
DA:2515,0
DA:2516,0
DA:2519,0
DA:2520,0
DA:2522,0
DA:2528,0
DA:2535,0
DA:2540,0
DA:2541,0
DA:2545,0
DA:2546,0
DA:2547,0
DA:2548,0
DA:2549,0
DA:2551,0
DA:2552,0
DA:2553,0
DA:2554,0
DA:2555,0
DA:2557,0
DA:2559,0
DA:2560,0
DA:2562,0
DA:2563,0
DA:2564,0
DA:2576,1
DA:2577,0
DA:2579,0
DA:2580,0
DA:2581,0
DA:2584,0
DA:2585,0
DA:2587,0
DA:2589,0
DA:2591,0
DA:2593,0
DA:2596,0
DA:2598,0
DA:2599,0
DA:2602,0
DA:2603,0
DA:2613,1
DA:2614,0
DA:2615,0
DA:2616,0
DA:2617,0
DA:2619,0
DA:2621,0
DA:2622,0
DA:2624,0
DA:2625,0
DA:2627,0
DA:2629,0
DA:2630,0
DA:2631,0
DA:2639,0
DA:2640,0
DA:2642,0
DA:2644,0
DA:2646,0
DA:2648,0
DA:2650,0
DA:2651,0
DA:2652,0
DA:2653,0
DA:2654,0
DA:2655,0
DA:2658,0
DA:2659,0
DA:2661,0
DA:2667,0
DA:2672,0
DA:2673,0
DA:2675,0
DA:2676,0
DA:2677,0
DA:2678,0
DA:2679,0
DA:2681,0
DA:2682,0
DA:2683,0
DA:2684,0
DA:2685,0
DA:2688,0
DA:2690,0
DA:2691,0
DA:2693,0
DA:2694,0
DA:2695,0
DA:2701,1
DA:2702,0
DA:2705,0
DA:2707,0
DA:2708,0
DA:2710,0
DA:2713,0
DA:2714,0
DA:2715,0
DA:2717,0
DA:2721,0
DA:2724,0
DA:2726,0
DA:2729,0
DA:2730,0
DA:2731,0
DA:2733,0
DA:2738,1
DA:2739,0
DA:2742,0
DA:2743,0
DA:2744,0
DA:2745,0
DA:2746,0
DA:2749,0
DA:2750,0
DA:2751,0
DA:2752,0
DA:2754,0
DA:2756,0
DA:2757,0
DA:2758,0
DA:2768,1
DA:2769,0
DA:2770,0
DA:2772,0
DA:2773,0
DA:2774,0
DA:2775,0
DA:2776,0
DA:2780,0
DA:2782,0
DA:2792,0
DA:2794,0
DA:2795,0
DA:2797,0
DA:2807,0
DA:2809,0
DA:2813,1
DA:2815,0
DA:2816,0
DA:2818,0
DA:2819,0
DA:2820,0
DA:2821,0
DA:2822,0
DA:2824,0
DA:2826,0
DA:2835,0
DA:2836,0
DA:2838,0
DA:2839,0
DA:2840,0
DA:2842,0
DA:2851,0
DA:2854,1
DA:2855,0
DA:2856,0
DA:2857,0
DA:2859,0
DA:2860,0
DA:2865,1
DA:2871,0
DA:2872,0
DA:2874,0
DA:2876,0
DA:2877,0
DA:2879,0
DA:2880,0
DA:2883,0
DA:2884,0
DA:2885,0
DA:2886,0
DA:2888,0
DA:2889,0
DA:2890,0
DA:2895,1
DA:2897,0
DA:2898,0
DA:2899,0
DA:2905,1
DA:2906,0
DA:2912,1
DA:2913,0
DA:2921,1
DA:2922,0
DA:2929,1
DA:2930,0
DA:2932,0
DA:2933,0
DA:2934,0
DA:2935,0
DA:2937,0
DA:2945,1
DA:2946,0
DA:2947,0
DA:2949,0
DA:2950,0
DA:2953,0
DA:2954,0
DA:2955,0
DA:2957,0
DA:2958,0
DA:2959,0
DA:2961,0
DA:2963,0
DA:2966,0
DA:2967,0
DA:2970,0
DA:2972,0
DA:2974,0
DA:2975,0
DA:2983,1
DA:2984,0
DA:2991,1
DA:2992,0
DA:2993,0
DA:2995,0
DA:2996,0
DA:3003,1
DA:3004,0
DA:3011,1
DA:3012,0
DA:3019,1
DA:3020,0
DA:3026,1
DA:3029,0
DA:3030,0
DA:3031,0
DA:3032,0
DA:3034,0
DA:3036,0
DA:3037,0
DA:3039,0
DA:3041,0
DA:3043,0
DA:3054,1
DA:3055,0
DA:3058,0
DA:3059,0
DA:3061,0
DA:3062,0
DA:3066,0
DA:3067,0
DA:3069,0
DA:3070,0
DA:3079,1
DA:3080,0
DA:3089,1
DA:3092,0
DA:3095,0
DA:3096,0
DA:3099,0
DA:3107,1
DA:3109,0
DA:3110,0
DA:3112,0
DA:3121,1
DA:3123,0
DA:3125,0
DA:3128,0
DA:3129,0
DA:3132,0
DA:3133,0
DA:3134,0
DA:3141,1
DA:3143,0
DA:3145,0
DA:3146,0
DA:3147,0
DA:3149,0
DA:3150,0
DA:3151,0
DA:3158,1
DA:3160,0
DA:3161,0
DA:3162,0
DA:3165,0
DA:3192,0
DA:3194,0
DA:3195,0
DA:3203,0
DA:3204,0
DA:3207,0
DA:3209,0
DA:3210,0
DA:3212,0
DA:3214,0
DA:3217,0
DA:3219,0
DA:3225,1
DA:3227,0
DA:3233,0
DA:3234,0
DA:3235,0
DA:3238,0
DA:3250,0
DA:3258,1
DA:3260,0
DA:3261,0
DA:3262,0
DA:3264,0
DA:3266,0
DA:3268,0
DA:3269,0
DA:3270,0
DA:3271,0
DA:3274,0
DA:3277,0
DA:3287,1
DA:3289,0
DA:3290,0
DA:3291,0
DA:3292,0
DA:3295,0
DA:3297,0
DA:3304,1
DA:3305,0
DA:3312,1
DA:3315,0
DA:3316,0
DA:3319,1
DA:3320,1
DA:3327,1
DA:3328,0
DA:3329,0
DA:3330,0
DA:3336,0
DA:3361,0
DA:3363,0
DA:3364,0
DA:3370,0
DA:3371,0
DA:3375,0
DA:3384,1
DA:3385,0
DA:3387,0
DA:3389,0
DA:3390,0
DA:3392,0
DA:3395,0
DA:3399,0
DA:3400,0
DA:3402,0
DA:3403,0
DA:3407,0
DA:3408,0
DA:3411,0
DA:3417,0
DA:3423,0
DA:3424,0
DA:3427,0
DA:3432,0
DA:3433,0
DA:3436,0
DA:3441,0
DA:3446,1
DA:3447,0
DA:3468,1
DA:3469,0
DA:3483,1
DA:3485,0
DA:3488,0
DA:3489,0
DA:3491,0
DA:3494,0
DA:3495,0
DA:3497,0
DA:3499,0
DA:3500,0
DA:3501,0
DA:3503,0
DA:3509,1
DA:3510,0
DA:3513,0
DA:3515,0
DA:3516,0
DA:3519,0
DA:3520,0
DA:3523,0
DA:3524,0
DA:3527,0
DA:3531,0
DA:3532,0
DA:3533,0
DA:3534,0
DA:3537,0
DA:3538,0
DA:3539,0
DA:3540,0
DA:3543,0
DA:3544,0
DA:3545,0
DA:3547,0
DA:3549,0
DA:3552,0
DA:3553,0
DA:3554,0
DA:3556,0
DA:3558,0
DA:3561,0
DA:3562,0
DA:3563,0
DA:3566,0
DA:3567,0
DA:3568,0
DA:3571,0
DA:3572,0
DA:3573,0
DA:3576,0
DA:3577,0
DA:3578,0
DA:3581,0
DA:3582,0
DA:3583,0
DA:3584,0
DA:3587,0
DA:3588,0
DA:3589,0
DA:3590,0
DA:3593,0
DA:3594,0
DA:3595,0
DA:3596,0
DA:3598,0
DA:3602,0
DA:3603,0
DA:3605,0
DA:3607,0
DA:3610,0
DA:3611,0
DA:3612,0
DA:3615,0
DA:3616,0
DA:3617,0
DA:3618,0
DA:3619,0
DA:3621,0
DA:3622,0
DA:3623,0
DA:3624,0
DA:3625,0
DA:3626,0
DA:3627,0
DA:3629,0
DA:3631,0
DA:3634,0
DA:3635,0
DA:3637,0
DA:3640,0
DA:3645,0
DA:3646,0
DA:3647,0
DA:3650,0
DA:3651,0
DA:3654,0
DA:3655,0
DA:3656,0
DA:3659,0
DA:3660,0
DA:3664,0
DA:3666,0
DA:3667,0
DA:3674,0
DA:3675,0
DA:3682,0
DA:3688,1
DA:3689,0
DA:3695,1
DA:3698,0
DA:3700,0
DA:3701,0
DA:3703,0
DA:3705,0
DA:3710,1
DA:3714,0
DA:3730,1
DA:3731,0
DA:3735,0
DA:3736,0
DA:3739,0
DA:3750,0
DA:3751,0
DA:3752,0
DA:3754,0
DA:3755,0
DA:3756,0
DA:3757,0
DA:3760,1
DA:3761,0
DA:3762,0
DA:3763,0
DA:3764,0
DA:3768,0
DA:3769,0
DA:3770,0
DA:3772,0
DA:3773,0
DA:3776,0
DA:3777,0
DA:3780,0
DA:3781,0
DA:3782,0
DA:3783,0
DA:3784,0
DA:3785,0
DA:3787,0
DA:3792,0
DA:3793,0
DA:3795,0
DA:3796,0
DA:3801,0
DA:3802,0
DA:3804,0
DA:3805,0
DA:3806,0
DA:3807,0
DA:3810,1
DA:3811,0
DA:3812,0
DA:3813,0
DA:3815,0
DA:3817,0
DA:3819,0
DA:3820,0
DA:3821,0
DA:3822,0
DA:3824,0
DA:3827,1
DA:3828,0
DA:3831,0
DA:3832,0
DA:3833,0
DA:3837,0
DA:3838,0
DA:3842,0
DA:3843,0
DA:3852,1
DA:3854,0
DA:3855,0
DA:3856,0
DA:3862,1
DA:3864,0
DA:3865,0
DA:3866,0
DA:3867,0
DA:3868,0
DA:3875,1
DA:3877,0
DA:3878,0
DA:3879,0
DA:3889,1
DA:3890,0
DA:3891,0
DA:3894,0
DA:3896,0
DA:3897,0
DA:3899,0
DA:3903,0
DA:3904,0
DA:3906,0
DA:3917,1
DA:3919,0
DA:3921,0
DA:3922,0
DA:3925,0
DA:3927,0
DA:3928,0
DA:3930,0
DA:3934,0
DA:3935,0
DA:3937,0
DA:3948,1
DA:3949,0
DA:3950,0
DA:3954,0
DA:3956,0
DA:3957,0
DA:3958,0
DA:3959,0
DA:3961,0
DA:3962,0
DA:3964,0
DA:3965,0
DA:3970,0
DA:3971,0
DA:3972,0
DA:3973,0
DA:3981,0
DA:3982,0
DA:3991,1
DA:3992,0
DA:3994,0
DA:3995,0
DA:3998,0
DA:4006,1
DA:4007,0
DA:4010,0
DA:4011,0
DA:4012,0
DA:4013,0
DA:4014,0
DA:4015,0
DA:4022,0
DA:4023,0
DA:4024,0
DA:4028,0
DA:4036,1
DA:4037,0
DA:4045,1
DA:4046,0
DA:4050,0
DA:4051,0
DA:4055,0
DA:4062,1
DA:4066,0
DA:4067,0
DA:4074,1
DA:4075,0
DA:4076,0
DA:4087,1
DA:4088,0
DA:4089,0
DA:4092,0
DA:4095,0
DA:4098,0
DA:4099,0
DA:4100,0
DA:4101,0
DA:4102,0
DA:4103,0
DA:4104,0
DA:4105,0
DA:4106,0
DA:4107,0
DA:4109,0
DA:4111,0
DA:4114,0
DA:4120,1
DA:4121,0
DA:4123,0
DA:4124,0
DA:4129,0
DA:4130,0
DA:4133,0
DA:4135,0
DA:4136,0
DA:4137,0
DA:4138,0
DA:4141,0
DA:4144,1
DA:4145,0
DA:4146,0
DA:4147,0
DA:4150,1
DA:4151,0
DA:4152,0
DA:4153,0
DA:4155,0
DA:4156,0
DA:4157,0
DA:4192,0
DA:4209,0
DA:4211,0
DA:4212,0
DA:4213,0
DA:4214,0
DA:4215,0
DA:4216,0
DA:4219,0
DA:4221,0
DA:4222,0
DA:4223,0
DA:4227,0
DA:4228,0
DA:4234,0
DA:4235,0
DA:4236,0
DA:4237,0
DA:4239,0
DA:4240,0
DA:4244,0
DA:4245,0
DA:4247,0
DA:4248,0
DA:4249,0
DA:4252,0
DA:4254,0
DA:4257,1
DA:4258,0
DA:4259,0
DA:4260,0
DA:4262,0
DA:4270,1
DA:4272,0
DA:4274,0
DA:4275,0
DA:4276,0
DA:4282,0
DA:4286,0
DA:4287,0
DA:4288,0
DA:4299,0
DA:4300,0
DA:4301,0
DA:4302,0
DA:4305,0
DA:4306,0
DA:4316,0
DA:4318,0
DA:4323,0
DA:4325,0
DA:4334,1
DA:4339,0
DA:4364,0
DA:4365,0
DA:4366,0
DA:4368,0
DA:4369,0
DA:4372,0
DA:4373,0
DA:4374,0
DA:4382,1
DA:4384,0
DA:4385,0
DA:4387,0
DA:4388,0
DA:4390,0
DA:4391,0
DA:4392,0
DA:4393,0
DA:4399,0
DA:4405,1
DA:4406,0
DA:4407,0
DA:4408,0
DA:4409,0
DA:4410,0
DA:4411,0
DA:4420,1
DA:4421,0
DA:4422,0
DA:4424,0
DA:4432,1
DA:4433,0
DA:4434,0
DA:4435,0
DA:4436,0
DA:4437,0
DA:4440,0
DA:4449,1
DA:4451,0
DA:4452,0
DA:4453,0
DA:4460,1
DA:4461,0
DA:4468,1
DA:4469,0
DA:4479,1
DA:4480,0
DA:4487,1
DA:4488,0
DA:4489,0
DA:4490,0
DA:4492,0
DA:4499,1
DA:4500,0
DA:4501,0
DA:4502,0
DA:4504,0
DA:4512,1
DA:4513,0
DA:4523,1
DA:4525,0
DA:4526,0
DA:4528,0
DA:4530,0
DA:4547,1
DA:4548,0
DA:4549,0
DA:4550,0
DA:4551,0
DA:4555,0
DA:4562,1
DA:4563,0
DA:4565,0
DA:4566,0
DA:4567,0
DA:4568,0
DA:4571,0
DA:4572,0
DA:4578,0
DA:4579,0
DA:4582,0
DA:4597,1
DA:4598,0
DA:4602,0
DA:4603,0
DA:4607,0
DA:4608,0
DA:4609,0
DA:4612,0
DA:4616,0
DA:4617,0
DA:4618,0
DA:4619,0
DA:4623,0
DA:4624,0
DA:4625,0
DA:4626,0
DA:4627,0
DA:4628,0
DA:4632,0
DA:4634,0
DA:4640,0
DA:4641,0
DA:4647,0
DA:4648,0
DA:4650,0
DA:4664,1
DA:4665,0
DA:4667,0
DA:4669,0
DA:4670,0
DA:4672,0
DA:4674,0
DA:4682,0
DA:4683,0
DA:4684,0
DA:4685,0
DA:4686,0
DA:4687,0
DA:4688,0
DA:4690,0
DA:4695,0
DA:4696,0
DA:4699,0
DA:4707,1
DA:4710,0
DA:4711,0
DA:4712,0
DA:4713,0
DA:4714,0
DA:4715,0
DA:4718,0
DA:4720,0
DA:4728,1
DA:4729,0
DA:4730,0
DA:4732,0
DA:4733,0
DA:4734,0
DA:4735,0
DA:4736,0
DA:4737,0
DA:4738,0
DA:4740,0
DA:4743,0
DA:4744,0
DA:4748,0
DA:4749,0
DA:4758,1
DA:4759,0
DA:4760,0
DA:4761,0
DA:4762,0
DA:4763,0
DA:4764,0
DA:4770,1
DA:4771,0
DA:4777,1
DA:4778,0
DA:4781,1
LF:1960
LH:176
BRDA:32,0,0,0
BRDA:32,0,1,0
BRDA:270,1,0,0
BRDA:270,1,1,0
BRDA:271,2,0,0
BRDA:271,2,1,0
BRDA:272,3,0,0
BRDA:272,3,1,0
BRDA:273,4,0,0
BRDA:273,4,1,0
BRDA:274,5,0,0
BRDA:274,5,1,0
BRDA:275,6,0,0
BRDA:275,6,1,0
BRDA:276,7,0,0
BRDA:276,7,1,0
BRDA:277,8,0,0
BRDA:277,8,1,0
BRDA:278,9,0,0
BRDA:278,9,1,0
BRDA:315,10,0,0
BRDA:315,10,1,0
BRDA:316,11,0,0
BRDA:316,11,1,0
BRDA:351,12,0,0
BRDA:351,12,1,0
BRDA:353,13,0,0
BRDA:353,13,1,0
BRDA:356,14,0,0
BRDA:356,14,1,0
BRDA:365,15,0,2
BRDA:365,15,1,0
BRDA:368,16,0,0
BRDA:368,16,1,2
BRDA:373,17,0,0
BRDA:373,17,1,0
BRDA:373,18,0,0
BRDA:373,18,1,0
BRDA:395,19,0,0
BRDA:395,19,1,0
BRDA:397,20,0,0
BRDA:397,20,1,0
BRDA:416,21,0,0
BRDA:416,21,1,0
BRDA:416,22,0,0
BRDA:416,22,1,0
BRDA:423,23,0,0
BRDA:423,23,1,0
BRDA:428,24,0,0
BRDA:428,24,1,0
BRDA:431,25,0,0
BRDA:431,25,1,0
BRDA:436,26,0,0
BRDA:436,26,1,0
BRDA:439,27,0,0
BRDA:439,27,1,0
BRDA:458,28,0,0
BRDA:458,28,1,0
BRDA:460,29,0,0
BRDA:460,29,1,0
BRDA:460,30,0,0
BRDA:460,30,1,0
BRDA:460,30,2,0
BRDA:460,30,3,0
BRDA:471,31,0,0
BRDA:471,31,1,0
BRDA:486,32,0,0
BRDA:486,32,1,0
BRDA:489,33,0,0
BRDA:489,33,1,0
BRDA:499,34,0,0
BRDA:499,34,1,0
BRDA:511,35,0,0
BRDA:511,35,1,0
BRDA:511,36,0,0
BRDA:511,36,1,0
BRDA:514,37,0,0
BRDA:514,37,1,0
BRDA:517,38,0,0
BRDA:517,38,1,0
BRDA:530,39,0,0
BRDA:530,39,1,0
BRDA:539,40,0,0
BRDA:539,40,1,0
BRDA:551,41,0,0
BRDA:551,41,1,0
BRDA:591,42,0,0
BRDA:591,42,1,0
BRDA:595,43,0,0
BRDA:595,43,1,0
BRDA:596,44,0,0
BRDA:596,44,1,0
BRDA:599,45,0,0
BRDA:599,45,1,0
BRDA:603,46,0,0
BRDA:603,46,1,0
BRDA:606,47,0,0
BRDA:606,47,1,0
BRDA:610,48,0,0
BRDA:610,48,1,0
BRDA:616,49,0,0
BRDA:616,49,1,0
BRDA:620,50,0,0
BRDA:620,50,1,0
BRDA:624,51,0,0
BRDA:624,51,1,0
BRDA:651,52,0,0
BRDA:651,52,1,0
BRDA:652,53,0,0
BRDA:652,53,1,0
BRDA:652,53,2,0
BRDA:652,53,3,0
BRDA:652,53,4,0
BRDA:652,53,5,0
BRDA:652,53,6,0
BRDA:652,53,7,0
BRDA:656,54,0,0
BRDA:656,54,1,0
BRDA:663,55,0,0
BRDA:663,55,1,0
BRDA:677,56,0,0
BRDA:677,56,1,0
BRDA:683,57,0,0
BRDA:683,57,1,0
BRDA:706,58,0,0
BRDA:706,58,1,0
BRDA:709,59,0,0
BRDA:709,59,1,0
BRDA:717,60,0,0
BRDA:717,60,1,0
BRDA:719,61,0,0
BRDA:719,61,1,0
BRDA:737,62,0,0
BRDA:737,62,1,0
BRDA:745,63,0,0
BRDA:745,63,1,0
BRDA:745,64,0,0
BRDA:745,64,1,0
BRDA:746,65,0,0
BRDA:746,65,1,0
BRDA:748,66,0,0
BRDA:748,66,1,0
BRDA:779,67,0,0
BRDA:779,67,1,0
BRDA:780,68,0,0
BRDA:780,68,1,0
BRDA:781,69,0,0
BRDA:781,69,1,0
BRDA:782,70,0,0
BRDA:782,70,1,0
BRDA:782,71,0,0
BRDA:782,71,1,0
BRDA:782,71,2,0
BRDA:794,72,0,0
BRDA:794,72,1,0
BRDA:794,73,0,0
BRDA:794,73,1,0
BRDA:800,74,0,0
BRDA:800,74,1,0
BRDA:800,75,0,0
BRDA:800,75,1,0
BRDA:816,76,0,0
BRDA:816,76,1,0
BRDA:823,77,0,0
BRDA:823,77,1,0
BRDA:843,78,0,0
BRDA:843,78,1,0
BRDA:850,79,0,0
BRDA:850,79,1,0
BRDA:884,80,0,0
BRDA:884,80,1,0
BRDA:890,81,0,0
BRDA:890,81,1,0
BRDA:891,82,0,0
BRDA:891,82,1,0
BRDA:901,83,0,0
BRDA:901,83,1,0
BRDA:904,84,0,0
BRDA:904,84,1,0
BRDA:906,85,0,0
BRDA:906,85,1,0
BRDA:909,86,0,0
BRDA:909,86,1,0
BRDA:920,87,0,0
BRDA:920,87,1,0
BRDA:938,88,0,0
BRDA:938,88,1,0
BRDA:939,89,0,0
BRDA:939,89,1,0
BRDA:940,90,0,0
BRDA:940,90,1,0
BRDA:941,91,0,0
BRDA:941,91,1,0
BRDA:941,92,0,0
BRDA:941,92,1,0
BRDA:941,92,2,0
BRDA:943,93,0,0
BRDA:943,93,1,0
BRDA:946,94,0,0
BRDA:946,94,1,0
BRDA:950,95,0,0
BRDA:950,95,1,0
BRDA:958,96,0,0
BRDA:958,96,1,0
BRDA:961,97,0,0
BRDA:961,97,1,0
BRDA:975,98,0,0
BRDA:975,98,1,0
BRDA:986,99,0,0
BRDA:986,99,1,0
BRDA:1008,100,0,0
BRDA:1008,100,1,0
BRDA:1008,101,0,0
BRDA:1008,101,1,0
BRDA:1038,102,0,0
BRDA:1038,102,1,0
BRDA:1049,103,0,0
BRDA:1049,103,1,0
BRDA:1051,104,0,0
BRDA:1051,104,1,0
BRDA:1077,105,0,0
BRDA:1077,105,1,0
BRDA:1177,106,0,0
BRDA:1177,106,1,0
BRDA:1177,106,2,0
BRDA:1179,107,0,0
BRDA:1179,107,1,0
BRDA:1187,108,0,0
BRDA:1187,108,1,0
BRDA:1203,109,0,0
BRDA:1203,109,1,0
BRDA:1210,110,0,0
BRDA:1210,110,1,0
BRDA:1224,111,0,0
BRDA:1224,111,1,0
BRDA:1225,112,0,0
BRDA:1225,112,1,0
BRDA:1252,113,0,0
BRDA:1252,113,1,0
BRDA:1273,114,0,0
BRDA:1273,114,1,0
BRDA:1298,115,0,0
BRDA:1298,115,1,0
BRDA:1313,116,0,0
BRDA:1313,116,1,0
BRDA:1324,117,0,0
BRDA:1324,117,1,0
BRDA:1345,118,0,0
BRDA:1345,118,1,0
BRDA:1358,119,0,0
BRDA:1358,119,1,0
BRDA:1358,120,0,0
BRDA:1358,120,1,0
BRDA:1371,121,0,0
BRDA:1371,121,1,0
BRDA:1383,122,0,0
BRDA:1383,122,1,0
BRDA:1393,123,0,0
BRDA:1393,123,1,0
BRDA:1395,124,0,0
BRDA:1395,124,1,0
BRDA:1399,125,0,0
BRDA:1399,125,1,0
BRDA:1430,126,0,0
BRDA:1430,126,1,0
BRDA:1449,127,0,0
BRDA:1449,127,1,0
BRDA:1452,128,0,0
BRDA:1452,128,1,0
BRDA:1457,129,0,0
BRDA:1457,129,1,0
BRDA:1462,130,0,0
BRDA:1462,130,1,0
BRDA:1467,131,0,0
BRDA:1467,131,1,0
BRDA:1471,132,0,0
BRDA:1471,132,1,0
BRDA:1471,133,0,0
BRDA:1471,133,1,0
BRDA:1472,134,0,0
BRDA:1472,134,1,0
BRDA:1472,135,0,0
BRDA:1472,135,1,0
BRDA:1477,136,0,0
BRDA:1477,136,1,0
BRDA:1480,137,0,0
BRDA:1480,137,1,0
BRDA:1480,138,0,0
BRDA:1480,138,1,0
BRDA:1483,139,0,0
BRDA:1483,139,1,0
BRDA:1506,140,0,0
BRDA:1506,140,1,0
BRDA:1531,141,0,0
BRDA:1531,141,1,0
BRDA:1534,142,0,0
BRDA:1534,142,1,0
BRDA:1536,143,0,0
BRDA:1536,143,1,0
BRDA:1540,144,0,0
BRDA:1540,144,1,0
BRDA:1552,145,0,0
BRDA:1552,145,1,0
BRDA:1559,146,0,0
BRDA:1559,146,1,0
BRDA:1560,147,0,0
BRDA:1560,147,1,0
BRDA:1561,148,0,0
BRDA:1561,148,1,0
BRDA:1566,149,0,0
BRDA:1566,149,1,0
BRDA:1580,150,0,0
BRDA:1580,150,1,0
BRDA:1589,151,0,0
BRDA:1589,151,1,0
BRDA:1599,152,0,0
BRDA:1599,152,1,0
BRDA:1599,153,0,0
BRDA:1599,153,1,0
BRDA:1618,154,0,0
BRDA:1618,154,1,0
BRDA:1622,155,0,0
BRDA:1622,155,1,0
BRDA:1627,156,0,0
BRDA:1627,156,1,0
BRDA:1629,157,0,0
BRDA:1629,157,1,0
BRDA:1629,158,0,0
BRDA:1629,158,1,0
BRDA:1636,159,0,0
BRDA:1636,159,1,0
BRDA:1644,160,0,0
BRDA:1644,160,1,0
BRDA:1648,161,0,0
BRDA:1648,161,1,0
BRDA:1660,162,0,0
BRDA:1660,162,1,0
BRDA:1660,163,0,0
BRDA:1660,163,1,0
BRDA:1675,164,0,0
BRDA:1675,164,1,0
BRDA:1689,165,0,0
BRDA:1689,165,1,0
BRDA:1700,166,0,0
BRDA:1700,166,1,0
BRDA:1713,167,0,0
BRDA:1713,167,1,0
BRDA:1724,168,0,0
BRDA:1724,168,1,0
BRDA:1814,169,0,0
BRDA:1814,169,1,0
BRDA:1818,170,0,0
BRDA:1818,170,1,0
BRDA:1850,171,0,0
BRDA:1850,171,1,0
BRDA:1853,172,0,0
BRDA:1853,172,1,0
BRDA:1874,173,0,0
BRDA:1874,173,1,0
BRDA:1884,174,0,0
BRDA:1884,174,1,0
BRDA:1904,175,0,0
BRDA:1904,175,1,0
BRDA:1983,176,0,0
BRDA:1983,176,1,0
BRDA:2066,177,0,0
BRDA:2066,177,1,0
BRDA:2085,178,0,0
BRDA:2085,178,1,0
BRDA:2137,179,0,0
BRDA:2137,179,1,0
BRDA:2138,180,0,0
BRDA:2138,180,1,0
BRDA:2172,181,0,0
BRDA:2172,181,1,0
BRDA:2218,182,0,0
BRDA:2218,182,1,0
BRDA:2218,183,0,0
BRDA:2218,183,1,0
BRDA:2220,184,0,0
BRDA:2220,184,1,0
BRDA:2222,185,0,0
BRDA:2222,185,1,0
BRDA:2225,186,0,0
BRDA:2225,186,1,0
BRDA:2227,187,0,0
BRDA:2227,187,1,0
BRDA:2239,188,0,0
BRDA:2239,188,1,0
BRDA:2239,189,0,0
BRDA:2239,189,1,0
BRDA:2241,190,0,0
BRDA:2241,190,1,0
BRDA:2256,191,0,0
BRDA:2256,191,1,0
BRDA:2256,192,0,0
BRDA:2256,192,1,0
BRDA:2266,193,0,0
BRDA:2266,193,1,0
BRDA:2277,194,0,0
BRDA:2277,194,1,0
BRDA:2288,195,0,0
BRDA:2288,195,1,0
BRDA:2299,196,0,0
BRDA:2299,196,1,0
BRDA:2307,197,0,0
BRDA:2307,197,1,0
BRDA:2311,198,0,0
BRDA:2311,198,1,0
BRDA:2318,199,0,0
BRDA:2318,199,1,0
BRDA:2322,200,0,0
BRDA:2322,200,1,0
BRDA:2340,201,0,0
BRDA:2340,201,1,0
BRDA:2341,202,0,0
BRDA:2341,202,1,0
BRDA:2341,203,0,0
BRDA:2341,203,1,0
BRDA:2360,204,0,0
BRDA:2360,204,1,0
BRDA:2361,205,0,0
BRDA:2361,205,1,0
BRDA:2361,206,0,0
BRDA:2361,206,1,0
BRDA:2380,207,0,0
BRDA:2380,207,1,0
BRDA:2392,208,0,0
BRDA:2392,208,1,0
BRDA:2396,209,0,0
BRDA:2396,209,1,0
BRDA:2398,210,0,0
BRDA:2398,210,1,0
BRDA:2403,211,0,0
BRDA:2403,211,1,0
BRDA:2411,212,0,0
BRDA:2411,212,1,0
BRDA:2411,213,0,0
BRDA:2411,213,1,0
BRDA:2417,214,0,0
BRDA:2417,214,1,0
BRDA:2507,215,0,0
BRDA:2507,215,1,0
BRDA:2557,216,0,0
BRDA:2557,216,1,0
BRDA:2562,217,0,0
BRDA:2562,217,1,0
BRDA:2577,218,0,0
BRDA:2577,218,1,0
BRDA:2579,219,0,0
BRDA:2579,219,1,0
BRDA:2584,220,0,0
BRDA:2584,220,1,0
BRDA:2587,221,0,0
BRDA:2587,221,1,0
BRDA:2596,222,0,0
BRDA:2596,222,1,0
BRDA:2648,223,0,0
BRDA:2648,223,1,0
BRDA:2688,224,0,0
BRDA:2688,224,1,0
BRDA:2693,225,0,0
BRDA:2693,225,1,0
BRDA:2705,226,0,0
BRDA:2705,226,1,0
BRDA:2707,227,0,0
BRDA:2707,227,1,0
BRDA:2713,228,0,0
BRDA:2713,228,1,0
BRDA:2724,229,0,0
BRDA:2724,229,1,0
BRDA:2729,230,0,0
BRDA:2729,230,1,0
BRDA:2743,231,0,0
BRDA:2743,231,1,0
BRDA:2745,232,0,0
BRDA:2745,232,1,0
BRDA:2749,233,0,0
BRDA:2749,233,1,0
BRDA:2752,234,0,0
BRDA:2752,234,1,0
BRDA:2752,235,0,0
BRDA:2752,235,1,0
BRDA:2856,236,0,0
BRDA:2856,236,1,0
BRDA:2856,237,0,0
BRDA:2856,237,1,0
BRDA:2859,238,0,0
BRDA:2859,238,1,0
BRDA:2859,239,0,0
BRDA:2859,239,1,0
BRDA:2885,240,0,0
BRDA:2885,240,1,0
BRDA:2889,241,0,0
BRDA:2889,241,1,0
BRDA:2946,242,0,0
BRDA:2946,242,1,0
BRDA:2949,243,0,0
BRDA:2949,243,1,0
BRDA:2961,244,0,0
BRDA:2961,244,1,0
BRDA:2970,245,0,0
BRDA:2970,245,1,0
BRDA:3036,246,0,0
BRDA:3036,246,1,0
BRDA:3058,247,0,0
BRDA:3058,247,1,0
BRDA:3066,248,0,0
BRDA:3066,248,1,0
BRDA:3095,249,0,0
BRDA:3095,249,1,0
BRDA:3109,250,0,0
BRDA:3109,250,1,0
BRDA:3109,251,0,0
BRDA:3109,251,1,0
BRDA:3123,252,0,0
BRDA:3123,252,1,0
BRDA:3143,253,0,0
BRDA:3143,253,1,0
BRDA:3161,254,0,0
BRDA:3161,254,1,0
BRDA:3209,255,0,0
BRDA:3209,255,1,0
BRDA:3234,256,0,0
BRDA:3234,256,1,0
BRDA:3264,257,0,0
BRDA:3264,257,1,0
BRDA:3270,258,0,0
BRDA:3270,258,1,0
BRDA:3270,259,0,0
BRDA:3270,259,1,0
BRDA:3289,260,0,0
BRDA:3289,260,1,0
BRDA:3291,261,0,0
BRDA:3291,261,1,0
BRDA:3315,262,0,0
BRDA:3315,262,1,0
BRDA:3329,263,0,0
BRDA:3329,263,1,0
BRDA:3363,264,0,0
BRDA:3363,264,1,0
BRDA:3363,265,0,0
BRDA:3363,265,1,0
BRDA:3368,266,0,0
BRDA:3368,266,1,0
BRDA:3370,267,0,0
BRDA:3370,267,1,0
BRDA:3371,268,0,0
BRDA:3371,268,1,0
BRDA:3399,269,0,0
BRDA:3399,269,1,0
BRDA:3402,270,0,0
BRDA:3402,270,1,0
BRDA:3407,271,0,0
BRDA:3407,271,1,0
BRDA:3407,272,0,0
BRDA:3407,272,1,0
BRDA:3488,273,0,0
BRDA:3488,273,1,0
BRDA:3494,274,0,0
BRDA:3494,274,1,0
BRDA:3544,275,0,0
BRDA:3544,275,1,0
BRDA:3553,276,0,0
BRDA:3553,276,1,0
BRDA:3594,277,0,0
BRDA:3594,277,1,0
BRDA:3610,278,0,0
BRDA:3610,278,1,0
BRDA:3611,279,0,0
BRDA:3611,279,1,0
BRDA:3621,280,0,0
BRDA:3621,280,1,0
BRDA:3631,281,0,0
BRDA:3631,281,1,0
BRDA:3631,282,0,0
BRDA:3631,282,1,0
BRDA:3631,282,2,0
BRDA:3635,283,0,0
BRDA:3635,283,1,0
BRDA:3635,284,0,0
BRDA:3635,284,1,0
BRDA:3635,284,2,0
BRDA:3646,285,0,0
BRDA:3646,285,1,0
BRDA:3650,286,0,0
BRDA:3650,286,1,0
BRDA:3655,287,0,0
BRDA:3655,287,1,0
BRDA:3659,288,0,0
BRDA:3659,288,1,0
BRDA:3698,289,0,0
BRDA:3698,289,1,0
BRDA:3701,290,0,0
BRDA:3701,290,1,0
BRDA:3701,291,0,0
BRDA:3701,291,1,0
BRDA:3735,292,0,0
BRDA:3735,292,1,0
BRDA:3763,293,0,0
BRDA:3763,293,1,0
BRDA:3780,294,0,0
BRDA:3780,294,1,0
BRDA:3780,295,0,0
BRDA:3780,295,1,0
BRDA:3780,295,2,0
BRDA:3783,296,0,0
BRDA:3783,296,1,0
BRDA:3784,297,0,0
BRDA:3784,297,1,0
BRDA:3792,298,0,0
BRDA:3792,298,1,0
BRDA:3792,299,0,0
BRDA:3792,299,1,0
BRDA:3793,300,0,0
BRDA:3793,300,1,0
BRDA:3817,301,0,0
BRDA:3817,301,1,0
BRDA:3817,302,0,0
BRDA:3817,302,1,0
BRDA:3832,303,0,0
BRDA:3832,303,1,0
BRDA:3837,304,0,0
BRDA:3837,304,1,0
BRDA:3842,305,0,0
BRDA:3842,305,1,0
BRDA:3864,306,0,0
BRDA:3864,306,1,0
BRDA:3877,307,0,0
BRDA:3877,307,1,0
BRDA:3890,308,0,0
BRDA:3890,308,1,0
BRDA:3894,309,0,0
BRDA:3894,309,1,0
BRDA:3896,310,0,0
BRDA:3896,310,1,0
BRDA:3903,311,0,0
BRDA:3903,311,1,0
BRDA:3921,312,0,0
BRDA:3921,312,1,0
BRDA:3925,313,0,0
BRDA:3925,313,1,0
BRDA:3927,314,0,0
BRDA:3927,314,1,0
BRDA:3934,315,0,0
BRDA:3934,315,1,0
BRDA:3949,316,0,0
BRDA:3949,316,1,0
BRDA:3956,317,0,0
BRDA:3956,317,1,0
BRDA:3958,318,0,0
BRDA:3958,318,1,0
BRDA:3961,319,0,0
BRDA:3961,319,1,0
BRDA:3964,320,0,0
BRDA:3964,320,1,0
BRDA:3970,321,0,0
BRDA:3970,321,1,0
BRDA:3970,322,0,0
BRDA:3970,322,1,0
BRDA:3971,323,0,0
BRDA:3971,323,1,0
BRDA:3981,324,0,0
BRDA:3981,324,1,0
BRDA:3981,325,0,0
BRDA:3981,325,1,0
BRDA:3994,326,0,0
BRDA:3994,326,1,0
BRDA:4010,327,0,0
BRDA:4010,327,1,0
BRDA:4023,328,0,0
BRDA:4023,328,1,0
BRDA:4046,329,0,0
BRDA:4046,329,1,0
BRDA:4046,330,0,0
BRDA:4046,330,1,0
BRDA:4050,331,0,0
BRDA:4050,331,1,0
BRDA:4088,332,0,0
BRDA:4088,332,1,0
BRDA:4088,333,0,0
BRDA:4088,333,1,0
BRDA:4092,334,0,0
BRDA:4092,334,1,0
BRDA:4098,335,0,0
BRDA:4098,335,1,0
BRDA:4100,336,0,0
BRDA:4100,336,1,0
BRDA:4102,337,0,0
BRDA:4102,337,1,0
BRDA:4104,338,0,0
BRDA:4104,338,1,0
BRDA:4106,339,0,0
BRDA:4106,339,1,0
BRDA:4121,340,0,0
BRDA:4121,340,1,0
BRDA:4135,341,0,0
BRDA:4135,341,1,0
BRDA:4156,342,0,0
BRDA:4156,342,1,0
BRDA:4215,343,0,0
BRDA:4215,343,1,0
BRDA:4219,344,0,0
BRDA:4219,344,1,0
BRDA:4259,345,0,0
BRDA:4259,345,1,0
BRDA:4275,346,0,0
BRDA:4275,346,1,0
BRDA:4287,347,0,0
BRDA:4287,347,1,0
BRDA:4299,348,0,0
BRDA:4299,348,1,0
BRDA:4301,349,0,0
BRDA:4301,349,1,0
BRDA:4305,350,0,0
BRDA:4305,350,1,0
BRDA:4305,351,0,0
BRDA:4305,351,1,0
BRDA:4364,352,0,0
BRDA:4364,352,1,0
BRDA:4373,353,0,0
BRDA:4373,353,1,0
BRDA:4384,354,0,0
BRDA:4384,354,1,0
BRDA:4385,355,0,0
BRDA:4385,355,1,0
BRDA:4387,356,0,0
BRDA:4387,356,1,0
BRDA:4387,357,0,0
BRDA:4387,357,1,0
BRDA:4388,358,0,0
BRDA:4388,358,1,0
BRDA:4388,359,0,0
BRDA:4388,359,1,0
BRDA:4407,360,0,0
BRDA:4407,360,1,0
BRDA:4407,361,0,0
BRDA:4407,361,1,0
BRDA:4421,362,0,0
BRDA:4421,362,1,0
BRDA:4421,363,0,0
BRDA:4421,363,1,0
BRDA:4433,364,0,0
BRDA:4433,364,1,0
BRDA:4436,365,0,0
BRDA:4436,365,1,0
BRDA:4436,366,0,0
BRDA:4436,366,1,0
BRDA:4451,367,0,0
BRDA:4451,367,1,0
BRDA:4489,368,0,0
BRDA:4489,368,1,0
BRDA:4490,369,0,0
BRDA:4490,369,1,0
BRDA:4501,370,0,0
BRDA:4501,370,1,0
BRDA:4525,371,0,0
BRDA:4525,371,1,0
BRDA:4526,372,0,0
BRDA:4526,372,1,0
BRDA:4528,373,0,0
BRDA:4528,373,1,0
BRDA:4550,374,0,0
BRDA:4550,374,1,0
BRDA:4567,375,0,0
BRDA:4567,375,1,0
BRDA:4567,376,0,0
BRDA:4567,376,1,0
BRDA:4578,377,0,0
BRDA:4578,377,1,0
BRDA:4602,378,0,0
BRDA:4602,378,1,0
BRDA:4608,379,0,0
BRDA:4608,379,1,0
BRDA:4623,380,0,0
BRDA:4623,380,1,0
BRDA:4625,381,0,0
BRDA:4625,381,1,0
BRDA:4627,382,0,0
BRDA:4627,382,1,0
BRDA:4632,383,0,0
BRDA:4632,383,1,0
BRDA:4640,384,0,0
BRDA:4640,384,1,0
BRDA:4647,385,0,0
BRDA:4647,385,1,0
BRDA:4669,386,0,0
BRDA:4669,386,1,0
BRDA:4672,387,0,0
BRDA:4672,387,1,0
BRDA:4682,388,0,0
BRDA:4682,388,1,0
BRDA:4683,389,0,0
BRDA:4683,389,1,0
BRDA:4685,390,0,0
BRDA:4685,390,1,0
BRDA:4687,391,0,0
BRDA:4687,391,1,0
BRDA:4695,392,0,0
BRDA:4695,392,1,0
BRDA:4712,393,0,0
BRDA:4712,393,1,0
BRDA:4714,394,0,0
BRDA:4714,394,1,0
BRDA:4729,395,0,0
BRDA:4729,395,1,0
BRDA:4729,396,0,0
BRDA:4729,396,1,0
BRDA:4736,397,0,0
BRDA:4736,397,1,0
BRDA:4737,398,0,0
BRDA:4737,398,1,0
BRDA:4738,399,0,0
BRDA:4738,399,1,0
BRDA:4740,400,0,0
BRDA:4740,400,1,0
BRDA:4760,401,0,0
BRDA:4760,401,1,0
BRDA:4760,402,0,0
BRDA:4760,402,1,0
BRDA:4760,402,2,0
BRDA:4762,403,0,0
BRDA:4762,403,1,0
BRF:823
BRH:2
end_of_record
